#
# There is insufficient memory for the Java Runtime Environment to continue.
# Native memory allocation (malloc) failed to allocate 32744 bytes for ChunkPool::allocate
# Possible reasons:
#   The system is out of physical RAM or swap space
#   In 32 bit mode, the process size limit was hit
# Possible solutions:
#   Reduce memory load on the system
#   Increase physical memory or swap space
#   Check if swap backing store is full
#   Use 64 bit Java on a 64 bit OS
#   Decrease Java heap size (-Xmx/-Xms)
#   Decrease number of Java threads
#   Decrease Java thread stack sizes (-Xss)
#   Set larger code cache with -XX:ReservedCodeCacheSize=
# This output file may be truncated or incomplete.
#
#  Out of Memory Error (allocation.cpp:273), pid=1796, tid=0x00000000000042d4
#
# JRE version: Java(TM) SE Runtime Environment (8.0_181-b13) (build 1.8.0_181-b13)
# Java VM: Java HotSpot(TM) 64-Bit Server VM (25.181-b13 mixed mode windows-amd64 compressed oops)
# Failed to write core dump. Minidumps are not enabled by default on client versions of Windows
#

---------------  T H R E A D  ---------------

Current thread (0x0000000018263800):  JavaThread "C2 CompilerThread2" daemon [_thread_in_native, id=17108, stack(0x0000000018ae0000,0x0000000018be0000)]

Stack: [0x0000000018ae0000,0x0000000018be0000]
[error occurred during error reporting (printing stack bounds), id 0xc0000005]

Native frames: (J=compiled Java code, j=interpreted, Vv=VM code, C=native code)


Current CompileTask:
C2: 110597 4376       4       org.objectweb.asm.Frame::execute (2318 bytes)


---------------  P R O C E S S  ---------------

Java Threads: ( => current thread )
  0x000000001bf01000 JavaThread "Cache worker for Build Output Cleanup Cache (D:\code\spring-framework\.gradle\buildOutputCleanup)" [_thread_blocked, id=15636, stack(0x00000000228b0000,0x00000000229b0000)]
  0x000000001bf03000 JavaThread "Build operations Thread 8" [_thread_blocked, id=2736, stack(0x00000000227b0000,0x00000000228b0000)]
  0x000000001bf02800 JavaThread "Build operations Thread 7" [_thread_blocked, id=2024, stack(0x00000000226b0000,0x00000000227b0000)]
  0x000000001a5b8800 JavaThread "Build operations Thread 6" [_thread_blocked, id=13784, stack(0x00000000225b0000,0x00000000226b0000)]
  0x000000001a5bc800 JavaThread "Build operations Thread 5" [_thread_blocked, id=18176, stack(0x00000000224b0000,0x00000000225b0000)]
  0x000000001a5bb800 JavaThread "Build operations Thread 4" [_thread_blocked, id=4260, stack(0x00000000223b0000,0x00000000224b0000)]
  0x000000001a5bb000 JavaThread "Build operations Thread 3" [_thread_blocked, id=7204, stack(0x00000000222b0000,0x00000000223b0000)]
  0x000000001a5ba000 JavaThread "Build operations Thread 2" [_thread_blocked, id=3840, stack(0x00000000221b0000,0x00000000222b0000)]
  0x000000001a5bf800 JavaThread "Build operations" [_thread_blocked, id=15204, stack(0x00000000220b0000,0x00000000221b0000)]
  0x000000001a5bd000 JavaThread "Cache worker for file content cache (D:\software\gradle-5.3.1\caches\5.3.1\fileContent)" [_thread_blocked, id=18072, stack(0x0000000020490000,0x0000000020590000)]
  0x000000001a5be800 JavaThread "Memory manager" [_thread_blocked, id=13028, stack(0x0000000020390000,0x0000000020490000)]
  0x000000001a5be000 JavaThread "Cache worker for execution history cache (D:\software\gradle-5.3.1\caches\5.3.1\executionHistory)" [_thread_blocked, id=6076, stack(0x000000001fb90000,0x000000001fc90000)]
  0x0000000019404800 JavaThread "Cache worker for cache directory md-rule (D:\software\gradle-5.3.1\caches\5.3.1\md-rule)" [_thread_blocked, id=13036, stack(0x000000001fa90000,0x000000001fb90000)]
  0x0000000019401800 JavaThread "Cache worker for cache directory md-supplier (D:\software\gradle-5.3.1\caches\5.3.1\md-supplier)" [_thread_blocked, id=15628, stack(0x000000001df50000,0x000000001e050000)]
  0x0000000019400000 JavaThread "Cache worker for file hash cache (D:\code\spring-framework\.gradle\5.3.1\fileHashes)" [_thread_blocked, id=18028, stack(0x000000001dc50000,0x000000001dd50000)]
  0x00000000193fe000 JavaThread "Cache worker for journal cache (D:\software\gradle-5.3.1\caches\journal-1)" [_thread_blocked, id=16204, stack(0x000000001bbb0000,0x000000001bcb0000)]
  0x0000000019402800 JavaThread "File lock release action executor" [_thread_blocked, id=936, stack(0x000000001bab0000,0x000000001bbb0000)]
  0x00000000193fe800 JavaThread "File lock request listener" [_thread_in_native, id=13516, stack(0x000000001b9b0000,0x000000001bab0000)]
  0x0000000019401000 JavaThread "Cache worker for file hash cache (D:\software\gradle-5.3.1\caches\5.3.1\fileHashes)" [_thread_blocked, id=8028, stack(0x000000001b6b0000,0x000000001b7b0000)]
  0x00000000194fd800 JavaThread "Thread-9" [_thread_blocked, id=15452, stack(0x000000001b4b0000,0x000000001b5b0000)]
  0x0000000019454800 JavaThread "Asynchronous log dispatcher for DefaultDaemonConnection: socket connection from /127.0.0.1:61901 to /127.0.0.1:61903" [_thread_blocked, id=12920, stack(0x000000001b2b0000,0x000000001b3b0000)]
  0x00000000192f4000 JavaThread "Daemon worker" [_thread_in_Java, id=16312, stack(0x000000001b1b0000,0x000000001b2b0000)]
  0x0000000018379000 JavaThread "Cancel handler" [_thread_blocked, id=3668, stack(0x000000001b0b0000,0x000000001b1b0000)]
  0x0000000019395000 JavaThread "Handler for socket connection from /127.0.0.1:61901 to /127.0.0.1:61903" [_thread_in_native, id=13944, stack(0x000000001adb0000,0x000000001aeb0000)]
  0x0000000019392800 JavaThread "Daemon" [_thread_blocked, id=12904, stack(0x000000001acb0000,0x000000001adb0000)]
  0x0000000019300000 JavaThread "Daemon periodic checks" [_thread_blocked, id=14780, stack(0x000000001abb0000,0x000000001acb0000)]
  0x00000000196bb000 JavaThread "Incoming local TCP Connector on port 61901" [_thread_in_native, id=10976, stack(0x000000001aa10000,0x000000001ab10000)]
  0x0000000019f1b800 JavaThread "Daemon health stats" [_thread_blocked, id=3908, stack(0x000000001a6f0000,0x000000001a7f0000)]
  0x0000000018277800 JavaThread "Service Thread" daemon [_thread_blocked, id=18152, stack(0x0000000018ce0000,0x0000000018de0000)]
  0x0000000018267000 JavaThread "C1 CompilerThread3" daemon [_thread_blocked, id=4064, stack(0x0000000018be0000,0x0000000018ce0000)]
=>0x0000000018263800 JavaThread "C2 CompilerThread2" daemon [_thread_in_native, id=17108, stack(0x0000000018ae0000,0x0000000018be0000)]
  0x0000000018262800 JavaThread "C2 CompilerThread1" daemon [_thread_in_native, id=18140, stack(0x00000000189e0000,0x0000000018ae0000)]
  0x000000001820d000 JavaThread "C2 CompilerThread0" daemon [_thread_in_native, id=14144, stack(0x00000000188e0000,0x00000000189e0000)]
  0x000000001820b000 JavaThread "Attach Listener" daemon [_thread_blocked, id=6836, stack(0x00000000187e0000,0x00000000188e0000)]
  0x00000000181b7000 JavaThread "Signal Dispatcher" daemon [_thread_blocked, id=2148, stack(0x00000000186e0000,0x00000000187e0000)]
  0x00000000181a0800 JavaThread "Finalizer" daemon [_thread_blocked, id=16748, stack(0x0000000018580000,0x0000000018680000)]
  0x0000000004a15000 JavaThread "Reference Handler" daemon [_thread_blocked, id=15316, stack(0x0000000018080000,0x0000000018180000)]
  0x000000000427e800 JavaThread "main" [_thread_blocked, id=100, stack(0x0000000004820000,0x0000000004920000)]

Other Threads:
  0x000000001628a000 VMThread [stack: 0x0000000017f80000,0x0000000018080000] [id=3560]
  0x0000000018272800 WatcherThread [stack: 0x0000000018de0000,0x0000000018ee0000] [id=1120]

VM state:not at safepoint (normal execution)

VM Mutex/Monitor currently owned by a thread: None

Heap:
 PSYoungGen      total 161280K, used 41024K [0x00000000f5580000, 0x0000000100000000, 0x0000000100000000)
  eden space 147968K, 20% used [0x00000000f5580000,0x00000000f7322348,0x00000000fe600000)
  from space 13312K, 80% used [0x00000000ff300000,0x00000000ffd6df38,0x0000000100000000)
  to   space 13312K, 0% used [0x00000000fe600000,0x00000000fe600000,0x00000000ff300000)
 ParOldGen       total 175104K, used 17741K [0x00000000e0000000, 0x00000000eab00000, 0x00000000f5580000)
  object space 175104K, 10% used [0x00000000e0000000,0x00000000e11537c0,0x00000000eab00000)
 Metaspace       used 41098K, capacity 42244K, committed 42368K, reserved 1085440K
  class space    used 5942K, capacity 6257K, committed 6272K, reserved 1048576K

Card table byte_map: [0x0000000013de0000,0x0000000013ef0000] byte_map_base: 0x00000000136e0000

Marking Bits: (ParMarkBitMap*) 0x00000000647f2d00
 Begin Bits: [0x00000000147a0000, 0x0000000014fa0000)
 End Bits:   [0x0000000014fa0000, 0x00000000157a0000)

Polling page: 0x0000000004260000

CodeCache: size=245760Kb used=13199Kb max_used=13199Kb free=232560Kb
 bounds [0x0000000004a20000, 0x0000000005720000, 0x0000000013a20000]
 total_blobs=4592 nmethods=3865 adapters=638
 compilation: enabled

Compilation events (10 events):
Event: 110.558 Thread 0x0000000018267000 4421   !   3       java.beans.Introspector::getTargetPropertyInfo (582 bytes)
Event: 110.562 Thread 0x0000000018267000 nmethod 4421 0x0000000005476010 code [0x0000000005476520, 0x000000000547a0b8]
Event: 110.562 Thread 0x0000000018267000 4423       3       org.gradle.internal.reflect.PropertyExtractor::access$300 (7 bytes)
Event: 110.563 Thread 0x0000000018267000 nmethod 4423 0x0000000005475110 code [0x00000000054752e0, 0x0000000005475a68]
Event: 110.563 Thread 0x0000000018267000 4424       3       org.gradle.internal.reflect.PropertyExtractor::filterOverridingAnnotations (15 bytes)
Event: 110.563 Thread 0x0000000018267000 nmethod 4424 0x00000000054743d0 code [0x00000000054745a0, 0x0000000005474cc8]
Event: 110.563 Thread 0x0000000018267000 4425       3       org.gradle.internal.reflect.PropertyExtractor$2::<init> (20 bytes)
Event: 110.563 Thread 0x0000000018267000 nmethod 4425 0x0000000005324c90 code [0x0000000005324de0, 0x0000000005324fd0]
Event: 110.563 Thread 0x0000000018267000 4422       3       java.beans.Introspector::isAssignable (27 bytes)
Event: 110.563 Thread 0x0000000018267000 nmethod 4422 0x0000000005324790 code [0x0000000005324900, 0x0000000005324be8]

GC Heap History (10 events):
Event: 50.903 GC heap before
{Heap before GC invocations=4 (full 1):
 PSYoungGen      total 76288K, used 10370K [0x00000000f5580000, 0x00000000fea80000, 0x0000000100000000)
  eden space 65536K, 0% used [0x00000000f5580000,0x00000000f5580000,0x00000000f9580000)
  from space 10752K, 96% used [0x00000000f9580000,0x00000000f9fa0988,0x00000000fa000000)
  to   space 10752K, 0% used [0x00000000fe000000,0x00000000fe000000,0x00000000fea80000)
 ParOldGen       total 175104K, used 32K [0x00000000e0000000, 0x00000000eab00000, 0x00000000f5580000)
  object space 175104K, 0% used [0x00000000e0000000,0x00000000e0008000,0x00000000eab00000)
 Metaspace       used 20553K, capacity 21086K, committed 21248K, reserved 1067008K
  class space    used 3040K, capacity 3224K, committed 3328K, reserved 1048576K
Event: 50.947 GC heap after
Heap after GC invocations=4 (full 1):
 PSYoungGen      total 76288K, used 0K [0x00000000f5580000, 0x00000000fea80000, 0x0000000100000000)
  eden space 65536K, 0% used [0x00000000f5580000,0x00000000f5580000,0x00000000f9580000)
  from space 10752K, 0% used [0x00000000f9580000,0x00000000f9580000,0x00000000fa000000)
  to   space 10752K, 0% used [0x00000000fe000000,0x00000000fe000000,0x00000000fea80000)
 ParOldGen       total 175104K, used 10045K [0x00000000e0000000, 0x00000000eab00000, 0x00000000f5580000)
  object space 175104K, 5% used [0x00000000e0000000,0x00000000e09cf5f8,0x00000000eab00000)
 Metaspace       used 20553K, capacity 21086K, committed 21248K, reserved 1067008K
  class space    used 3040K, capacity 3224K, committed 3328K, reserved 1048576K
}
Event: 52.432 GC heap before
{Heap before GC invocations=5 (full 1):
 PSYoungGen      total 76288K, used 65536K [0x00000000f5580000, 0x00000000fea80000, 0x0000000100000000)
  eden space 65536K, 100% used [0x00000000f5580000,0x00000000f9580000,0x00000000f9580000)
  from space 10752K, 0% used [0x00000000f9580000,0x00000000f9580000,0x00000000fa000000)
  to   space 10752K, 0% used [0x00000000fe000000,0x00000000fe000000,0x00000000fea80000)
 ParOldGen       total 175104K, used 10045K [0x00000000e0000000, 0x00000000eab00000, 0x00000000f5580000)
  object space 175104K, 5% used [0x00000000e0000000,0x00000000e09cf5f8,0x00000000eab00000)
 Metaspace       used 28357K, capacity 28890K, committed 28928K, reserved 1075200K
  class space    used 3959K, capacity 4096K, committed 4096K, reserved 1048576K
Event: 52.488 GC heap after
Heap after GC invocations=5 (full 1):
 PSYoungGen      total 136192K, used 7871K [0x00000000f5580000, 0x00000000fe800000, 0x0000000100000000)
  eden space 128000K, 0% used [0x00000000f5580000,0x00000000f5580000,0x00000000fd280000)
  from space 8192K, 96% used [0x00000000fe000000,0x00000000fe7afe60,0x00000000fe800000)
  to   space 10752K, 0% used [0x00000000fd300000,0x00000000fd300000,0x00000000fdd80000)
 ParOldGen       total 175104K, used 10053K [0x00000000e0000000, 0x00000000eab00000, 0x00000000f5580000)
  object space 175104K, 5% used [0x00000000e0000000,0x00000000e09d15f8,0x00000000eab00000)
 Metaspace       used 28357K, capacity 28890K, committed 28928K, reserved 1075200K
  class space    used 3959K, capacity 4096K, committed 4096K, reserved 1048576K
}
Event: 92.725 GC heap before
{Heap before GC invocations=6 (full 1):
 PSYoungGen      total 136192K, used 113752K [0x00000000f5580000, 0x00000000fe800000, 0x0000000100000000)
  eden space 128000K, 82% used [0x00000000f5580000,0x00000000fbce6500,0x00000000fd280000)
  from space 8192K, 96% used [0x00000000fe000000,0x00000000fe7afe60,0x00000000fe800000)
  to   space 10752K, 0% used [0x00000000fd300000,0x00000000fd300000,0x00000000fdd80000)
 ParOldGen       total 175104K, used 10053K [0x00000000e0000000, 0x00000000eab00000, 0x00000000f5580000)
  object space 175104K, 5% used [0x00000000e0000000,0x00000000e09d15f8,0x00000000eab00000)
 Metaspace       used 34670K, capacity 35374K, committed 35416K, reserved 1079296K
  class space    used 4888K, capacity 5085K, committed 5120K, reserved 1048576K
Event: 92.735 GC heap after
Heap after GC invocations=6 (full 1):
 PSYoungGen      total 139264K, used 10744K [0x00000000f5580000, 0x0000000100000000, 0x0000000100000000)
  eden space 128512K, 0% used [0x00000000f5580000,0x00000000f5580000,0x00000000fd300000)
  from space 10752K, 99% used [0x00000000fd300000,0x00000000fdd7e190,0x00000000fdd80000)
  to   space 13312K, 0% used [0x00000000ff300000,0x00000000ff300000,0x0000000100000000)
 ParOldGen       total 175104K, used 10826K [0x00000000e0000000, 0x00000000eab00000, 0x00000000f5580000)
  object space 175104K, 6% used [0x00000000e0000000,0x00000000e0a92820,0x00000000eab00000)
 Metaspace       used 34670K, capacity 35374K, committed 35416K, reserved 1079296K
  class space    used 4888K, capacity 5085K, committed 5120K, reserved 1048576K
}
Event: 92.735 GC heap before
{Heap before GC invocations=7 (full 2):
 PSYoungGen      total 139264K, used 10744K [0x00000000f5580000, 0x0000000100000000, 0x0000000100000000)
  eden space 128512K, 0% used [0x00000000f5580000,0x00000000f5580000,0x00000000fd300000)
  from space 10752K, 99% used [0x00000000fd300000,0x00000000fdd7e190,0x00000000fdd80000)
  to   space 13312K, 0% used [0x00000000ff300000,0x00000000ff300000,0x0000000100000000)
 ParOldGen       total 175104K, used 10826K [0x00000000e0000000, 0x00000000eab00000, 0x00000000f5580000)
  object space 175104K, 6% used [0x00000000e0000000,0x00000000e0a92820,0x00000000eab00000)
 Metaspace       used 34670K, capacity 35374K, committed 35416K, reserved 1079296K
  class space    used 4888K, capacity 5085K, committed 5120K, reserved 1048576K
Event: 92.773 GC heap after
Heap after GC invocations=7 (full 2):
 PSYoungGen      total 139264K, used 0K [0x00000000f5580000, 0x0000000100000000, 0x0000000100000000)
  eden space 128512K, 0% used [0x00000000f5580000,0x00000000f5580000,0x00000000fd300000)
  from space 10752K, 0% used [0x00000000fd300000,0x00000000fd300000,0x00000000fdd80000)
  to   space 13312K, 0% used [0x00000000ff300000,0x00000000ff300000,0x0000000100000000)
 ParOldGen       total 175104K, used 17733K [0x00000000e0000000, 0x00000000eab00000, 0x00000000f5580000)
  object space 175104K, 10% used [0x00000000e0000000,0x00000000e11517c0,0x00000000eab00000)
 Metaspace       used 34670K, capacity 35374K, committed 35416K, reserved 1079296K
  class space    used 4888K, capacity 5085K, committed 5120K, reserved 1048576K
}
Event: 109.357 GC heap before
{Heap before GC invocations=8 (full 2):
 PSYoungGen      total 139264K, used 128512K [0x00000000f5580000, 0x0000000100000000, 0x0000000100000000)
  eden space 128512K, 100% used [0x00000000f5580000,0x00000000fd300000,0x00000000fd300000)
  from space 10752K, 0% used [0x00000000fd300000,0x00000000fd300000,0x00000000fdd80000)
  to   space 13312K, 0% used [0x00000000ff300000,0x00000000ff300000,0x0000000100000000)
 ParOldGen       total 175104K, used 17733K [0x00000000e0000000, 0x00000000eab00000, 0x00000000f5580000)
  object space 175104K, 10% used [0x00000000e0000000,0x00000000e11517c0,0x00000000eab00000)
 Metaspace       used 40716K, capacity 41806K, committed 41856K, reserved 1085440K
  class space    used 5887K, capacity 6240K, committed 6272K, reserved 1048576K
Event: 109.392 GC heap after
Heap after GC invocations=8 (full 2):
 PSYoungGen      total 161280K, used 10679K [0x00000000f5580000, 0x0000000100000000, 0x0000000100000000)
  eden space 147968K, 0% used [0x00000000f5580000,0x00000000f5580000,0x00000000fe600000)
  from space 13312K, 80% used [0x00000000ff300000,0x00000000ffd6df38,0x0000000100000000)
  to   space 13312K, 0% used [0x00000000fe600000,0x00000000fe600000,0x00000000ff300000)
 ParOldGen       total 175104K, used 17741K [0x00000000e0000000, 0x00000000eab00000, 0x00000000f5580000)
  object space 175104K, 10% used [0x00000000e0000000,0x00000000e11537c0,0x00000000eab00000)
 Metaspace       used 40716K, capacity 41806K, committed 41856K, reserved 1085440K
  class space    used 5887K, capacity 6240K, committed 6272K, reserved 1048576K
}

Deoptimization events (10 events):
Event: 97.585 Thread 0x00000000192f4000 Uncommon trap: reason=unstable_if action=reinterpret pc=0x0000000004fef7c8 method=java.util.concurrent.locks.AbstractQueuedSynchronizer.isOnSyncQueue(Ljava/util/concurrent/locks/AbstractQueuedSynchronizer$Node;)Z @ 22
Event: 98.972 Thread 0x000000001a5bb000 Uncommon trap: reason=unstable_if action=reinterpret pc=0x0000000004ed90dc method=java.util.concurrent.ConcurrentHashMap.addCount(JI)V @ 34
Event: 109.410 Thread 0x00000000192f4000 Uncommon trap: reason=unstable_if action=reinterpret pc=0x0000000005296928 method=org.objectweb.asm.ByteVector.putUTF8(Ljava/lang/String;)Lorg/objectweb/asm/ByteVector; @ 93
Event: 109.520 Thread 0x00000000192f4000 Uncommon trap: reason=unstable_if action=reinterpret pc=0x0000000004dda4d4 method=java.lang.Character.isUpperCase(I)Z @ 5
Event: 109.624 Thread 0x00000000192f4000 Uncommon trap: reason=unstable_if action=reinterpret pc=0x0000000005645824 method=groovy.lang.MetaClassImpl.checkIfStdMethod(Lgroovy/lang/MetaMethod;)V @ 55
Event: 109.624 Thread 0x00000000192f4000 Uncommon trap: reason=unstable_if action=reinterpret pc=0x0000000005642c38 method=groovy.lang.MetaClassImpl.checkIfStdMethod(Lgroovy/lang/MetaMethod;)V @ 55
Event: 109.760 Thread 0x00000000192f4000 Uncommon trap: reason=unstable_if action=reinterpret pc=0x000000000563b6d0 method=org.codehaus.groovy.runtime.metaclass.MetaMethodIndex.addMethodToList(Ljava/lang/Object;Lgroovy/lang/MetaMethod;)Ljava/lang/Object; @ 256
Event: 110.519 Thread 0x00000000192f4000 Uncommon trap: reason=bimorphic action=maybe_recompile pc=0x000000000531e114 method=org.codehaus.groovy.runtime.metaclass.MetaMethodIndex.addMethodToList(Ljava/lang/Object;Lgroovy/lang/MetaMethod;)Ljava/lang/Object; @ 102
Event: 110.519 Thread 0x00000000192f4000 Uncommon trap: reason=bimorphic action=maybe_recompile pc=0x000000000531e114 method=org.codehaus.groovy.runtime.metaclass.MetaMethodIndex.addMethodToList(Ljava/lang/Object;Lgroovy/lang/MetaMethod;)Ljava/lang/Object; @ 102
Event: 110.519 Thread 0x00000000192f4000 Uncommon trap: reason=unstable_if action=reinterpret pc=0x00000000056b8c14 method=groovy.lang.MetaClassImpl$1MOPIter.methodNameAction(Ljava/lang/Class;Lorg/codehaus/groovy/runtime/metaclass/MetaMethodIndex$Entry;)V @ 182

Classes redefined (0 events):
No events

Internal exceptions (10 events):
Event: 110.536 Thread 0x00000000192f4000 Exception <a 'java/lang/ClassNotFoundException': java/util/concurrent/locks/ReentrantLockBeanInfo> (0x00000000f6eaa3e0) thrown at [C:\re\workspace\8-2-build-windows-amd64-cygwin\jdk8u181\11358\hotspot\src\share\vm\classfile\systemDictionary.cpp, line 210]
Event: 110.537 Thread 0x00000000192f4000 Exception <a 'java/lang/ClassNotFoundException': java/util/concurrent/locks/ReentrantLockCustomizer> (0x00000000f6eb2b20) thrown at [C:\re\workspace\8-2-build-windows-amd64-cygwin\jdk8u181\11358\hotspot\src\share\vm\classfile\systemDictionary.cpp, line 21
Event: 110.541 Thread 0x00000000192f4000 Exception <a 'java/lang/ClassNotFoundException': org/asciidoctor/gradle/AsciidoctorTask_DecoratedBeanInfo> (0x00000000f6f7f0d0) thrown at [C:\re\workspace\8-2-build-windows-amd64-cygwin\jdk8u181\11358\hotspot\src\share\vm\classfile\systemDictionary.cpp, l
Event: 110.541 Thread 0x00000000192f4000 Exception <a 'java/lang/ClassNotFoundException': org/asciidoctor/gradle/AsciidoctorTaskBeanInfo> (0x00000000f6f8e078) thrown at [C:\re\workspace\8-2-build-windows-amd64-cygwin\jdk8u181\11358\hotspot\src\share\vm\classfile\systemDictionary.cpp, line 210]
Event: 110.542 Thread 0x00000000192f4000 Exception <a 'java/lang/ClassNotFoundException': org/gradle/api/DefaultTaskBeanInfo> (0x00000000f6fb2738) thrown at [C:\re\workspace\8-2-build-windows-amd64-cygwin\jdk8u181\11358\hotspot\src\share\vm\classfile\systemDictionary.cpp, line 210]
Event: 110.543 Thread 0x00000000192f4000 Exception <a 'java/lang/ClassNotFoundException': org/gradle/api/internal/AbstractTaskBeanInfo> (0x00000000f6fdd340) thrown at [C:\re\workspace\8-2-build-windows-amd64-cygwin\jdk8u181\11358\hotspot\src\share\vm\classfile\systemDictionary.cpp, line 210]
Event: 110.544 Thread 0x00000000192f4000 Exception <a 'java/lang/ClassNotFoundException': org/gradle/api/internal/AbstractTaskCustomizer> (0x00000000f7008898) thrown at [C:\re\workspace\8-2-build-windows-amd64-cygwin\jdk8u181\11358\hotspot\src\share\vm\classfile\systemDictionary.cpp, line 210]
Event: 110.546 Thread 0x00000000192f4000 Exception <a 'java/lang/ClassNotFoundException': org/gradle/api/DefaultTaskCustomizer> (0x00000000f708ded0) thrown at [C:\re\workspace\8-2-build-windows-amd64-cygwin\jdk8u181\11358\hotspot\src\share\vm\classfile\systemDictionary.cpp, line 210]
Event: 110.546 Thread 0x00000000192f4000 Exception <a 'java/lang/ClassNotFoundException': org/asciidoctor/gradle/AsciidoctorTaskCustomizer> (0x00000000f70a9700) thrown at [C:\re\workspace\8-2-build-windows-amd64-cygwin\jdk8u181\11358\hotspot\src\share\vm\classfile\systemDictionary.cpp, line 210]
Event: 110.548 Thread 0x00000000192f4000 Exception <a 'java/lang/ClassNotFoundException': org/asciidoctor/gradle/AsciidoctorTask_DecoratedCustomizer> (0x00000000f710c7e8) thrown at [C:\re\workspace\8-2-build-windows-amd64-cygwin\jdk8u181\11358\hotspot\src\share\vm\classfile\systemDictionary.cpp,

Events (10 events):
Event: 110.546 loading class org/asciidoctor/gradle/AsciidoctorTaskCustomizer
Event: 110.546 loading class org/asciidoctor/gradle/AsciidoctorTaskCustomizer done
Event: 110.546 loading class org/asciidoctor/gradle/AsciidoctorTaskCustomizer
Event: 110.546 loading class org/asciidoctor/gradle/AsciidoctorTaskCustomizer done
Event: 110.548 loading class org/asciidoctor/gradle/AsciidoctorTask_DecoratedCustomizer
Event: 110.548 loading class org/asciidoctor/gradle/AsciidoctorTask_DecoratedCustomizer done
Event: 110.548 loading class org/asciidoctor/gradle/AsciidoctorTask_DecoratedCustomizer
Event: 110.548 loading class org/asciidoctor/gradle/AsciidoctorTask_DecoratedCustomizer done
Event: 110.552 loading class org/gradle/api/tasks/InputFile
Event: 110.552 loading class org/gradle/api/tasks/InputFile done


Dynamic libraries:
0x00007ff7df390000 - 0x00007ff7df3c7000 	C:\Program Files\Java\jdk1.8.0_181\bin\java.exe
0x00007ff97fff0000 - 0x00007ff9801d0000 	C:\Windows\SYSTEM32\ntdll.dll
0x00007ff97ef50000 - 0x00007ff97effe000 	C:\Windows\System32\KERNEL32.DLL
0x00007ff97cf90000 - 0x00007ff97d1f6000 	C:\Windows\System32\KERNELBASE.dll
0x00007ff97eea0000 - 0x00007ff97ef41000 	C:\Windows\System32\ADVAPI32.dll
0x00007ff97d690000 - 0x00007ff97d72d000 	C:\Windows\System32\msvcrt.dll
0x00007ff97ed10000 - 0x00007ff97ed6b000 	C:\Windows\System32\sechost.dll
0x00007ff97fe10000 - 0x00007ff97ff2f000 	C:\Windows\System32\RPCRT4.dll
0x00007ff97eb70000 - 0x00007ff97ecff000 	C:\Windows\System32\USER32.dll
0x00007ff97c440000 - 0x00007ff97c460000 	C:\Windows\System32\win32u.dll
0x00007ff97fde0000 - 0x00007ff97fe08000 	C:\Windows\System32\GDI32.dll
0x00007ff97d280000 - 0x00007ff97d413000 	C:\Windows\System32\gdi32full.dll
0x00007ff97d420000 - 0x00007ff97d4bb000 	C:\Windows\System32\msvcp_win.dll
0x00007ff97c740000 - 0x00007ff97c836000 	C:\Windows\System32\ucrtbase.dll
0x00007ff96aef0000 - 0x00007ff96b159000 	C:\Windows\WinSxS\amd64_microsoft.windows.common-controls_6595b64144ccf1df_6.0.16299.125_none_15cbcf8893620c09\COMCTL32.dll
0x00007ff97fad0000 - 0x00007ff97fdd8000 	C:\Windows\System32\combase.dll
0x00007ff97d200000 - 0x00007ff97d272000 	C:\Windows\System32\bcryptPrimitives.dll
0x00007ff97d4c0000 - 0x00007ff97d4ed000 	C:\Windows\System32\IMM32.DLL
0x0000000064880000 - 0x0000000064952000 	C:\Program Files\Java\jdk1.8.0_181\jre\bin\msvcr100.dll
0x0000000063fd0000 - 0x0000000064872000 	C:\Program Files\Java\jdk1.8.0_181\jre\bin\server\jvm.dll
0x00007ff97f8e0000 - 0x00007ff97f8e8000 	C:\Windows\System32\PSAPI.DLL
0x00007ff967870000 - 0x00007ff967879000 	C:\Windows\SYSTEM32\WSOCK32.dll
0x00007ff97f8f0000 - 0x00007ff97f95c000 	C:\Windows\System32\WS2_32.dll
0x00007ff97a5e0000 - 0x00007ff97a603000 	C:\Windows\SYSTEM32\WINMM.dll
0x00007ff97a2b0000 - 0x00007ff97a2da000 	C:\Windows\SYSTEM32\WINMMBASE.dll
0x00007ff97c3f0000 - 0x00007ff97c43a000 	C:\Windows\System32\cfgmgr32.dll
0x00007ff977fd0000 - 0x00007ff977fda000 	C:\Windows\SYSTEM32\VERSION.dll
0x0000000063fc0000 - 0x0000000063fcf000 	C:\Program Files\Java\jdk1.8.0_181\jre\bin\verify.dll
0x0000000063f90000 - 0x0000000063fb9000 	C:\Program Files\Java\jdk1.8.0_181\jre\bin\java.dll
0x0000000063f70000 - 0x0000000063f86000 	C:\Program Files\Java\jdk1.8.0_181\jre\bin\zip.dll
0x00007ff97d730000 - 0x00007ff97eb66000 	C:\Windows\System32\SHELL32.dll
0x00007ff97ed70000 - 0x00007ff97ee16000 	C:\Windows\System32\shcore.dll
0x00007ff97c840000 - 0x00007ff97cf87000 	C:\Windows\System32\windows.storage.dll
0x00007ff97ff60000 - 0x00007ff97ffb1000 	C:\Windows\System32\shlwapi.dll
0x00007ff97c3d0000 - 0x00007ff97c3e1000 	C:\Windows\System32\kernel.appcore.dll
0x00007ff97c380000 - 0x00007ff97c3cc000 	C:\Windows\System32\powrprof.dll
0x00007ff97c360000 - 0x00007ff97c37b000 	C:\Windows\System32\profapi.dll
0x0000000063f50000 - 0x0000000063f6a000 	C:\Program Files\Java\jdk1.8.0_181\jre\bin\net.dll
0x00007ff97bb20000 - 0x00007ff97bb86000 	C:\Windows\system32\mswsock.dll
0x0000000063f30000 - 0x0000000063f41000 	C:\Program Files\Java\jdk1.8.0_181\jre\bin\nio.dll
0x00007ff979050000 - 0x00007ff979076000 	D:\software\gradle-5.3.1\native\29\windows-amd64\native-platform.dll
0x0000000063d40000 - 0x0000000063d4d000 	C:\Program Files\Java\jdk1.8.0_181\jre\bin\management.dll
0x00007ff97bd40000 - 0x00007ff97bd57000 	C:\Windows\SYSTEM32\CRYPTSP.dll
0x00007ff97b730000 - 0x00007ff97b763000 	C:\Windows\system32\rsaenh.dll
0x00007ff97be50000 - 0x00007ff97be75000 	C:\Windows\SYSTEM32\bcrypt.dll
0x00007ff97c240000 - 0x00007ff97c269000 	C:\Windows\SYSTEM32\USERENV.dll
0x00007ff97bd60000 - 0x00007ff97bd6b000 	C:\Windows\SYSTEM32\CRYPTBASE.dll
0x00007ff97b8b0000 - 0x00007ff97b8e9000 	C:\Windows\SYSTEM32\IPHLPAPI.DLL
0x00007ff97ed00000 - 0x00007ff97ed08000 	C:\Windows\System32\NSI.dll
0x00007ff977370000 - 0x00007ff977386000 	C:\Windows\SYSTEM32\dhcpcsvc6.DLL
0x00007ff977340000 - 0x00007ff97735a000 	C:\Windows\SYSTEM32\dhcpcsvc.DLL

VM Arguments:
jvm_args: -XX:MaxMetaspaceSize=256m -XX:+HeapDumpOnOutOfMemoryError -Xms256m -Xmx512m -Dfile.encoding=GBK -Duser.country=CN -Duser.language=zh -Duser.variant 
java_command: org.gradle.launcher.daemon.bootstrap.GradleDaemon 5.3.1
java_class_path (initial): D:\software\gradle-5.3.1\lib\gradle-launcher-5.3.1.jar
Launcher Type: SUN_STANDARD

Environment Variables:
JAVA_HOME=C:\Program Files\Java\jdk1.8.0_181
CLASSPATH=.;C:\Program Files\Java\jdk1.8.0_181\lib\dt.jar;C:\Program Files\Java\jdk1.8.0_181\lib\tools.jar;C:\Program Files\apache-tomcat-8.5.34\lib\servlet-api.jar;
PATH=C:\Program Files (x86)\Common Files\NetSarang;C:\Program Files\Java\jdk1.8.0_181\bin;C:\Program Files (x86)\Common Files\Oracle\Java\javapath;C:\Windows\system32;C:\Windows;C:\Windows\System32\Wbem;C:\Windows\System32\WindowsPowerShell\v1.0\;C:\Program Files (x86)\NVIDIA Corporation\PhysX\Common;C:\Program Files\nodejs\;D:\software\apache-maven-3.6.0\bin;C:\Program Files\Java\jdk1.8.0_181\jre\bin;C:\Program Files\VisualSVN Server\bin;C:\Program Files\TortoiseSVN\bin;D:\software\gradle-5.3.1\bin;C:\Users\Administrator\AppData\Local\Microsoft\WindowsApps;;C:\Program Files\Microsoft VS Code\bin;C:\Users\Administrator\AppData\Roaming\npm
USERNAME=Administrator
OS=Windows_NT
PROCESSOR_IDENTIFIER=Intel64 Family 6 Model 158 Stepping 9, GenuineIntel



---------------  S Y S T E M  ---------------

OS: Windows 10.0 , 64 bit Build 16299 (10.0.16299.15)

CPU:total 8 (initial active 8) (4 cores per cpu, 2 threads per core) family 6 model 158 stepping 9, cmov, cx8, fxsr, mmx, sse, sse2, sse3, ssse3, sse4.1, sse4.2, popcnt, avx, avx2, aes, clmul, erms, rtm, 3dnowpref, lzcnt, ht, tsc, tscinvbit, bmi1, bmi2, adx

Memory: 4k page, physical 16662280k(430060k free), swap 27148164k(60k free)

vm_info: Java HotSpot(TM) 64-Bit Server VM (25.181-b13) for windows-amd64 JRE (1.8.0_181-b13), built on Jul  7 2018 04:01:33 by "java_re" with MS VC++ 10.0 (VS2010)

time: Sat Apr 13 14:10:09 2019
elapsed time: 110 seconds (0d 0h 1m 50s)

