#
# There is insufficient memory for the Java Runtime Environment to continue.
# Native memory allocation (malloc) failed to allocate 722256 bytes for Chunk::new
# Possible reasons:
#   The system is out of physical RAM or swap space
#   In 32 bit mode, the process size limit was hit
# Possible solutions:
#   Reduce memory load on the system
#   Increase physical memory or swap space
#   Check if swap backing store is full
#   Use 64 bit Java on a 64 bit OS
#   Decrease Java heap size (-Xmx/-Xms)
#   Decrease number of Java threads
#   Decrease Java thread stack sizes (-Xss)
#   Set larger code cache with -XX:ReservedCodeCacheSize=
# This output file may be truncated or incomplete.
#
#  Out of Memory Error (allocation.cpp:390), pid=18056, tid=0x0000000000004580
#
# JRE version: Java(TM) SE Runtime Environment (8.0_181-b13) (build 1.8.0_181-b13)
# Java VM: Java HotSpot(TM) 64-Bit Server VM (25.181-b13 mixed mode windows-amd64 compressed oops)
# Failed to write core dump. Minidumps are not enabled by default on client versions of Windows
#

---------------  T H R E A D  ---------------

Current thread (0x0000000016f0b000):  JavaThread "C2 CompilerThread0" daemon [_thread_in_native, id=17792, stack(0x00000000194d0000,0x00000000195d0000)]

Stack: [0x00000000194d0000,0x00000000195d0000]
[error occurred during error reporting (printing stack bounds), id 0xc0000005]

Native frames: (J=compiled Java code, j=interpreted, Vv=VM code, C=native code)


Current CompileTask:
C2:  89381 4317       4       org.codehaus.groovy.runtime.metaclass.MetaMethodIndex::copyNonPrivateNonNewMetaMethods (171 bytes)


---------------  P R O C E S S  ---------------

Java Threads: ( => current thread )
  0x000000001f5b1000 JavaThread "Cache worker for Build Output Cleanup Cache (D:\code\spring-framework\.gradle\buildOutputCleanup)" [_thread_blocked, id=6076, stack(0x00000000245c0000,0x00000000246c0000)]
  0x000000001f5b6800 JavaThread "Build operations Thread 8" [_thread_blocked, id=10324, stack(0x00000000244c0000,0x00000000245c0000)]
  0x000000001f5b2800 JavaThread "Build operations Thread 7" [_thread_blocked, id=16952, stack(0x00000000243c0000,0x00000000244c0000)]
  0x000000001f5a9800 JavaThread "Build operations Thread 6" [_thread_blocked, id=2960, stack(0x00000000242c0000,0x00000000243c0000)]
  0x000000001f5b0800 JavaThread "Build operations Thread 5" [_thread_blocked, id=13412, stack(0x00000000241c0000,0x00000000242c0000)]
  0x000000001f5ac800 JavaThread "Build operations Thread 4" [_thread_blocked, id=12104, stack(0x00000000240c0000,0x00000000241c0000)]
  0x000000001f5aa800 JavaThread "Build operations Thread 3" [_thread_blocked, id=16172, stack(0x0000000023fc0000,0x00000000240c0000)]
  0x000000001f5ab000 JavaThread "Build operations Thread 2" [_thread_blocked, id=10636, stack(0x0000000023ec0000,0x0000000023fc0000)]
  0x000000001f5a9000 JavaThread "Build operations" [_thread_blocked, id=10640, stack(0x0000000023dc0000,0x0000000023ec0000)]
  0x000000001f5af800 JavaThread "Cache worker for file content cache (D:\software\gradle-5.3.1\caches\5.3.1\fileContent)" [_thread_blocked, id=19156, stack(0x0000000022120000,0x0000000022220000)]
  0x000000001f5af000 JavaThread "Memory manager" [_thread_blocked, id=2712, stack(0x0000000022020000,0x0000000022120000)]
  0x000000001f5a8000 JavaThread "Cache worker for execution history cache (D:\software\gradle-5.3.1\caches\5.3.1\executionHistory)" [_thread_blocked, id=12712, stack(0x0000000021820000,0x0000000021920000)]
  0x000000001f5a7800 JavaThread "Cache worker for cache directory md-rule (D:\software\gradle-5.3.1\caches\5.3.1\md-rule)" [_thread_blocked, id=15012, stack(0x0000000021720000,0x0000000021820000)]
  0x000000001f5ae000 JavaThread "Cache worker for cache directory md-supplier (D:\software\gradle-5.3.1\caches\5.3.1\md-supplier)" [_thread_blocked, id=17140, stack(0x0000000021620000,0x0000000021720000)]
  0x000000001ad91800 JavaThread "Cache worker for file hash cache (D:\code\spring-framework\.gradle\5.3.1\fileHashes)" [_thread_blocked, id=17136, stack(0x000000001fab0000,0x000000001fbb0000)]
  0x000000001ad8e000 JavaThread "File lock release action executor" [_thread_blocked, id=5008, stack(0x000000001c740000,0x000000001c840000)]
  0x000000001ad8d000 JavaThread "Cache worker for journal cache (D:\software\gradle-5.3.1\caches\journal-1)" [_thread_blocked, id=4316, stack(0x000000001c640000,0x000000001c740000)]
  0x000000001ad93000 JavaThread "File lock request listener" [_thread_in_native, id=10964, stack(0x000000001c540000,0x000000001c640000)]
  0x000000001ad91000 JavaThread "Cache worker for file hash cache (D:\software\gradle-5.3.1\caches\5.3.1\fileHashes)" [_thread_blocked, id=19040, stack(0x000000001c240000,0x000000001c340000)]
  0x000000001ac71000 JavaThread "Thread-9" [_thread_blocked, id=18232, stack(0x000000001c140000,0x000000001c240000)]
  0x000000001acab000 JavaThread "Asynchronous log dispatcher for DefaultDaemonConnection: socket connection from /127.0.0.1:64936 to /127.0.0.1:64941" [_thread_blocked, id=12864, stack(0x000000001be40000,0x000000001bf40000)]
  0x000000001ac8a000 JavaThread "Daemon worker" [_thread_in_Java, id=14056, stack(0x000000001bd40000,0x000000001be40000)]
  0x000000001acad000 JavaThread "Cancel handler" [_thread_blocked, id=19232, stack(0x000000001bc40000,0x000000001bd40000)]
  0x000000001abe0800 JavaThread "Handler for socket connection from /127.0.0.1:64936 to /127.0.0.1:64941" [_thread_in_native, id=18488, stack(0x000000001b940000,0x000000001ba40000)]
  0x000000001abdb800 JavaThread "Daemon" [_thread_blocked, id=7788, stack(0x000000001b840000,0x000000001b940000)]
  0x000000001abfb000 JavaThread "Daemon periodic checks" [_thread_blocked, id=196, stack(0x000000001b740000,0x000000001b840000)]
  0x000000001abca000 JavaThread "Incoming local TCP Connector on port 64936" [_thread_in_native, id=17268, stack(0x000000001b5a0000,0x000000001b6a0000)]
  0x000000001ab22800 JavaThread "Daemon health stats" [_thread_blocked, id=18540, stack(0x000000001b2a0000,0x000000001b3a0000)]
  0x0000000018ec1800 JavaThread "Service Thread" daemon [_thread_blocked, id=14780, stack(0x00000000198d0000,0x00000000199d0000)]
  0x0000000018eb3800 JavaThread "C1 CompilerThread3" daemon [_thread_in_vm, id=16700, stack(0x00000000197d0000,0x00000000198d0000)]
  0x0000000018eb0000 JavaThread "C2 CompilerThread2" daemon [_thread_in_native, id=13332, stack(0x00000000196d0000,0x00000000197d0000)]
  0x0000000016f0e000 JavaThread "C2 CompilerThread1" daemon [_thread_in_native, id=10336, stack(0x00000000195d0000,0x00000000196d0000)]
=>0x0000000016f0b000 JavaThread "C2 CompilerThread0" daemon [_thread_in_native, id=17792, stack(0x00000000194d0000,0x00000000195d0000)]
  0x0000000018e0d000 JavaThread "Attach Listener" daemon [_thread_blocked, id=13644, stack(0x00000000193d0000,0x00000000194d0000)]
  0x0000000018df6800 JavaThread "Signal Dispatcher" daemon [_thread_blocked, id=18400, stack(0x00000000192d0000,0x00000000193d0000)]
  0x000000000568e800 JavaThread "Finalizer" daemon [_thread_blocked, id=5396, stack(0x00000000191d0000,0x00000000192d0000)]
  0x0000000005685000 JavaThread "Reference Handler" daemon [_thread_blocked, id=3624, stack(0x0000000018cd0000,0x0000000018dd0000)]
  0x000000000558e800 JavaThread "main" [_thread_blocked, id=15236, stack(0x0000000005400000,0x0000000005500000)]

Other Threads:
  0x0000000016efa000 VMThread [stack: 0x0000000018bd0000,0x0000000018cd0000] [id=6552]
  0x0000000018ebf800 WatcherThread [stack: 0x00000000199d0000,0x0000000019ad0000] [id=12244]

VM state:not at safepoint (normal execution)

VM Mutex/Monitor currently owned by a thread: None

Heap:
 PSYoungGen      total 162304K, used 152290K [0x00000000f5580000, 0x0000000100000000, 0x0000000100000000)
  eden space 153088K, 99% used [0x00000000f5580000,0x00000000fea38ba8,0x00000000feb00000)
  from space 9216K, 0% used [0x00000000feb00000,0x00000000feb00000,0x00000000ff400000)
  to   space 12288K, 0% used [0x00000000ff400000,0x00000000ff400000,0x0000000100000000)
 ParOldGen       total 175104K, used 15395K [0x00000000e0000000, 0x00000000eab00000, 0x00000000f5580000)
  object space 175104K, 8% used [0x00000000e0000000,0x00000000e0f08e68,0x00000000eab00000)
 Metaspace       used 41008K, capacity 42196K, committed 42368K, reserved 1085440K
  class space    used 5926K, capacity 6248K, committed 6272K, reserved 1048576K

Card table byte_map: [0x0000000014a50000,0x0000000014b60000] byte_map_base: 0x0000000014350000

Marking Bits: (ParMarkBitMap*) 0x00000000647f2d00
 Begin Bits: [0x0000000015410000, 0x0000000015c10000)
 End Bits:   [0x0000000015c10000, 0x0000000016410000)

Polling page: 0x0000000000fe0000

CodeCache: size=245760Kb used=13329Kb max_used=13329Kb free=232430Kb
 bounds [0x0000000005690000, 0x00000000063b0000, 0x0000000014690000]
 total_blobs=4597 nmethods=3870 adapters=638
 compilation: enabled

Compilation events (10 events):
Event: 89.359 Thread 0x0000000018eb3800 nmethod 4332 0x0000000006390c90 code [0x0000000006390e20, 0x0000000006391328]
Event: 89.359 Thread 0x0000000018eb3800 4333   !   3       org.codehaus.groovy.reflection.ClassInfo::getMetaClass (33 bytes)
Event: 89.360 Thread 0x0000000018eb3800 nmethod 4333 0x000000000639b310 code [0x000000000639b5a0, 0x000000000639c8a8]
Event: 89.360 Thread 0x0000000018eb3800 4334       3       org.codehaus.groovy.reflection.ClassInfo::getMetaClassForClass (27 bytes)
Event: 89.360 Thread 0x0000000018eb3800 nmethod 4334 0x000000000638fe90 code [0x0000000006390060, 0x00000000063909a8]
Event: 89.363 Thread 0x0000000018eb3800 4335       3       org.codehaus.groovy.reflection.ParameterTypes::correctArguments (79 bytes)
Event: 89.364 Thread 0x0000000018eb3800 nmethod 4335 0x000000000639d150 code [0x000000000639d340, 0x000000000639dc68]
Event: 89.364 Thread 0x0000000018eb3800 4336       3       org.codehaus.groovy.reflection.v7.GroovyClassValueJava7::computeValue (11 bytes)
Event: 89.364 Thread 0x0000000018eb3800 nmethod 4336 0x000000000639df50 code [0x000000000639e120, 0x000000000639e7e8]
Event: 89.364 Thread 0x0000000018eb3800 4337       3       org.codehaus.groovy.reflection.ClassInfo$1::computeValue (6 bytes)

GC Heap History (10 events):
Event: 37.215 GC heap before
{Heap before GC invocations=3 (full 0):
 PSYoungGen      total 141824K, used 65377K [0x00000000f5580000, 0x00000000fea80000, 0x0000000100000000)
  eden space 131072K, 41% used [0x00000000f5580000,0x00000000f8aea308,0x00000000fd580000)
  from space 10752K, 99% used [0x00000000fe000000,0x00000000fea6e418,0x00000000fea80000)
  to   space 10752K, 0% used [0x00000000fd580000,0x00000000fd580000,0x00000000fe000000)
 ParOldGen       total 175104K, used 16K [0x00000000e0000000, 0x00000000eab00000, 0x00000000f5580000)
  object space 175104K, 0% used [0x00000000e0000000,0x00000000e0004000,0x00000000eab00000)
 Metaspace       used 20544K, capacity 21086K, committed 21248K, reserved 1067008K
  class space    used 3038K, capacity 3224K, committed 3328K, reserved 1048576K
Event: 37.223 GC heap after
Heap after GC invocations=3 (full 0):
 PSYoungGen      total 141824K, used 10315K [0x00000000f5580000, 0x0000000100000000, 0x0000000100000000)
  eden space 131072K, 0% used [0x00000000f5580000,0x00000000f5580000,0x00000000fd580000)
  from space 10752K, 95% used [0x00000000fd580000,0x00000000fdf92ce0,0x00000000fe000000)
  to   space 10752K, 0% used [0x00000000ff580000,0x00000000ff580000,0x0000000100000000)
 ParOldGen       total 175104K, used 24K [0x00000000e0000000, 0x00000000eab00000, 0x00000000f5580000)
  object space 175104K, 0% used [0x00000000e0000000,0x00000000e0006000,0x00000000eab00000)
 Metaspace       used 20544K, capacity 21086K, committed 21248K, reserved 1067008K
  class space    used 3038K, capacity 3224K, committed 3328K, reserved 1048576K
}
Event: 37.223 GC heap before
{Heap before GC invocations=4 (full 1):
 PSYoungGen      total 141824K, used 10315K [0x00000000f5580000, 0x0000000100000000, 0x0000000100000000)
  eden space 131072K, 0% used [0x00000000f5580000,0x00000000f5580000,0x00000000fd580000)
  from space 10752K, 95% used [0x00000000fd580000,0x00000000fdf92ce0,0x00000000fe000000)
  to   space 10752K, 0% used [0x00000000ff580000,0x00000000ff580000,0x0000000100000000)
 ParOldGen       total 175104K, used 24K [0x00000000e0000000, 0x00000000eab00000, 0x00000000f5580000)
  object space 175104K, 0% used [0x00000000e0000000,0x00000000e0006000,0x00000000eab00000)
 Metaspace       used 20544K, capacity 21086K, committed 21248K, reserved 1067008K
  class space    used 3038K, capacity 3224K, committed 3328K, reserved 1048576K
Event: 37.252 GC heap after
Heap after GC invocations=4 (full 1):
 PSYoungGen      total 141824K, used 0K [0x00000000f5580000, 0x0000000100000000, 0x0000000100000000)
  eden space 131072K, 0% used [0x00000000f5580000,0x00000000f5580000,0x00000000fd580000)
  from space 10752K, 0% used [0x00000000fd580000,0x00000000fd580000,0x00000000fe000000)
  to   space 10752K, 0% used [0x00000000ff580000,0x00000000ff580000,0x0000000100000000)
 ParOldGen       total 175104K, used 9988K [0x00000000e0000000, 0x00000000eab00000, 0x00000000f5580000)
  object space 175104K, 5% used [0x00000000e0000000,0x00000000e09c1170,0x00000000eab00000)
 Metaspace       used 20544K, capacity 21086K, committed 21248K, reserved 1067008K
  class space    used 3038K, capacity 3224K, committed 3328K, reserved 1048576K
}
Event: 76.269 GC heap before
{Heap before GC invocations=5 (full 1):
 PSYoungGen      total 141824K, used 131072K [0x00000000f5580000, 0x0000000100000000, 0x0000000100000000)
  eden space 131072K, 100% used [0x00000000f5580000,0x00000000fd580000,0x00000000fd580000)
  from space 10752K, 0% used [0x00000000fd580000,0x00000000fd580000,0x00000000fe000000)
  to   space 10752K, 0% used [0x00000000ff580000,0x00000000ff580000,0x0000000100000000)
 ParOldGen       total 175104K, used 9988K [0x00000000e0000000, 0x00000000eab00000, 0x00000000f5580000)
  object space 175104K, 5% used [0x00000000e0000000,0x00000000e09c1170,0x00000000eab00000)
 Metaspace       used 32076K, capacity 32776K, committed 32896K, reserved 1077248K
  class space    used 4454K, capacity 4678K, committed 4736K, reserved 1048576K
Event: 76.679 GC heap after
Heap after GC invocations=5 (full 1):
 PSYoungGen      total 163840K, used 10744K [0x00000000f5580000, 0x0000000100000000, 0x0000000100000000)
  eden space 153088K, 0% used [0x00000000f5580000,0x00000000f5580000,0x00000000feb00000)
  from space 10752K, 99% used [0x00000000ff580000,0x00000000ffffe268,0x0000000100000000)
  to   space 10752K, 0% used [0x00000000feb00000,0x00000000feb00000,0x00000000ff580000)
 ParOldGen       total 175104K, used 11463K [0x00000000e0000000, 0x00000000eab00000, 0x00000000f5580000)
  object space 175104K, 6% used [0x00000000e0000000,0x00000000e0b31c50,0x00000000eab00000)
 Metaspace       used 32076K, capacity 32776K, committed 32896K, reserved 1077248K
  class space    used 4454K, capacity 4678K, committed 4736K, reserved 1048576K
}
Event: 78.085 GC heap before
{Heap before GC invocations=6 (full 1):
 PSYoungGen      total 163840K, used 54913K [0x00000000f5580000, 0x0000000100000000, 0x0000000100000000)
  eden space 153088K, 28% used [0x00000000f5580000,0x00000000f80a22f8,0x00000000feb00000)
  from space 10752K, 99% used [0x00000000ff580000,0x00000000ffffe268,0x0000000100000000)
  to   space 10752K, 0% used [0x00000000feb00000,0x00000000feb00000,0x00000000ff580000)
 ParOldGen       total 175104K, used 11463K [0x00000000e0000000, 0x00000000eab00000, 0x00000000f5580000)
  object space 175104K, 6% used [0x00000000e0000000,0x00000000e0b31c50,0x00000000eab00000)
 Metaspace       used 34699K, capacity 35374K, committed 35416K, reserved 1079296K
  class space    used 4880K, capacity 5085K, committed 5120K, reserved 1048576K
Event: 78.096 GC heap after
Heap after GC invocations=6 (full 1):
 PSYoungGen      total 162304K, used 8743K [0x00000000f5580000, 0x0000000100000000, 0x0000000100000000)
  eden space 153088K, 0% used [0x00000000f5580000,0x00000000f5580000,0x00000000feb00000)
  from space 9216K, 94% used [0x00000000feb00000,0x00000000ff389d78,0x00000000ff400000)
  to   space 12288K, 0% used [0x00000000ff400000,0x00000000ff400000,0x0000000100000000)
 ParOldGen       total 175104K, used 11471K [0x00000000e0000000, 0x00000000eab00000, 0x00000000f5580000)
  object space 175104K, 6% used [0x00000000e0000000,0x00000000e0b33c50,0x00000000eab00000)
 Metaspace       used 34699K, capacity 35374K, committed 35416K, reserved 1079296K
  class space    used 4880K, capacity 5085K, committed 5120K, reserved 1048576K
}
Event: 78.096 GC heap before
{Heap before GC invocations=7 (full 2):
 PSYoungGen      total 162304K, used 8743K [0x00000000f5580000, 0x0000000100000000, 0x0000000100000000)
  eden space 153088K, 0% used [0x00000000f5580000,0x00000000f5580000,0x00000000feb00000)
  from space 9216K, 94% used [0x00000000feb00000,0x00000000ff389d78,0x00000000ff400000)
  to   space 12288K, 0% used [0x00000000ff400000,0x00000000ff400000,0x0000000100000000)
 ParOldGen       total 175104K, used 11471K [0x00000000e0000000, 0x00000000eab00000, 0x00000000f5580000)
  object space 175104K, 6% used [0x00000000e0000000,0x00000000e0b33c50,0x00000000eab00000)
 Metaspace       used 34699K, capacity 35374K, committed 35416K, reserved 1079296K
  class space    used 4880K, capacity 5085K, committed 5120K, reserved 1048576K
Event: 78.159 GC heap after
Heap after GC invocations=7 (full 2):
 PSYoungGen      total 162304K, used 0K [0x00000000f5580000, 0x0000000100000000, 0x0000000100000000)
  eden space 153088K, 0% used [0x00000000f5580000,0x00000000f5580000,0x00000000feb00000)
  from space 9216K, 0% used [0x00000000feb00000,0x00000000feb00000,0x00000000ff400000)
  to   space 12288K, 0% used [0x00000000ff400000,0x00000000ff400000,0x0000000100000000)
 ParOldGen       total 175104K, used 15395K [0x00000000e0000000, 0x00000000eab00000, 0x00000000f5580000)
  object space 175104K, 8% used [0x00000000e0000000,0x00000000e0f08e68,0x00000000eab00000)
 Metaspace       used 34699K, capacity 35374K, committed 35416K, reserved 1079296K
  class space    used 4880K, capacity 5085K, committed 5120K, reserved 1048576K
}

Deoptimization events (10 events):
Event: 82.268 Thread 0x000000001ac8a000 Uncommon trap: reason=unstable_if action=reinterpret pc=0x0000000006020484 method=java.lang.ClassLoader.checkCerts(Ljava/lang/String;Ljava/security/CodeSource;)V @ 29
Event: 82.465 Thread 0x000000001ac8a000 Uncommon trap: reason=predicate action=maybe_recompile pc=0x0000000005bb2b20 method=com.google.common.base.CharMatcher.indexIn(Ljava/lang/CharSequence;I)I @ 22
Event: 82.476 Thread 0x000000001ac8a000 Uncommon trap: reason=unstable_if action=reinterpret pc=0x0000000005b6bfe0 method=java.net.URI.match(CJJ)Z @ 45
Event: 82.787 Thread 0x000000001f5ab000 Uncommon trap: reason=unstable_if action=reinterpret pc=0x0000000005f28ca0 method=java.util.concurrent.locks.AbstractQueuedSynchronizer$ConditionObject.addConditionWaiter()Ljava/util/concurrent/locks/AbstractQueuedSynchronizer$Node; @ 15
Event: 88.852 Thread 0x000000001ac8a000 Uncommon trap: reason=unstable_if action=reinterpret pc=0x0000000005fea828 method=org.objectweb.asm.ByteVector.putUTF8(Ljava/lang/String;)Lorg/objectweb/asm/ByteVector; @ 93
Event: 89.166 Thread 0x000000001ac8a000 Uncommon trap: reason=unstable_if action=reinterpret pc=0x0000000006348854 method=java.lang.Character.isUpperCase(I)Z @ 5
Event: 89.181 Thread 0x000000001ac8a000 Uncommon trap: reason=unstable_if action=reinterpret pc=0x0000000006268ce0 method=groovy.lang.MetaClassImpl.checkIfStdMethod(Lgroovy/lang/MetaMethod;)V @ 55
Event: 89.181 Thread 0x000000001ac8a000 Uncommon trap: reason=unstable_if action=reinterpret pc=0x000000000626a7b8 method=groovy.lang.MetaClassImpl.checkIfStdMethod(Lgroovy/lang/MetaMethod;)V @ 55
Event: 89.264 Thread 0x000000001ac8a000 Uncommon trap: reason=unstable_if action=reinterpret pc=0x00000000062522f4 method=org.codehaus.groovy.runtime.metaclass.MetaMethodIndex.addMethodToList(Ljava/lang/Object;Lgroovy/lang/MetaMethod;)Ljava/lang/Object; @ 256
Event: 89.355 Thread 0x000000001ac8a000 Uncommon trap: reason=unstable_if action=reinterpret pc=0x00000000062c57c0 method=groovy.lang.MetaClassImpl$1MOPIter.methodNameAction(Ljava/lang/Class;Lorg/codehaus/groovy/runtime/metaclass/MetaMethodIndex$Entry;)V @ 182

Classes redefined (0 events):
No events

Internal exceptions (10 events):
Event: 89.357 Thread 0x000000001ac8a000 Exception <a 'java/lang/ClassNotFoundException': java/lang/EnumBeanInfo> (0x00000000fe85fbb8) thrown at [C:\re\workspace\8-2-build-windows-amd64-cygwin\jdk8u181\11358\hotspot\src\share\vm\classfile\systemDictionary.cpp, line 210]
Event: 89.357 Thread 0x000000001ac8a000 Exception <a 'java/lang/ClassNotFoundException': java/lang/EnumCustomizer> (0x00000000fe866f60) thrown at [C:\re\workspace\8-2-build-windows-amd64-cygwin\jdk8u181\11358\hotspot\src\share\vm\classfile\systemDictionary.cpp, line 210]
Event: 89.358 Thread 0x000000001ac8a000 Exception <a 'java/lang/ClassNotFoundException': org/asciidoctor/gradle/AsciidoctorBackendCustomizer> (0x00000000fe87c948) thrown at [C:\re\workspace\8-2-build-windows-amd64-cygwin\jdk8u181\11358\hotspot\src\share\vm\classfile\systemDictionary.cpp, line 2
Event: 89.360 Thread 0x000000001ac8a000 Exception <a 'java/lang/ClassNotFoundException': groovy/runtime/metaclass/[Lorg/asciidoctor/gradle/AsciidoctorBackend;MetaClass> (0x00000000fe8aafd8) thrown at [C:\re\workspace\8-2-build-windows-amd64-cygwin\jdk8u181\11358\hotspot\src\share\vm\prims\jni.c
Event: 89.361 Thread 0x000000001ac8a000 Exception <a 'java/lang/ClassNotFoundException': [Lorg/asciidoctor/gradle/AsciidoctorBackend;BeanInfo> (0x00000000fe8b2bb0) thrown at [C:\re\workspace\8-2-build-windows-amd64-cygwin\jdk8u181\11358\hotspot\src\share\vm\prims\jni.cpp, line 735]
Event: 89.361 Thread 0x000000001ac8a000 Exception <a 'java/lang/ClassNotFoundException': [Lorg/asciidoctor/gradle/AsciidoctorBackend;BeanInfo> (0x00000000fe8b39c0) thrown at [C:\re\workspace\8-2-build-windows-amd64-cygwin\jdk8u181\11358\hotspot\src\share\vm\prims\jni.cpp, line 735]
Event: 89.361 Thread 0x000000001ac8a000 Exception <a 'java/lang/ClassNotFoundException': [Lorg/asciidoctor/gradle/AsciidoctorBackend;BeanInfo> (0x00000000fe8b47d0) thrown at [C:\re\workspace\8-2-build-windows-amd64-cygwin\jdk8u181\11358\hotspot\src\share\vm\prims\jni.cpp, line 735]
Event: 89.361 Thread 0x000000001ac8a000 Exception <a 'java/lang/ClassNotFoundException': [Lorg/asciidoctor/gradle/AsciidoctorBackend;Customizer> (0x00000000fe8b58d8) thrown at [C:\re\workspace\8-2-build-windows-amd64-cygwin\jdk8u181\11358\hotspot\src\share\vm\prims\jni.cpp, line 735]
Event: 89.361 Thread 0x000000001ac8a000 Exception <a 'java/lang/ClassNotFoundException': [Lorg/asciidoctor/gradle/AsciidoctorBackend;Customizer> (0x00000000fe8b66f0) thrown at [C:\re\workspace\8-2-build-windows-amd64-cygwin\jdk8u181\11358\hotspot\src\share\vm\prims\jni.cpp, line 735]
Event: 89.361 Thread 0x000000001ac8a000 Exception <a 'java/lang/ClassNotFoundException': [Lorg/asciidoctor/gradle/AsciidoctorBackend;Customizer> (0x00000000fe8b7508) thrown at [C:\re\workspace\8-2-build-windows-amd64-cygwin\jdk8u181\11358\hotspot\src\share\vm\prims\jni.cpp, line 735]

Events (10 events):
Event: 89.362 loading class org/codehaus/groovy/runtime/dgm$95
Event: 89.362 loading class org/codehaus/groovy/runtime/dgm$95 done
Event: 89.362 loading class org/codehaus/groovy/runtime/dgm$101
Event: 89.362 loading class org/codehaus/groovy/runtime/dgm$101 done
Event: 89.362 loading class org/codehaus/groovy/runtime/callsite/GetEffectivePogoPropertySite
Event: 89.362 loading class org/codehaus/groovy/runtime/callsite/GetEffectivePogoPropertySite done
Event: 89.363 loading class groovy/util/MapEntry
Event: 89.363 loading class groovy/util/MapEntry done
Event: 89.364 loading class groovy/runtime/metaclass/java/util/LinkedHashMapMetaClass
Event: 89.364 loading class groovy/runtime/metaclass/java/util/LinkedHashMapMetaClass done


Dynamic libraries:
0x00007ff7df390000 - 0x00007ff7df3c7000 	C:\Program Files\Java\jdk1.8.0_181\bin\java.exe
0x00007ff97fff0000 - 0x00007ff9801d0000 	C:\Windows\SYSTEM32\ntdll.dll
0x00007ff97ef50000 - 0x00007ff97effe000 	C:\Windows\System32\KERNEL32.DLL
0x00007ff97cf90000 - 0x00007ff97d1f6000 	C:\Windows\System32\KERNELBASE.dll
0x00007ff97eea0000 - 0x00007ff97ef41000 	C:\Windows\System32\ADVAPI32.dll
0x00007ff97d690000 - 0x00007ff97d72d000 	C:\Windows\System32\msvcrt.dll
0x00007ff97ed10000 - 0x00007ff97ed6b000 	C:\Windows\System32\sechost.dll
0x00007ff97fe10000 - 0x00007ff97ff2f000 	C:\Windows\System32\RPCRT4.dll
0x00007ff97eb70000 - 0x00007ff97ecff000 	C:\Windows\System32\USER32.dll
0x00007ff97c440000 - 0x00007ff97c460000 	C:\Windows\System32\win32u.dll
0x00007ff97fde0000 - 0x00007ff97fe08000 	C:\Windows\System32\GDI32.dll
0x00007ff97d280000 - 0x00007ff97d413000 	C:\Windows\System32\gdi32full.dll
0x00007ff97d420000 - 0x00007ff97d4bb000 	C:\Windows\System32\msvcp_win.dll
0x00007ff97c740000 - 0x00007ff97c836000 	C:\Windows\System32\ucrtbase.dll
0x00007ff96aef0000 - 0x00007ff96b159000 	C:\Windows\WinSxS\amd64_microsoft.windows.common-controls_6595b64144ccf1df_6.0.16299.125_none_15cbcf8893620c09\COMCTL32.dll
0x00007ff97fad0000 - 0x00007ff97fdd8000 	C:\Windows\System32\combase.dll
0x00007ff97d200000 - 0x00007ff97d272000 	C:\Windows\System32\bcryptPrimitives.dll
0x00007ff97d4c0000 - 0x00007ff97d4ed000 	C:\Windows\System32\IMM32.DLL
0x0000000064880000 - 0x0000000064952000 	C:\Program Files\Java\jdk1.8.0_181\jre\bin\msvcr100.dll
0x0000000063fd0000 - 0x0000000064872000 	C:\Program Files\Java\jdk1.8.0_181\jre\bin\server\jvm.dll
0x00007ff97f8e0000 - 0x00007ff97f8e8000 	C:\Windows\System32\PSAPI.DLL
0x00007ff967870000 - 0x00007ff967879000 	C:\Windows\SYSTEM32\WSOCK32.dll
0x00007ff97f8f0000 - 0x00007ff97f95c000 	C:\Windows\System32\WS2_32.dll
0x00007ff97a5e0000 - 0x00007ff97a603000 	C:\Windows\SYSTEM32\WINMM.dll
0x00007ff97a2b0000 - 0x00007ff97a2da000 	C:\Windows\SYSTEM32\WINMMBASE.dll
0x00007ff97c3f0000 - 0x00007ff97c43a000 	C:\Windows\System32\cfgmgr32.dll
0x00007ff977fd0000 - 0x00007ff977fda000 	C:\Windows\SYSTEM32\VERSION.dll
0x0000000063fc0000 - 0x0000000063fcf000 	C:\Program Files\Java\jdk1.8.0_181\jre\bin\verify.dll
0x0000000063f90000 - 0x0000000063fb9000 	C:\Program Files\Java\jdk1.8.0_181\jre\bin\java.dll
0x0000000063f70000 - 0x0000000063f86000 	C:\Program Files\Java\jdk1.8.0_181\jre\bin\zip.dll
0x00007ff97d730000 - 0x00007ff97eb66000 	C:\Windows\System32\SHELL32.dll
0x00007ff97ed70000 - 0x00007ff97ee16000 	C:\Windows\System32\shcore.dll
0x00007ff97c840000 - 0x00007ff97cf87000 	C:\Windows\System32\windows.storage.dll
0x00007ff97ff60000 - 0x00007ff97ffb1000 	C:\Windows\System32\shlwapi.dll
0x00007ff97c3d0000 - 0x00007ff97c3e1000 	C:\Windows\System32\kernel.appcore.dll
0x00007ff97c380000 - 0x00007ff97c3cc000 	C:\Windows\System32\powrprof.dll
0x00007ff97c360000 - 0x00007ff97c37b000 	C:\Windows\System32\profapi.dll
0x0000000063f50000 - 0x0000000063f6a000 	C:\Program Files\Java\jdk1.8.0_181\jre\bin\net.dll
0x00007ff97bb20000 - 0x00007ff97bb86000 	C:\Windows\system32\mswsock.dll
0x0000000063f30000 - 0x0000000063f41000 	C:\Program Files\Java\jdk1.8.0_181\jre\bin\nio.dll
0x00007ff979050000 - 0x00007ff979076000 	D:\software\gradle-5.3.1\native\29\windows-amd64\native-platform.dll
0x0000000063d40000 - 0x0000000063d4d000 	C:\Program Files\Java\jdk1.8.0_181\jre\bin\management.dll
0x00007ff97bd40000 - 0x00007ff97bd57000 	C:\Windows\SYSTEM32\CRYPTSP.dll
0x00007ff97b730000 - 0x00007ff97b763000 	C:\Windows\system32\rsaenh.dll
0x00007ff97be50000 - 0x00007ff97be75000 	C:\Windows\SYSTEM32\bcrypt.dll
0x00007ff97c240000 - 0x00007ff97c269000 	C:\Windows\SYSTEM32\USERENV.dll
0x00007ff97bd60000 - 0x00007ff97bd6b000 	C:\Windows\SYSTEM32\CRYPTBASE.dll
0x00007ff97b8b0000 - 0x00007ff97b8e9000 	C:\Windows\SYSTEM32\IPHLPAPI.DLL
0x00007ff97ed00000 - 0x00007ff97ed08000 	C:\Windows\System32\NSI.dll
0x00007ff977370000 - 0x00007ff977386000 	C:\Windows\SYSTEM32\dhcpcsvc6.DLL
0x00007ff977340000 - 0x00007ff97735a000 	C:\Windows\SYSTEM32\dhcpcsvc.DLL

VM Arguments:
jvm_args: -XX:MaxMetaspaceSize=256m -XX:+HeapDumpOnOutOfMemoryError -Xms256m -Xmx512m -Dfile.encoding=GBK -Duser.country=CN -Duser.language=zh -Duser.variant 
java_command: org.gradle.launcher.daemon.bootstrap.GradleDaemon 5.3.1
java_class_path (initial): D:\software\gradle-5.3.1\lib\gradle-launcher-5.3.1.jar
Launcher Type: SUN_STANDARD

Environment Variables:
JAVA_HOME=C:\Program Files\Java\jdk1.8.0_181
CLASSPATH=.;C:\Program Files\Java\jdk1.8.0_181\lib\dt.jar;C:\Program Files\Java\jdk1.8.0_181\lib\tools.jar;C:\Program Files\apache-tomcat-8.5.34\lib\servlet-api.jar;
PATH=C:\Program Files (x86)\Common Files\NetSarang;C:\Program Files\Java\jdk1.8.0_181\bin;C:\Program Files (x86)\Common Files\Oracle\Java\javapath;C:\Windows\system32;C:\Windows;C:\Windows\System32\Wbem;C:\Windows\System32\WindowsPowerShell\v1.0\;C:\Program Files (x86)\NVIDIA Corporation\PhysX\Common;C:\Program Files\nodejs\;D:\software\apache-maven-3.6.0\bin;C:\Program Files\Java\jdk1.8.0_181\jre\bin;C:\Program Files\VisualSVN Server\bin;C:\Program Files\TortoiseSVN\bin;D:\software\gradle-5.3.1\bin;C:\Users\Administrator\AppData\Local\Microsoft\WindowsApps;;C:\Program Files\Microsoft VS Code\bin;C:\Users\Administrator\AppData\Roaming\npm
USERNAME=Administrator
OS=Windows_NT
PROCESSOR_IDENTIFIER=Intel64 Family 6 Model 158 Stepping 9, GenuineIntel



---------------  S Y S T E M  ---------------

OS: Windows 10.0 , 64 bit Build 16299 (10.0.16299.15)

CPU:total 8 (initial active 8) (4 cores per cpu, 2 threads per core) family 6 model 158 stepping 9, cmov, cx8, fxsr, mmx, sse, sse2, sse3, ssse3, sse4.1, sse4.2, popcnt, avx, avx2, aes, clmul, erms, rtm, 3dnowpref, lzcnt, ht, tsc, tscinvbit, bmi1, bmi2, adx

Memory: 4k page, physical 16662280k(2539948k free), swap 27148164k(2844k free)

vm_info: Java HotSpot(TM) 64-Bit Server VM (25.181-b13) for windows-amd64 JRE (1.8.0_181-b13), built on Jul  7 2018 04:01:33 by "java_re" with MS VC++ 10.0 (VS2010)

time: Sat Apr 13 14:52:26 2019
elapsed time: 89 seconds (0d 0h 1m 29s)

