#
# There is insufficient memory for the Java Runtime Environment to continue.
# Native memory allocation (malloc) failed to allocate 951696 bytes for Chunk::new
# Possible reasons:
#   The system is out of physical RAM or swap space
#   In 32 bit mode, the process size limit was hit
# Possible solutions:
#   Reduce memory load on the system
#   Increase physical memory or swap space
#   Check if swap backing store is full
#   Use 64 bit Java on a 64 bit OS
#   Decrease Java heap size (-Xmx/-Xms)
#   Decrease number of Java threads
#   Decrease Java thread stack sizes (-Xss)
#   Set larger code cache with -XX:ReservedCodeCacheSize=
# This output file may be truncated or incomplete.
#
#  Out of Memory Error (allocation.cpp:390), pid=13124, tid=0x000000000000385c
#
# JRE version: Java(TM) SE Runtime Environment (8.0_181-b13) (build 1.8.0_181-b13)
# Java VM: Java HotSpot(TM) 64-Bit Server VM (25.181-b13 mixed mode windows-amd64 compressed oops)
# Failed to write core dump. Minidumps are not enabled by default on client versions of Windows
#

---------------  T H R E A D  ---------------

Current thread (0x0000000018acd000):  JavaThread "C2 CompilerThread0" daemon [_thread_in_native, id=14428, stack(0x0000000019140000,0x0000000019240000)]

Stack: [0x0000000019140000,0x0000000019240000]
[error occurred during error reporting (printing stack bounds), id 0xc0000005]

Native frames: (J=compiled Java code, j=interpreted, Vv=VM code, C=native code)


Current CompileTask:
C2: 110567 6929       4       groovy.lang.MetaClassImpl::applyStrayPropertyMethods (293 bytes)


---------------  P R O C E S S  ---------------

Java Threads: ( => current thread )
  0x000000001ae0f000 JavaThread "Cache worker for Build Output Cleanup Cache (D:\code\spring-framework\.gradle\buildOutputCleanup)" [_thread_blocked, id=15180, stack(0x0000000023510000,0x0000000023610000)]
  0x000000001ae07000 JavaThread "Build operations Thread 8" [_thread_blocked, id=18920, stack(0x0000000023410000,0x0000000023510000)]
  0x000000001ae0d800 JavaThread "Build operations Thread 7" [_thread_blocked, id=6948, stack(0x0000000023310000,0x0000000023410000)]
  0x000000001ae0d000 JavaThread "Build operations Thread 6" [_thread_blocked, id=13616, stack(0x0000000023210000,0x0000000023310000)]
  0x000000001ae05000 JavaThread "Build operations Thread 5" [_thread_blocked, id=15532, stack(0x0000000023110000,0x0000000023210000)]
  0x000000001ae06000 JavaThread "Build operations Thread 4" [_thread_blocked, id=10312, stack(0x0000000023010000,0x0000000023110000)]
  0x000000001ae0c000 JavaThread "Build operations Thread 3" [_thread_blocked, id=11472, stack(0x0000000022f10000,0x0000000023010000)]
  0x000000001ae0b800 JavaThread "Build operations Thread 2" [_thread_blocked, id=1736, stack(0x0000000022e10000,0x0000000022f10000)]
  0x000000001ae0a000 JavaThread "Build operations" [_thread_blocked, id=3556, stack(0x0000000022d10000,0x0000000022e10000)]
  0x000000001ae07800 JavaThread "Cache worker for file content cache (D:\software\gradle-5.3.1\caches\5.3.1\fileContent)" [_thread_blocked, id=10504, stack(0x0000000022110000,0x0000000022210000)]
  0x000000001ae0a800 JavaThread "Memory manager" [_thread_blocked, id=6160, stack(0x0000000022010000,0x0000000022110000)]
  0x000000001ae08800 JavaThread "Cache worker for execution history cache (D:\software\gradle-5.3.1\caches\5.3.1\executionHistory)" [_thread_blocked, id=17964, stack(0x0000000020570000,0x0000000020670000)]
  0x0000000018da5000 JavaThread "Cache worker for cache directory md-rule (D:\software\gradle-5.3.1\caches\5.3.1\md-rule)" [_thread_blocked, id=14952, stack(0x0000000020470000,0x0000000020570000)]
  0x0000000018da3800 JavaThread "Cache worker for cache directory md-supplier (D:\software\gradle-5.3.1\caches\5.3.1\md-supplier)" [_thread_blocked, id=12808, stack(0x0000000020370000,0x0000000020470000)]
  0x0000000018da2000 JavaThread "Cache worker for file hash cache (D:\code\spring-framework\.gradle\5.3.1\fileHashes)" [_thread_blocked, id=14472, stack(0x000000001fa70000,0x000000001fb70000)]
  0x0000000018da6800 JavaThread "Cache worker for journal cache (D:\software\gradle-5.3.1\caches\journal-1)" [_thread_blocked, id=16632, stack(0x000000001c3b0000,0x000000001c4b0000)]
  0x0000000018da5800 JavaThread "File lock release action executor" [_thread_blocked, id=15996, stack(0x000000001c2b0000,0x000000001c3b0000)]
  0x0000000018da4000 JavaThread "File lock request listener" [_thread_in_native, id=12768, stack(0x000000001c1b0000,0x000000001c2b0000)]
  0x0000000018da7000 JavaThread "Cache worker for file hash cache (D:\software\gradle-5.3.1\caches\5.3.1\fileHashes)" [_thread_blocked, id=1476, stack(0x000000001beb0000,0x000000001bfb0000)]
  0x0000000018dac800 JavaThread "Thread-9" [_thread_blocked, id=2832, stack(0x000000001bdb0000,0x000000001beb0000)]
  0x000000001980b000 JavaThread "Asynchronous log dispatcher for DefaultDaemonConnection: socket connection from /127.0.0.1:61848 to /127.0.0.1:61854" [_thread_blocked, id=15660, stack(0x000000001bab0000,0x000000001bbb0000)]
  0x000000001981c800 JavaThread "Daemon worker" [_thread_in_vm, id=12496, stack(0x000000001b9b0000,0x000000001bab0000)]
  0x000000001a811000 JavaThread "Cancel handler" [_thread_blocked, id=12540, stack(0x000000001b8b0000,0x000000001b9b0000)]
  0x0000000019c30800 JavaThread "Handler for socket connection from /127.0.0.1:61848 to /127.0.0.1:61854" [_thread_in_native, id=13708, stack(0x000000001b5b0000,0x000000001b6b0000)]
  0x0000000018c18000 JavaThread "Daemon" [_thread_blocked, id=2772, stack(0x000000001b4b0000,0x000000001b5b0000)]
  0x000000001a83a000 JavaThread "Daemon periodic checks" [_thread_blocked, id=17660, stack(0x000000001b3b0000,0x000000001b4b0000)]
  0x0000000019db8800 JavaThread "Incoming local TCP Connector on port 61848" [_thread_in_native, id=15584, stack(0x000000001b210000,0x000000001b310000)]
  0x000000001a735000 JavaThread "Daemon health stats" [_thread_blocked, id=9520, stack(0x000000001af10000,0x000000001b010000)]
  0x0000000018add800 JavaThread "Service Thread" daemon [_thread_blocked, id=3144, stack(0x0000000019540000,0x0000000019640000)]
  0x0000000018ad7000 JavaThread "C1 CompilerThread3" daemon [_thread_blocked, id=14936, stack(0x0000000019440000,0x0000000019540000)]
  0x0000000018ad1000 JavaThread "C2 CompilerThread2" daemon [_thread_blocked, id=14148, stack(0x0000000019340000,0x0000000019440000)]
  0x0000000018ad0000 JavaThread "C2 CompilerThread1" daemon [_thread_blocked, id=15408, stack(0x0000000019240000,0x0000000019340000)]
=>0x0000000018acd000 JavaThread "C2 CompilerThread0" daemon [_thread_in_native, id=14428, stack(0x0000000019140000,0x0000000019240000)]
  0x0000000018acb000 JavaThread "Attach Listener" daemon [_thread_blocked, id=13288, stack(0x0000000019040000,0x0000000019140000)]
  0x0000000018a77000 JavaThread "Signal Dispatcher" daemon [_thread_blocked, id=7232, stack(0x0000000018f40000,0x0000000019040000)]
  0x0000000018a60800 JavaThread "Finalizer" daemon [_thread_blocked, id=3196, stack(0x0000000018e40000,0x0000000018f40000)]
  0x00000000052e5000 JavaThread "Reference Handler" daemon [_thread_blocked, id=928, stack(0x0000000018940000,0x0000000018a40000)]
  0x0000000004bfe800 JavaThread "main" [_thread_blocked, id=7240, stack(0x00000000050f0000,0x00000000051f0000)]

Other Threads:
  0x0000000016b5a000 VMThread [stack: 0x0000000018840000,0x0000000018940000] [id=8920]
  0x0000000018ae1000 WatcherThread [stack: 0x0000000019640000,0x0000000019740000] [id=16800]

VM state:not at safepoint (normal execution)

VM Mutex/Monitor currently owned by a thread:  ([mutex/lock_event])
[0x0000000004bfdc20] SystemDictionary_lock - owner thread: 0x000000001981c800

Heap:
 PSYoungGen      total 118784K, used 99521K [0x00000000f5580000, 0x0000000100000000, 0x0000000100000000)
  eden space 108032K, 82% used [0x00000000f5580000,0x00000000fac36f10,0x00000000fbf00000)
  from space 10752K, 99% used [0x00000000fd380000,0x00000000fddf9850,0x00000000fde00000)
  to   space 20992K, 0% used [0x00000000fbf00000,0x00000000fbf00000,0x00000000fd380000)
 ParOldGen       total 175104K, used 42513K [0x00000000e0000000, 0x00000000eab00000, 0x00000000f5580000)
  object space 175104K, 24% used [0x00000000e0000000,0x00000000e2984698,0x00000000eab00000)
 Metaspace       used 50380K, capacity 53482K, committed 53760K, reserved 1095680K
  class space    used 7174K, capacity 7854K, committed 7936K, reserved 1048576K

Card table byte_map: [0x00000000146b0000,0x00000000147c0000] byte_map_base: 0x0000000013fb0000

Marking Bits: (ParMarkBitMap*) 0x00000000647f2d00
 Begin Bits: [0x0000000015070000, 0x0000000015870000)
 End Bits:   [0x0000000015870000, 0x0000000016070000)

Polling page: 0x00000000030e0000

CodeCache: size=245760Kb used=23325Kb max_used=23325Kb free=222434Kb
 bounds [0x00000000052f0000, 0x00000000069e0000, 0x00000000142f0000]
 total_blobs=7120 nmethods=6356 adapters=675
 compilation: enabled

Compilation events (10 events):
Event: 110.333 Thread 0x0000000018ad0000 nmethod 6928 0x00000000069c9e10 code [0x00000000069c9fe0, 0x00000000069ca7b8]
Event: 110.346 Thread 0x0000000018ad1000 nmethod 6927 0x00000000069bd650 code [0x00000000069bd840, 0x00000000069be750]
Event: 110.471 Thread 0x0000000018ad7000 6930       3       org.gradle.tooling.internal.provider.runner.PluginApplicationTracker::started (152 bytes)
Event: 110.472 Thread 0x0000000018ad7000 nmethod 6930 0x00000000069cd790 code [0x00000000069cdb40, 0x00000000069d01f8]
Event: 110.481 Thread 0x0000000018ad7000 6931       3       groovy.lang.MetaClassImpl::createMetaMethodAndMetaProperty (106 bytes)
Event: 110.482 Thread 0x0000000018ad7000 nmethod 6931 0x00000000069cb490 code [0x00000000069cb740, 0x00000000069ccde8]
Event: 110.482 Thread 0x0000000018ad7000 6932       3       org.gradle.api.tasks.compile.JavaCompile_Decorated::getMetaClass (29 bytes)
Event: 110.482 Thread 0x0000000018ad7000 nmethod 6932 0x00000000069b4ad0 code [0x00000000069b4c80, 0x00000000069b5278]
Event: 110.482 Thread 0x0000000018ad7000 6933       3       org.codehaus.groovy.reflection.CachedMethod::getConstructor (14 bytes)
Event: 110.483 Thread 0x0000000018ad7000 nmethod 6933 0x00000000069c1e10 code [0x00000000069c1f80, 0x00000000069c2370]

GC Heap History (10 events):
Event: 90.110 GC heap before
{Heap before GC invocations=6 (full 1):
 PSYoungGen      total 126976K, used 109688K [0x00000000f5580000, 0x00000000fe800000, 0x0000000100000000)
  eden space 118784K, 85% used [0x00000000f5580000,0x00000000fb8fee38,0x00000000fc980000)
  from space 8192K, 95% used [0x00000000fe000000,0x00000000fe79f3e0,0x00000000fe800000)
  to   space 10752K, 0% used [0x00000000fd300000,0x00000000fd300000,0x00000000fdd80000)
 ParOldGen       total 175104K, used 9917K [0x00000000e0000000, 0x00000000eab00000, 0x00000000f5580000)
  object space 175104K, 5% used [0x00000000e0000000,0x00000000e09af670,0x00000000eab00000)
 Metaspace       used 34643K, capacity 35358K, committed 35416K, reserved 1079296K
  class space    used 4880K, capacity 5085K, committed 5120K, reserved 1048576K
Event: 90.122 GC heap after
Heap after GC invocations=6 (full 1):
 PSYoungGen      total 125952K, used 10746K [0x00000000f5580000, 0x00000000fe080000, 0x0000000100000000)
  eden space 115200K, 0% used [0x00000000f5580000,0x00000000f5580000,0x00000000fc600000)
  from space 10752K, 99% used [0x00000000fd300000,0x00000000fdd7eb68,0x00000000fdd80000)
  to   space 3072K, 0% used [0x00000000fdd80000,0x00000000fdd80000,0x00000000fe080000)
 ParOldGen       total 175104K, used 10663K [0x00000000e0000000, 0x00000000eab00000, 0x00000000f5580000)
  object space 175104K, 6% used [0x00000000e0000000,0x00000000e0a69f10,0x00000000eab00000)
 Metaspace       used 34643K, capacity 35358K, committed 35416K, reserved 1079296K
  class space    used 4880K, capacity 5085K, committed 5120K, reserved 1048576K
}
Event: 90.122 GC heap before
{Heap before GC invocations=7 (full 2):
 PSYoungGen      total 125952K, used 10746K [0x00000000f5580000, 0x00000000fe080000, 0x0000000100000000)
  eden space 115200K, 0% used [0x00000000f5580000,0x00000000f5580000,0x00000000fc600000)
  from space 10752K, 99% used [0x00000000fd300000,0x00000000fdd7eb68,0x00000000fdd80000)
  to   space 3072K, 0% used [0x00000000fdd80000,0x00000000fdd80000,0x00000000fe080000)
 ParOldGen       total 175104K, used 10663K [0x00000000e0000000, 0x00000000eab00000, 0x00000000f5580000)
  object space 175104K, 6% used [0x00000000e0000000,0x00000000e0a69f10,0x00000000eab00000)
 Metaspace       used 34643K, capacity 35358K, committed 35416K, reserved 1079296K
  class space    used 4880K, capacity 5085K, committed 5120K, reserved 1048576K
Event: 90.164 GC heap after
Heap after GC invocations=7 (full 2):
 PSYoungGen      total 125952K, used 0K [0x00000000f5580000, 0x00000000fe080000, 0x0000000100000000)
  eden space 115200K, 0% used [0x00000000f5580000,0x00000000f5580000,0x00000000fc600000)
  from space 10752K, 0% used [0x00000000fd300000,0x00000000fd300000,0x00000000fdd80000)
  to   space 3072K, 0% used [0x00000000fdd80000,0x00000000fdd80000,0x00000000fe080000)
 ParOldGen       total 175104K, used 17919K [0x00000000e0000000, 0x00000000eab00000, 0x00000000f5580000)
  object space 175104K, 10% used [0x00000000e0000000,0x00000000e117fd18,0x00000000eab00000)
 Metaspace       used 34643K, capacity 35358K, committed 35416K, reserved 1079296K
  class space    used 4880K, capacity 5085K, committed 5120K, reserved 1048576K
}
Event: 97.325 GC heap before
{Heap before GC invocations=8 (full 2):
 PSYoungGen      total 125952K, used 115200K [0x00000000f5580000, 0x00000000fe080000, 0x0000000100000000)
  eden space 115200K, 100% used [0x00000000f5580000,0x00000000fc600000,0x00000000fc600000)
  from space 10752K, 0% used [0x00000000fd300000,0x00000000fd300000,0x00000000fdd80000)
  to   space 3072K, 0% used [0x00000000fdd80000,0x00000000fdd80000,0x00000000fe080000)
 ParOldGen       total 175104K, used 17919K [0x00000000e0000000, 0x00000000eab00000, 0x00000000f5580000)
  object space 175104K, 10% used [0x00000000e0000000,0x00000000e117fd18,0x00000000eab00000)
 Metaspace       used 40198K, capacity 41240K, committed 41472K, reserved 1085440K
  class space    used 5820K, capacity 6091K, committed 6144K, reserved 1048576K
Event: 97.333 GC heap after
Heap after GC invocations=8 (full 2):
 PSYoungGen      total 115200K, used 3040K [0x00000000f5580000, 0x00000000fe080000, 0x0000000100000000)
  eden space 112128K, 0% used [0x00000000f5580000,0x00000000f5580000,0x00000000fc300000)
  from space 3072K, 98% used [0x00000000fdd80000,0x00000000fe078020,0x00000000fe080000)
  to   space 12800K, 0% used [0x00000000fc780000,0x00000000fc780000,0x00000000fd400000)
 ParOldGen       total 175104K, used 24685K [0x00000000e0000000, 0x00000000eab00000, 0x00000000f5580000)
  object space 175104K, 14% used [0x00000000e0000000,0x00000000e181b418,0x00000000eab00000)
 Metaspace       used 40198K, capacity 41240K, committed 41472K, reserved 1085440K
  class space    used 5820K, capacity 6091K, committed 6144K, reserved 1048576K
}
Event: 104.905 GC heap before
{Heap before GC invocations=9 (full 2):
 PSYoungGen      total 115200K, used 115168K [0x00000000f5580000, 0x00000000fe080000, 0x0000000100000000)
  eden space 112128K, 100% used [0x00000000f5580000,0x00000000fc300000,0x00000000fc300000)
  from space 3072K, 98% used [0x00000000fdd80000,0x00000000fe078020,0x00000000fe080000)
  to   space 12800K, 0% used [0x00000000fc780000,0x00000000fc780000,0x00000000fd400000)
 ParOldGen       total 175104K, used 24685K [0x00000000e0000000, 0x00000000eab00000, 0x00000000f5580000)
  object space 175104K, 14% used [0x00000000e0000000,0x00000000e181b418,0x00000000eab00000)
 Metaspace       used 43616K, capacity 44870K, committed 45056K, reserved 1087488K
  class space    used 6266K, capacity 6641K, committed 6656K, reserved 1048576K
Event: 104.972 GC heap after
Heap after GC invocations=9 (full 2):
 PSYoungGen      total 121344K, used 12121K [0x00000000f5580000, 0x00000000fde00000, 0x0000000100000000)
  eden space 109056K, 0% used [0x00000000f5580000,0x00000000f5580000,0x00000000fc000000)
  from space 12288K, 98% used [0x00000000fc780000,0x00000000fd356628,0x00000000fd380000)
  to   space 10752K, 0% used [0x00000000fd380000,0x00000000fd380000,0x00000000fde00000)
 ParOldGen       total 175104K, used 24685K [0x00000000e0000000, 0x00000000eab00000, 0x00000000f5580000)
  object space 175104K, 14% used [0x00000000e0000000,0x00000000e181b418,0x00000000eab00000)
 Metaspace       used 43616K, capacity 44870K, committed 45056K, reserved 1087488K
  class space    used 6266K, capacity 6641K, committed 6656K, reserved 1048576K
}
Event: 108.196 GC heap before
{Heap before GC invocations=10 (full 2):
 PSYoungGen      total 121344K, used 121177K [0x00000000f5580000, 0x00000000fde00000, 0x0000000100000000)
  eden space 109056K, 100% used [0x00000000f5580000,0x00000000fc000000,0x00000000fc000000)
  from space 12288K, 98% used [0x00000000fc780000,0x00000000fd356628,0x00000000fd380000)
  to   space 10752K, 0% used [0x00000000fd380000,0x00000000fd380000,0x00000000fde00000)
 ParOldGen       total 175104K, used 24685K [0x00000000e0000000, 0x00000000eab00000, 0x00000000f5580000)
  object space 175104K, 14% used [0x00000000e0000000,0x00000000e181b418,0x00000000eab00000)
 Metaspace       used 46603K, capacity 49030K, committed 49152K, reserved 1091584K
  class space    used 6632K, capacity 7152K, committed 7168K, reserved 1048576K
Event: 108.328 GC heap after
Heap after GC invocations=10 (full 2):
 PSYoungGen      total 118784K, used 10726K [0x00000000f5580000, 0x0000000100000000, 0x0000000100000000)
  eden space 108032K, 0% used [0x00000000f5580000,0x00000000f5580000,0x00000000fbf00000)
  from space 10752K, 99% used [0x00000000fd380000,0x00000000fddf9850,0x00000000fde00000)
  to   space 20992K, 0% used [0x00000000fbf00000,0x00000000fbf00000,0x00000000fd380000)
 ParOldGen       total 175104K, used 42513K [0x00000000e0000000, 0x00000000eab00000, 0x00000000f5580000)
  object space 175104K, 24% used [0x00000000e0000000,0x00000000e2984698,0x00000000eab00000)
 Metaspace       used 46603K, capacity 49030K, committed 49152K, reserved 1091584K
  class space    used 6632K, capacity 7152K, committed 7168K, reserved 1048576K
}

Deoptimization events (10 events):
Event: 110.153 Thread 0x000000001981c800 Uncommon trap: reason=unstable_if action=reinterpret pc=0x00000000065212fc method=org.gradle.internal.instantiation.DependencyInjectingInstantiator.verifyParameters(Lorg/gradle/internal/instantiation/ClassGenerator$GeneratedConstructor;[Ljava/lang/Object;
Event: 110.153 Thread 0x000000001981c800 Uncommon trap: reason=unstable_if action=reinterpret pc=0x0000000006513038 method=org.gradle.internal.instantiation.DependencyInjectingInstantiator.verifyParameters(Lorg/gradle/internal/instantiation/ClassGenerator$GeneratedConstructor;[Ljava/lang/Object;
Event: 110.153 Thread 0x000000001981c800 Uncommon trap: reason=unstable_if action=reinterpret pc=0x000000000640925c method=org.gradle.internal.instantiation.DependencyInjectingInstantiator.verifyParameters(Lorg/gradle/internal/instantiation/ClassGenerator$GeneratedConstructor;[Ljava/lang/Object;
Event: 110.157 Thread 0x000000001981c800 Uncommon trap: reason=bimorphic action=maybe_recompile pc=0x0000000006559644 method=org.gradle.internal.ImmutableActionSet.add(Lorg/gradle/api/Action;)Lorg/gradle/internal/ImmutableActionSet; @ 74
Event: 110.196 Thread 0x000000001981c800 Uncommon trap: reason=null_check action=make_not_entrant pc=0x00000000064fcae0 method=org.gradle.api.internal.collections.CollectionFilter.filter(Ljava/lang/Object;)Ljava/lang/Object; @ 5
Event: 110.198 Thread 0x000000001981c800 Uncommon trap: reason=unstable_if action=reinterpret pc=0x00000000066908f0 method=org.gradle.tooling.internal.provider.runner.PluginApplicationTracker.started(Lorg/gradle/internal/operations/BuildOperationDescriptor;Lorg/gradle/internal/operations/Operati
Event: 110.217 Thread 0x000000001981c800 Uncommon trap: reason=class_check action=maybe_recompile pc=0x0000000006772e94 method=org.gradle.api.internal.collections.CollectionFilter.filter(Ljava/lang/Object;)Ljava/lang/Object; @ 27
Event: 110.221 Thread 0x000000001981c800 Uncommon trap: reason=class_check action=maybe_recompile pc=0x0000000006772e94 method=org.gradle.api.internal.collections.CollectionFilter.filter(Ljava/lang/Object;)Ljava/lang/Object; @ 27
Event: 110.276 Thread 0x000000001981c800 Uncommon trap: reason=class_check action=maybe_recompile pc=0x0000000006772e94 method=org.gradle.api.internal.collections.CollectionFilter.filter(Ljava/lang/Object;)Ljava/lang/Object; @ 27
Event: 110.276 Thread 0x000000001981c800 Uncommon trap: reason=class_check action=maybe_recompile pc=0x0000000006772e94 method=org.gradle.api.internal.collections.CollectionFilter.filter(Ljava/lang/Object;)Ljava/lang/Object; @ 27

Classes redefined (0 events):
No events

Internal exceptions (10 events):
Event: 110.273 Thread 0x000000001981c800 Exception <a 'java/lang/ClassNotFoundException': spring_aop_bufmq2hgay1klpphwnp64d535BeanInfo> (0x00000000fa42c988) thrown at [C:\re\workspace\8-2-build-windows-amd64-cygwin\jdk8u181\11358\hotspot\src\share\vm\classfile\systemDictionary.cpp, line 210]
Event: 110.273 Thread 0x000000001981c800 Exception <a 'java/lang/ClassNotFoundException': spring_aop_bufmq2hgay1klpphwnp64d535Customizer> (0x00000000fa439340) thrown at [C:\re\workspace\8-2-build-windows-amd64-cygwin\jdk8u181\11358\hotspot\src\share\vm\classfile\systemDictionary.cpp, line 210]
Event: 110.282 Thread 0x000000001981c800 Exception <a 'java/lang/ClassNotFoundException': org/gradle/api/internal/tasks/DefaultRealizableTaskCollection_DecoratedBeanInfo> (0x00000000fa68d030) thrown at [C:\re\workspace\8-2-build-windows-amd64-cygwin\jdk8u181\11358\hotspot\src\share\vm\classfile\
Event: 110.283 Thread 0x000000001981c800 Exception <a 'java/lang/ClassNotFoundException': org/gradle/api/internal/tasks/DefaultRealizableTaskCollectionBeanInfo> (0x00000000fa6a7e00) thrown at [C:\re\workspace\8-2-build-windows-amd64-cygwin\jdk8u181\11358\hotspot\src\share\vm\classfile\systemDict
Event: 110.283 Thread 0x000000001981c800 Exception <a 'java/lang/ClassNotFoundException': org/gradle/api/internal/tasks/DefaultRealizableTaskCollectionCustomizer> (0x00000000fa6c30a0) thrown at [C:\re\workspace\8-2-build-windows-amd64-cygwin\jdk8u181\11358\hotspot\src\share\vm\classfile\systemDi
Event: 110.285 Thread 0x000000001981c800 Exception <a 'java/lang/ClassNotFoundException': org/gradle/api/internal/tasks/DefaultRealizableTaskCollection_DecoratedCustomizer> (0x00000000fa733208) thrown at [C:\re\workspace\8-2-build-windows-amd64-cygwin\jdk8u181\11358\hotspot\src\share\vm\classfil
Event: 110.325 Thread 0x000000001981c800 Exception <a 'java/lang/ClassNotFoundException': spring_aspects_67nexhac9k3b5ft4kisqjtl8aBeanInfo> (0x00000000fa9fd318) thrown at [C:\re\workspace\8-2-build-windows-amd64-cygwin\jdk8u181\11358\hotspot\src\share\vm\classfile\systemDictionary.cpp, line 210]
Event: 110.326 Thread 0x000000001981c800 Exception <a 'java/lang/ClassNotFoundException': spring_aspects_67nexhac9k3b5ft4kisqjtl8aCustomizer> (0x00000000faa0a2c8) thrown at [C:\re\workspace\8-2-build-windows-amd64-cygwin\jdk8u181\11358\hotspot\src\share\vm\classfile\systemDictionary.cpp, line 21
Event: 110.485 Thread 0x000000001981c800 Exception <a 'java/lang/ClassNotFoundException': org/gradle/api/internal/tasks/DefaultTaskInputsBeanInfo> (0x00000000faac7ce0) thrown at [C:\re\workspace\8-2-build-windows-amd64-cygwin\jdk8u181\11358\hotspot\src\share\vm\classfile\systemDictionary.cpp, li
Event: 110.485 Thread 0x000000001981c800 Exception <a 'java/lang/ClassNotFoundException': org/gradle/api/internal/tasks/DefaultTaskInputsCustomizer> (0x00000000faaf7680) thrown at [C:\re\workspace\8-2-build-windows-amd64-cygwin\jdk8u181\11358\hotspot\src\share\vm\classfile\systemDictionary.cpp, 

Events (10 events):
Event: 110.487 loading class org/gradle/api/internal/tasks/DefaultTaskOutputFilePropertyRegistration
Event: 110.487 loading class org/gradle/api/internal/tasks/DefaultTaskOutputFilePropertyRegistration done
Event: 110.487 loading class org/gradle/api/internal/tasks/TaskOutputFilePropertyRegistration
Event: 110.487 loading class org/gradle/api/internal/tasks/TaskOutputFilePropertyRegistration done
Event: 110.489 loading class groovy/runtime/metaclass/spring_aspects_67nexhac9k3b5ft4kisqjtl8a$_run_closure2$_closure6MetaClass
Event: 110.489 loading class groovy/runtime/metaclass/spring_aspects_67nexhac9k3b5ft4kisqjtl8a$_run_closure2$_closure6MetaClass done
Event: 110.490 loading class groovy/runtime/metaclass/spring_aspects_67nexhac9k3b5ft4kisqjtl8a$_run_closure3MetaClass
Event: 110.490 loading class groovy/runtime/metaclass/spring_aspects_67nexhac9k3b5ft4kisqjtl8a$_run_closure3MetaClass done
Event: 110.492 loading class groovy/runtime/metaclass/spring_aspects_67nexhac9k3b5ft4kisqjtl8a$_run_closure3$_closure11MetaClass
Event: 110.492 loading class groovy/runtime/metaclass/spring_aspects_67nexhac9k3b5ft4kisqjtl8a$_run_closure3$_closure11MetaClass done


Dynamic libraries:
0x00007ff7df390000 - 0x00007ff7df3c7000 	C:\Program Files\Java\jdk1.8.0_181\bin\java.exe
0x00007ff97fff0000 - 0x00007ff9801d0000 	C:\Windows\SYSTEM32\ntdll.dll
0x00007ff97ef50000 - 0x00007ff97effe000 	C:\Windows\System32\KERNEL32.DLL
0x00007ff97cf90000 - 0x00007ff97d1f6000 	C:\Windows\System32\KERNELBASE.dll
0x00007ff97eea0000 - 0x00007ff97ef41000 	C:\Windows\System32\ADVAPI32.dll
0x00007ff97d690000 - 0x00007ff97d72d000 	C:\Windows\System32\msvcrt.dll
0x00007ff97ed10000 - 0x00007ff97ed6b000 	C:\Windows\System32\sechost.dll
0x00007ff97fe10000 - 0x00007ff97ff2f000 	C:\Windows\System32\RPCRT4.dll
0x00007ff97eb70000 - 0x00007ff97ecff000 	C:\Windows\System32\USER32.dll
0x00007ff97c440000 - 0x00007ff97c460000 	C:\Windows\System32\win32u.dll
0x00007ff97fde0000 - 0x00007ff97fe08000 	C:\Windows\System32\GDI32.dll
0x00007ff97d280000 - 0x00007ff97d413000 	C:\Windows\System32\gdi32full.dll
0x00007ff97d420000 - 0x00007ff97d4bb000 	C:\Windows\System32\msvcp_win.dll
0x00007ff97c740000 - 0x00007ff97c836000 	C:\Windows\System32\ucrtbase.dll
0x00007ff96aef0000 - 0x00007ff96b159000 	C:\Windows\WinSxS\amd64_microsoft.windows.common-controls_6595b64144ccf1df_6.0.16299.125_none_15cbcf8893620c09\COMCTL32.dll
0x00007ff97fad0000 - 0x00007ff97fdd8000 	C:\Windows\System32\combase.dll
0x00007ff97d200000 - 0x00007ff97d272000 	C:\Windows\System32\bcryptPrimitives.dll
0x00007ff97d4c0000 - 0x00007ff97d4ed000 	C:\Windows\System32\IMM32.DLL
0x0000000064880000 - 0x0000000064952000 	C:\Program Files\Java\jdk1.8.0_181\jre\bin\msvcr100.dll
0x0000000063fd0000 - 0x0000000064872000 	C:\Program Files\Java\jdk1.8.0_181\jre\bin\server\jvm.dll
0x00007ff97f8e0000 - 0x00007ff97f8e8000 	C:\Windows\System32\PSAPI.DLL
0x00007ff967870000 - 0x00007ff967879000 	C:\Windows\SYSTEM32\WSOCK32.dll
0x00007ff97f8f0000 - 0x00007ff97f95c000 	C:\Windows\System32\WS2_32.dll
0x00007ff97a5e0000 - 0x00007ff97a603000 	C:\Windows\SYSTEM32\WINMM.dll
0x00007ff97a2b0000 - 0x00007ff97a2da000 	C:\Windows\SYSTEM32\WINMMBASE.dll
0x00007ff977fd0000 - 0x00007ff977fda000 	C:\Windows\SYSTEM32\VERSION.dll
0x00007ff97c3f0000 - 0x00007ff97c43a000 	C:\Windows\System32\cfgmgr32.dll
0x0000000063fc0000 - 0x0000000063fcf000 	C:\Program Files\Java\jdk1.8.0_181\jre\bin\verify.dll
0x0000000063f90000 - 0x0000000063fb9000 	C:\Program Files\Java\jdk1.8.0_181\jre\bin\java.dll
0x0000000063f70000 - 0x0000000063f86000 	C:\Program Files\Java\jdk1.8.0_181\jre\bin\zip.dll
0x00007ff97d730000 - 0x00007ff97eb66000 	C:\Windows\System32\SHELL32.dll
0x00007ff97ed70000 - 0x00007ff97ee16000 	C:\Windows\System32\shcore.dll
0x00007ff97c840000 - 0x00007ff97cf87000 	C:\Windows\System32\windows.storage.dll
0x00007ff97ff60000 - 0x00007ff97ffb1000 	C:\Windows\System32\shlwapi.dll
0x00007ff97c3d0000 - 0x00007ff97c3e1000 	C:\Windows\System32\kernel.appcore.dll
0x00007ff97c380000 - 0x00007ff97c3cc000 	C:\Windows\System32\powrprof.dll
0x00007ff97c360000 - 0x00007ff97c37b000 	C:\Windows\System32\profapi.dll
0x0000000063f50000 - 0x0000000063f6a000 	C:\Program Files\Java\jdk1.8.0_181\jre\bin\net.dll
0x00007ff97bb20000 - 0x00007ff97bb86000 	C:\Windows\system32\mswsock.dll
0x0000000063f30000 - 0x0000000063f41000 	C:\Program Files\Java\jdk1.8.0_181\jre\bin\nio.dll
0x00007ff979050000 - 0x00007ff979076000 	D:\software\gradle-5.3.1\native\29\windows-amd64\native-platform.dll
0x0000000063d40000 - 0x0000000063d4d000 	C:\Program Files\Java\jdk1.8.0_181\jre\bin\management.dll
0x00007ff97bd40000 - 0x00007ff97bd57000 	C:\Windows\SYSTEM32\CRYPTSP.dll
0x00007ff97b730000 - 0x00007ff97b763000 	C:\Windows\system32\rsaenh.dll
0x00007ff97be50000 - 0x00007ff97be75000 	C:\Windows\SYSTEM32\bcrypt.dll
0x00007ff97c240000 - 0x00007ff97c269000 	C:\Windows\SYSTEM32\USERENV.dll
0x00007ff97bd60000 - 0x00007ff97bd6b000 	C:\Windows\SYSTEM32\CRYPTBASE.dll
0x00007ff97b8b0000 - 0x00007ff97b8e9000 	C:\Windows\SYSTEM32\IPHLPAPI.DLL
0x00007ff97ed00000 - 0x00007ff97ed08000 	C:\Windows\System32\NSI.dll
0x00007ff977370000 - 0x00007ff977386000 	C:\Windows\SYSTEM32\dhcpcsvc6.DLL
0x00007ff977340000 - 0x00007ff97735a000 	C:\Windows\SYSTEM32\dhcpcsvc.DLL

VM Arguments:
jvm_args: -XX:MaxMetaspaceSize=256m -XX:+HeapDumpOnOutOfMemoryError -Xms256m -Xmx512m -Dfile.encoding=GBK -Duser.country=CN -Duser.language=zh -Duser.variant 
java_command: org.gradle.launcher.daemon.bootstrap.GradleDaemon 5.3.1
java_class_path (initial): D:\software\gradle-5.3.1\lib\gradle-launcher-5.3.1.jar
Launcher Type: SUN_STANDARD

Environment Variables:
JAVA_HOME=C:\Program Files\Java\jdk1.8.0_181
CLASSPATH=.;C:\Program Files\Java\jdk1.8.0_181\lib\dt.jar;C:\Program Files\Java\jdk1.8.0_181\lib\tools.jar;C:\Program Files\apache-tomcat-8.5.34\lib\servlet-api.jar;
PATH=C:\Program Files (x86)\Common Files\NetSarang;C:\Program Files\Java\jdk1.8.0_181\bin;C:\Program Files (x86)\Common Files\Oracle\Java\javapath;C:\Windows\system32;C:\Windows;C:\Windows\System32\Wbem;C:\Windows\System32\WindowsPowerShell\v1.0\;C:\Program Files (x86)\NVIDIA Corporation\PhysX\Common;C:\Program Files\nodejs\;D:\software\apache-maven-3.6.0\bin;C:\Program Files\Java\jdk1.8.0_181\jre\bin;C:\Program Files\VisualSVN Server\bin;C:\Program Files\TortoiseSVN\bin;D:\software\gradle-5.3.1\bin;C:\Users\Administrator\AppData\Local\Microsoft\WindowsApps;;C:\Program Files\Microsoft VS Code\bin;C:\Users\Administrator\AppData\Roaming\npm
USERNAME=Administrator
OS=Windows_NT
PROCESSOR_IDENTIFIER=Intel64 Family 6 Model 158 Stepping 9, GenuineIntel



---------------  S Y S T E M  ---------------

OS: Windows 10.0 , 64 bit Build 16299 (10.0.16299.15)

CPU:total 8 (initial active 8) (4 cores per cpu, 2 threads per core) family 6 model 158 stepping 9, cmov, cx8, fxsr, mmx, sse, sse2, sse3, ssse3, sse4.1, sse4.2, popcnt, avx, avx2, aes, clmul, erms, rtm, 3dnowpref, lzcnt, ht, tsc, tscinvbit, bmi1, bmi2, adx

Memory: 4k page, physical 16662280k(439408k free), swap 27148164k(4152k free)

vm_info: Java HotSpot(TM) 64-Bit Server VM (25.181-b13) for windows-amd64 JRE (1.8.0_181-b13), built on Jul  7 2018 04:01:33 by "java_re" with MS VC++ 10.0 (VS2010)

time: Sat Apr 13 14:10:09 2019
elapsed time: 110 seconds (0d 0h 1m 50s)

