#
# There is insufficient memory for the Java Runtime Environment to continue.
# Native memory allocation (malloc) failed to allocate 1074880 bytes for Chunk::new
# Possible reasons:
#   The system is out of physical RAM or swap space
#   In 32 bit mode, the process size limit was hit
# Possible solutions:
#   Reduce memory load on the system
#   Increase physical memory or swap space
#   Check if swap backing store is full
#   Use 64 bit Java on a 64 bit OS
#   Decrease Java heap size (-Xmx/-Xms)
#   Decrease number of Java threads
#   Decrease Java thread stack sizes (-Xss)
#   Set larger code cache with -XX:ReservedCodeCacheSize=
# This output file may be truncated or incomplete.
#
#  Out of Memory Error (allocation.cpp:390), pid=13752, tid=0x0000000000003cec
#
# JRE version: Java(TM) SE Runtime Environment (8.0_181-b13) (build 1.8.0_181-b13)
# Java VM: Java HotSpot(TM) 64-Bit Server VM (25.181-b13 mixed mode windows-amd64 compressed oops)
# Failed to write core dump. Minidumps are not enabled by default on client versions of Windows
#

---------------  T H R E A D  ---------------

Current thread (0x000000001646b000):  JavaThread "C2 CompilerThread0" daemon [_thread_in_native, id=15596, stack(0x0000000018a30000,0x0000000018b30000)]

Stack: [0x0000000018a30000,0x0000000018b30000]
[error occurred during error reporting (printing stack bounds), id 0xc0000005]

Native frames: (J=compiled Java code, j=interpreted, Vv=VM code, C=native code)


Current CompileTask:
C2:  85888 2735       4       groovy.lang.MetaClassImpl$1MOPIter::methodNameAction (325 bytes)


---------------  P R O C E S S  ---------------

Java Threads: ( => current thread )
  0x000000001a21d800 JavaThread "Cache worker for execution history cache (D:\software\gradle-5.3.1\caches\5.3.1\executionHistory)" [_thread_blocked, id=17120, stack(0x0000000020d90000,0x0000000020e90000)]
  0x000000001a220000 JavaThread "Cache worker for cache directory md-rule (D:\software\gradle-5.3.1\caches\5.3.1\md-rule)" [_thread_blocked, id=15336, stack(0x0000000020c90000,0x0000000020d90000)]
  0x000000001a21f000 JavaThread "Cache worker for cache directory md-supplier (D:\software\gradle-5.3.1\caches\5.3.1\md-supplier)" [_thread_blocked, id=10384, stack(0x0000000020b90000,0x0000000020c90000)]
  0x000000001a21b800 JavaThread "Cache worker for file hash cache (D:\code\spring-framework\.gradle\5.3.1\fileHashes)" [_thread_blocked, id=708, stack(0x000000001efc0000,0x000000001f0c0000)]
  0x000000001a21c000 JavaThread "Cache worker for journal cache (D:\software\gradle-5.3.1\caches\journal-1)" [_thread_blocked, id=17840, stack(0x000000001bcc0000,0x000000001bdc0000)]
  0x000000001a222000 JavaThread "File lock release action executor" [_thread_blocked, id=8260, stack(0x000000001bbc0000,0x000000001bcc0000)]
  0x000000001a21e800 JavaThread "File lock request listener" [_thread_in_native, id=15428, stack(0x000000001bac0000,0x000000001bbc0000)]
  0x000000001a220800 JavaThread "Cache worker for file hash cache (D:\software\gradle-5.3.1\caches\5.3.1\fileHashes)" [_thread_blocked, id=16864, stack(0x000000001b7c0000,0x000000001b8c0000)]
  0x000000001938d800 JavaThread "Thread-9" [_thread_blocked, id=13668, stack(0x000000001b5c0000,0x000000001b6c0000)]
  0x0000000019837800 JavaThread "Asynchronous log dispatcher for DefaultDaemonConnection: socket connection from /127.0.0.1:64975 to /127.0.0.1:64986" [_thread_blocked, id=3940, stack(0x000000001b3c0000,0x000000001b4c0000)]
  0x0000000019830800 JavaThread "Daemon worker" [_thread_blocked, id=17956, stack(0x000000001b2c0000,0x000000001b3c0000)]
  0x000000001936e800 JavaThread "Cancel handler" [_thread_blocked, id=18776, stack(0x000000001b1c0000,0x000000001b2c0000)]
  0x0000000018504800 JavaThread "Handler for socket connection from /127.0.0.1:64975 to /127.0.0.1:64986" [_thread_in_native, id=19204, stack(0x000000001aec0000,0x000000001afc0000)]
  0x00000000184fb800 JavaThread "Daemon" [_thread_blocked, id=13896, stack(0x000000001adc0000,0x000000001aec0000)]
  0x0000000019818800 JavaThread "Daemon periodic checks" [_thread_blocked, id=19372, stack(0x000000001acc0000,0x000000001adc0000)]
  0x00000000193d5800 JavaThread "Incoming local TCP Connector on port 64975" [_thread_in_native, id=19056, stack(0x000000001ab20000,0x000000001ac20000)]
  0x000000001a085800 JavaThread "Daemon health stats" [_thread_blocked, id=14516, stack(0x000000001a800000,0x000000001a900000)]
  0x00000000183cd800 JavaThread "Service Thread" daemon [_thread_blocked, id=13820, stack(0x0000000018e30000,0x0000000018f30000)]
  0x00000000183c7000 JavaThread "C1 CompilerThread3" daemon [_thread_blocked, id=14272, stack(0x0000000018d30000,0x0000000018e30000)]
  0x00000000183c1000 JavaThread "C2 CompilerThread2" daemon [_thread_blocked, id=1796, stack(0x0000000018c30000,0x0000000018d30000)]
  0x000000001646e000 JavaThread "C2 CompilerThread1" daemon [_thread_in_native, id=17496, stack(0x0000000018b30000,0x0000000018c30000)]
=>0x000000001646b000 JavaThread "C2 CompilerThread0" daemon [_thread_in_native, id=15596, stack(0x0000000018a30000,0x0000000018b30000)]
  0x000000001836d000 JavaThread "Attach Listener" daemon [_thread_blocked, id=11256, stack(0x0000000018930000,0x0000000018a30000)]
  0x0000000018356800 JavaThread "Signal Dispatcher" daemon [_thread_blocked, id=19212, stack(0x0000000018830000,0x0000000018930000)]
  0x0000000004bee800 JavaThread "Finalizer" daemon [_thread_blocked, id=18448, stack(0x0000000018730000,0x0000000018830000)]
  0x0000000004be5000 JavaThread "Reference Handler" daemon [_thread_blocked, id=12328, stack(0x0000000018230000,0x0000000018330000)]
  0x000000000468e800 JavaThread "main" [_thread_blocked, id=14328, stack(0x0000000004530000,0x0000000004630000)]

Other Threads:
  0x000000001645a000 VMThread [stack: 0x0000000018130000,0x0000000018230000] [id=18508]
  0x00000000183d1000 WatcherThread [stack: 0x0000000018f30000,0x0000000019030000] [id=14376]

VM state:not at safepoint (normal execution)

VM Mutex/Monitor currently owned by a thread: None

Heap:
 PSYoungGen      total 163840K, used 18102K [0x00000000f5580000, 0x0000000100000000, 0x0000000100000000)
  eden space 153088K, 4% used [0x00000000f5580000,0x00000000f5caf388,0x00000000feb00000)
  from space 10752K, 99% used [0x00000000ff580000,0x00000000ffffe550,0x0000000100000000)
  to   space 10752K, 0% used [0x00000000feb00000,0x00000000feb00000,0x00000000ff580000)
 ParOldGen       total 175104K, used 11656K [0x00000000e0000000, 0x00000000eab00000, 0x00000000f5580000)
  object space 175104K, 6% used [0x00000000e0000000,0x00000000e0b620f0,0x00000000eab00000)
 Metaspace       used 32323K, capacity 32986K, committed 33152K, reserved 1077248K
  class space    used 4488K, capacity 4683K, committed 4736K, reserved 1048576K

Card table byte_map: [0x0000000013fb0000,0x00000000140c0000] byte_map_base: 0x00000000138b0000

Marking Bits: (ParMarkBitMap*) 0x00000000647f2d00
 Begin Bits: [0x0000000014970000, 0x0000000015170000)
 End Bits:   [0x0000000015170000, 0x0000000015970000)

Polling page: 0x0000000002a40000

CodeCache: size=245760Kb used=9030Kb max_used=9200Kb free=236730Kb
 bounds [0x0000000004bf0000, 0x0000000005500000, 0x0000000013bf0000]
 total_blobs=3168 nmethods=2484 adapters=596
 compilation: enabled

Compilation events (10 events):
Event: 85.781 Thread 0x00000000183c7000 nmethod 2812 0x0000000004f4a050 code [0x0000000004f4a1c0, 0x0000000004f4a3e8]
Event: 85.782 Thread 0x00000000183c1000 2813       4       java.util.ArrayList::<init> (61 bytes)
Event: 85.782 Thread 0x00000000183c7000 2814       1       com.google.common.base.Suppliers$SupplierOfInstance::get (5 bytes)
Event: 85.782 Thread 0x00000000183c7000 nmethod 2814 0x0000000004fbfe10 code [0x0000000004fbff60, 0x0000000004fc0070]
Event: 85.783 Thread 0x00000000183c7000 2815       3       org.gradle.internal.service.DefaultServiceRegistry$InstanceUnpackingVisitor::visit (24 bytes)
Event: 85.783 Thread 0x00000000183c1000 nmethod 2813 0x0000000004f34150 code [0x0000000004f342a0, 0x0000000004f34418]
Event: 85.783 Thread 0x00000000183c7000 nmethod 2815 0x0000000004d7cad0 code [0x0000000004d7cc80, 0x0000000004d7d258]
Event: 85.784 Thread 0x00000000183c7000 2816       3       java.util.Arrays::fill (21 bytes)
Event: 85.784 Thread 0x00000000183c7000 nmethod 2816 0x00000000050ade90 code [0x00000000050ae000, 0x00000000050ae1f0]
Event: 85.786 Thread 0x000000001646e000 2817   !   4       sun.misc.URLClassPath$JarLoader::getResource (353 bytes)

GC Heap History (10 events):
Event: 5.736 GC heap before
{Heap before GC invocations=1 (full 0):
 PSYoungGen      total 76288K, used 65536K [0x00000000f5580000, 0x00000000faa80000, 0x0000000100000000)
  eden space 65536K, 100% used [0x00000000f5580000,0x00000000f9580000,0x00000000f9580000)
  from space 10752K, 0% used [0x00000000fa000000,0x00000000fa000000,0x00000000faa80000)
  to   space 10752K, 0% used [0x00000000f9580000,0x00000000f9580000,0x00000000fa000000)
 ParOldGen       total 175104K, used 0K [0x00000000e0000000, 0x00000000eab00000, 0x00000000f5580000)
  object space 175104K, 0% used [0x00000000e0000000,0x00000000e0000000,0x00000000eab00000)
 Metaspace       used 10115K, capacity 10474K, committed 10752K, reserved 1058816K
  class space    used 1376K, capacity 1489K, committed 1536K, reserved 1048576K
Event: 5.823 GC heap after
Heap after GC invocations=1 (full 0):
 PSYoungGen      total 76288K, used 7728K [0x00000000f5580000, 0x00000000fea80000, 0x0000000100000000)
  eden space 65536K, 0% used [0x00000000f5580000,0x00000000f5580000,0x00000000f9580000)
  from space 10752K, 71% used [0x00000000f9580000,0x00000000f9d0c0f8,0x00000000fa000000)
  to   space 10752K, 0% used [0x00000000fe000000,0x00000000fe000000,0x00000000fea80000)
 ParOldGen       total 175104K, used 8K [0x00000000e0000000, 0x00000000eab00000, 0x00000000f5580000)
  object space 175104K, 0% used [0x00000000e0000000,0x00000000e0002000,0x00000000eab00000)
 Metaspace       used 10115K, capacity 10474K, committed 10752K, reserved 1058816K
  class space    used 1376K, capacity 1489K, committed 1536K, reserved 1048576K
}
Event: 15.231 GC heap before
{Heap before GC invocations=2 (full 0):
 PSYoungGen      total 76288K, used 73264K [0x00000000f5580000, 0x00000000fea80000, 0x0000000100000000)
  eden space 65536K, 100% used [0x00000000f5580000,0x00000000f9580000,0x00000000f9580000)
  from space 10752K, 71% used [0x00000000f9580000,0x00000000f9d0c0f8,0x00000000fa000000)
  to   space 10752K, 0% used [0x00000000fe000000,0x00000000fe000000,0x00000000fea80000)
 ParOldGen       total 175104K, used 8K [0x00000000e0000000, 0x00000000eab00000, 0x00000000f5580000)
  object space 175104K, 0% used [0x00000000e0000000,0x00000000e0002000,0x00000000eab00000)
 Metaspace       used 16259K, capacity 16700K, committed 16896K, reserved 1062912K
  class space    used 2361K, capacity 2524K, committed 2560K, reserved 1048576K
Event: 15.799 GC heap after
Heap after GC invocations=2 (full 0):
 PSYoungGen      total 141824K, used 10360K [0x00000000f5580000, 0x00000000fea80000, 0x0000000100000000)
  eden space 131072K, 0% used [0x00000000f5580000,0x00000000f5580000,0x00000000fd580000)
  from space 10752K, 96% used [0x00000000fe000000,0x00000000fea1e160,0x00000000fea80000)
  to   space 10752K, 0% used [0x00000000fd580000,0x00000000fd580000,0x00000000fe000000)
 ParOldGen       total 175104K, used 16K [0x00000000e0000000, 0x00000000eab00000, 0x00000000f5580000)
  object space 175104K, 0% used [0x00000000e0000000,0x00000000e0004000,0x00000000eab00000)
 Metaspace       used 16259K, capacity 16700K, committed 16896K, reserved 1062912K
  class space    used 2361K, capacity 2524K, committed 2560K, reserved 1048576K
}
Event: 44.953 GC heap before
{Heap before GC invocations=3 (full 0):
 PSYoungGen      total 141824K, used 66465K [0x00000000f5580000, 0x00000000fea80000, 0x0000000100000000)
  eden space 131072K, 42% used [0x00000000f5580000,0x00000000f8c4a430,0x00000000fd580000)
  from space 10752K, 96% used [0x00000000fe000000,0x00000000fea1e160,0x00000000fea80000)
  to   space 10752K, 0% used [0x00000000fd580000,0x00000000fd580000,0x00000000fe000000)
 ParOldGen       total 175104K, used 16K [0x00000000e0000000, 0x00000000eab00000, 0x00000000f5580000)
  object space 175104K, 0% used [0x00000000e0000000,0x00000000e0004000,0x00000000eab00000)
 Metaspace       used 20547K, capacity 21086K, committed 21248K, reserved 1067008K
  class space    used 3040K, capacity 3224K, committed 3328K, reserved 1048576K
Event: 45.063 GC heap after
Heap after GC invocations=3 (full 0):
 PSYoungGen      total 141824K, used 10495K [0x00000000f5580000, 0x0000000100000000, 0x0000000100000000)
  eden space 131072K, 0% used [0x00000000f5580000,0x00000000f5580000,0x00000000fd580000)
  from space 10752K, 97% used [0x00000000fd580000,0x00000000fdfbfe78,0x00000000fe000000)
  to   space 10752K, 0% used [0x00000000ff580000,0x00000000ff580000,0x0000000100000000)
 ParOldGen       total 175104K, used 24K [0x00000000e0000000, 0x00000000eab00000, 0x00000000f5580000)
  object space 175104K, 0% used [0x00000000e0000000,0x00000000e0006000,0x00000000eab00000)
 Metaspace       used 20547K, capacity 21086K, committed 21248K, reserved 1067008K
  class space    used 3040K, capacity 3224K, committed 3328K, reserved 1048576K
}
Event: 45.063 GC heap before
{Heap before GC invocations=4 (full 1):
 PSYoungGen      total 141824K, used 10495K [0x00000000f5580000, 0x0000000100000000, 0x0000000100000000)
  eden space 131072K, 0% used [0x00000000f5580000,0x00000000f5580000,0x00000000fd580000)
  from space 10752K, 97% used [0x00000000fd580000,0x00000000fdfbfe78,0x00000000fe000000)
  to   space 10752K, 0% used [0x00000000ff580000,0x00000000ff580000,0x0000000100000000)
 ParOldGen       total 175104K, used 24K [0x00000000e0000000, 0x00000000eab00000, 0x00000000f5580000)
  object space 175104K, 0% used [0x00000000e0000000,0x00000000e0006000,0x00000000eab00000)
 Metaspace       used 20547K, capacity 21086K, committed 21248K, reserved 1067008K
  class space    used 3040K, capacity 3224K, committed 3328K, reserved 1048576K
Event: 45.128 GC heap after
Heap after GC invocations=4 (full 1):
 PSYoungGen      total 141824K, used 0K [0x00000000f5580000, 0x0000000100000000, 0x0000000100000000)
  eden space 131072K, 0% used [0x00000000f5580000,0x00000000f5580000,0x00000000fd580000)
  from space 10752K, 0% used [0x00000000fd580000,0x00000000fd580000,0x00000000fe000000)
  to   space 10752K, 0% used [0x00000000ff580000,0x00000000ff580000,0x0000000100000000)
 ParOldGen       total 175104K, used 10211K [0x00000000e0000000, 0x00000000eab00000, 0x00000000f5580000)
  object space 175104K, 5% used [0x00000000e0000000,0x00000000e09f8cc8,0x00000000eab00000)
 Metaspace       used 20547K, capacity 21086K, committed 21248K, reserved 1067008K
  class space    used 3040K, capacity 3224K, committed 3328K, reserved 1048576K
}
Event: 85.592 GC heap before
{Heap before GC invocations=5 (full 1):
 PSYoungGen      total 141824K, used 131072K [0x00000000f5580000, 0x0000000100000000, 0x0000000100000000)
  eden space 131072K, 100% used [0x00000000f5580000,0x00000000fd580000,0x00000000fd580000)
  from space 10752K, 0% used [0x00000000fd580000,0x00000000fd580000,0x00000000fe000000)
  to   space 10752K, 0% used [0x00000000ff580000,0x00000000ff580000,0x0000000100000000)
 ParOldGen       total 175104K, used 10211K [0x00000000e0000000, 0x00000000eab00000, 0x00000000f5580000)
  object space 175104K, 5% used [0x00000000e0000000,0x00000000e09f8cc8,0x00000000eab00000)
 Metaspace       used 32088K, capacity 32776K, committed 32896K, reserved 1077248K
  class space    used 4463K, capacity 4678K, committed 4736K, reserved 1048576K
Event: 85.693 GC heap after
Heap after GC invocations=5 (full 1):
 PSYoungGen      total 163840K, used 10745K [0x00000000f5580000, 0x0000000100000000, 0x0000000100000000)
  eden space 153088K, 0% used [0x00000000f5580000,0x00000000f5580000,0x00000000feb00000)
  from space 10752K, 99% used [0x00000000ff580000,0x00000000ffffe550,0x0000000100000000)
  to   space 10752K, 0% used [0x00000000feb00000,0x00000000feb00000,0x00000000ff580000)
 ParOldGen       total 175104K, used 11656K [0x00000000e0000000, 0x00000000eab00000, 0x00000000f5580000)
  object space 175104K, 6% used [0x00000000e0000000,0x00000000e0b620f0,0x00000000eab00000)
 Metaspace       used 32088K, capacity 32776K, committed 32896K, reserved 1077248K
  class space    used 4463K, capacity 4678K, committed 4736K, reserved 1048576K
}

Deoptimization events (10 events):
Event: 45.837 Thread 0x0000000019830800 Uncommon trap: reason=class_check action=maybe_recompile pc=0x0000000004d59398 method=java.util.regex.Pattern$BmpCharProperty.match(Ljava/util/regex/Matcher;ILjava/lang/CharSequence;)Z @ 11
Event: 45.837 Thread 0x0000000019830800 Uncommon trap: reason=class_check action=maybe_recompile pc=0x0000000004d59398 method=java.util.regex.Pattern$BmpCharProperty.match(Ljava/util/regex/Matcher;ILjava/lang/CharSequence;)Z @ 11
Event: 45.837 Thread 0x0000000019830800 Uncommon trap: reason=class_check action=maybe_recompile pc=0x0000000004d59398 method=java.util.regex.Pattern$BmpCharProperty.match(Ljava/util/regex/Matcher;ILjava/lang/CharSequence;)Z @ 11
Event: 45.837 Thread 0x0000000019830800 Uncommon trap: reason=class_check action=maybe_recompile pc=0x0000000004d59398 method=java.util.regex.Pattern$BmpCharProperty.match(Ljava/util/regex/Matcher;ILjava/lang/CharSequence;)Z @ 11
Event: 45.957 Thread 0x0000000019830800 Uncommon trap: reason=unstable_if action=reinterpret pc=0x0000000004e907b0 method=java.util.LinkedHashMap.afterNodeInsertion(Z)V @ 1
Event: 46.848 Thread 0x0000000019830800 Uncommon trap: reason=unstable_if action=reinterpret pc=0x0000000004e6c1c4 method=java.io.WinNTFileSystem.resolve(Ljava/lang/String;Ljava/lang/String;)Ljava/lang/String; @ 19
Event: 47.091 Thread 0x0000000019830800 Uncommon trap: reason=unstable_if action=reinterpret pc=0x0000000004e0f6bc method=java.lang.String$CaseInsensitiveComparator.compare(Ljava/lang/String;Ljava/lang/String;)I @ 70
Event: 85.006 Thread 0x0000000019830800 Uncommon trap: reason=unstable_if action=reinterpret pc=0x00000000053fcc50 method=java.util.WeakHashMap.put(Ljava/lang/Object;Ljava/lang/Object;)Ljava/lang/Object; @ 72
Event: 85.716 Thread 0x0000000019830800 Uncommon trap: reason=unstable_if action=reinterpret pc=0x00000000051b5a14 method=org.codehaus.groovy.runtime.metaclass.MetaMethodIndex.addMethodToList(Ljava/lang/Object;Lgroovy/lang/MetaMethod;)Ljava/lang/Object; @ 226
Event: 85.716 Thread 0x0000000019830800 Uncommon trap: reason=unstable_if action=reinterpret pc=0x00000000054e6918 method=java.lang.Class$MethodArray.addIfNotPresent(Ljava/lang/reflect/Method;)V @ 19

Classes redefined (0 events):
No events

Internal exceptions (10 events):
Event: 85.719 Thread 0x0000000019830800 Exception <a 'java/lang/ClassNotFoundException': java/util/AbstractCollectionBeanInfo> (0x00000000f58bd7c0) thrown at [C:\re\workspace\8-2-build-windows-amd64-cygwin\jdk8u181\11358\hotspot\src\share\vm\classfile\systemDictionary.cpp, line 210]
Event: 85.719 Thread 0x0000000019830800 Exception <a 'java/lang/ClassNotFoundException': java/util/AbstractCollectionCustomizer> (0x00000000f58c5240) thrown at [C:\re\workspace\8-2-build-windows-amd64-cygwin\jdk8u181\11358\hotspot\src\share\vm\classfile\systemDictionary.cpp, line 210]
Event: 85.721 Thread 0x0000000019830800 Exception <a 'java/lang/ClassNotFoundException': java/util/AbstractSetCustomizer> (0x00000000f58d71e8) thrown at [C:\re\workspace\8-2-build-windows-amd64-cygwin\jdk8u181\11358\hotspot\src\share\vm\classfile\systemDictionary.cpp, line 210]
Event: 85.721 Thread 0x0000000019830800 Exception <a 'java/lang/ClassNotFoundException': java/util/HashSetCustomizer> (0x00000000f58e3658) thrown at [C:\re\workspace\8-2-build-windows-amd64-cygwin\jdk8u181\11358\hotspot\src\share\vm\classfile\systemDictionary.cpp, line 210]
Event: 85.749 Thread 0x0000000019830800 Exception <a 'java/lang/ClassNotFoundException': org/gradle/invocation/DefaultGradle_DecoratedBeanInfo> (0x00000000f59de428) thrown at [C:\re\workspace\8-2-build-windows-amd64-cygwin\jdk8u181\11358\hotspot\src\share\vm\classfile\systemDictionary.cpp, line
Event: 85.759 Thread 0x0000000019830800 Exception <a 'java/lang/ClassNotFoundException': org/gradle/invocation/DefaultGradleBeanInfo> (0x00000000f5a07bc0) thrown at [C:\re\workspace\8-2-build-windows-amd64-cygwin\jdk8u181\11358\hotspot\src\share\vm\classfile\systemDictionary.cpp, line 210]
Event: 85.760 Thread 0x0000000019830800 Exception <a 'java/lang/ClassNotFoundException': org/gradle/api/internal/project/AbstractPluginAwareBeanInfo> (0x00000000f5a395a8) thrown at [C:\re\workspace\8-2-build-windows-amd64-cygwin\jdk8u181\11358\hotspot\src\share\vm\classfile\systemDictionary.cpp
Event: 85.762 Thread 0x0000000019830800 Exception <a 'java/lang/ClassNotFoundException': org/gradle/api/internal/project/AbstractPluginAwareCustomizer> (0x00000000f5a6ba78) thrown at [C:\re\workspace\8-2-build-windows-amd64-cygwin\jdk8u181\11358\hotspot\src\share\vm\classfile\systemDictionary.c
Event: 85.763 Thread 0x0000000019830800 Exception <a 'java/lang/ClassNotFoundException': org/gradle/invocation/DefaultGradleCustomizer> (0x00000000f5a9d670) thrown at [C:\re\workspace\8-2-build-windows-amd64-cygwin\jdk8u181\11358\hotspot\src\share\vm\classfile\systemDictionary.cpp, line 210]
Event: 85.772 Thread 0x0000000019830800 Exception <a 'java/lang/ClassNotFoundException': org/gradle/invocation/DefaultGradle_DecoratedCustomizer> (0x00000000f5b13468) thrown at [C:\re\workspace\8-2-build-windows-amd64-cygwin\jdk8u181\11358\hotspot\src\share\vm\classfile\systemDictionary.cpp, li

Events (10 events):
Event: 85.781 loading class org/gradle/composite/internal/DefaultNestedBuild
Event: 85.781 loading class org/gradle/composite/internal/DefaultNestedBuild done
Event: 85.783 loading class org/gradle/internal/service/scopes/GradleScopeServices$2
Event: 85.783 loading class org/gradle/internal/service/scopes/GradleScopeServices$2 done
Event: 85.784 loading class org/gradle/composite/internal/IncludedBuildControllers$1
Event: 85.784 loading class org/gradle/composite/internal/IncludedBuildControllers$1 done
Event: 85.784 loading class org/gradle/initialization/buildsrc/BuildSourceBuilder$3
Event: 85.784 loading class org/gradle/initialization/buildsrc/BuildSourceBuilder$3 done
Event: 85.786 loading class org/gradle/cache/internal/filelock/Version1LockStateSerializer
Event: 85.786 loading class org/gradle/cache/internal/filelock/Version1LockStateSerializer done


Dynamic libraries:
0x00007ff7df390000 - 0x00007ff7df3c7000 	C:\Program Files\Java\jdk1.8.0_181\bin\java.exe
0x00007ff97fff0000 - 0x00007ff9801d0000 	C:\Windows\SYSTEM32\ntdll.dll
0x00007ff97ef50000 - 0x00007ff97effe000 	C:\Windows\System32\KERNEL32.DLL
0x00007ff97cf90000 - 0x00007ff97d1f6000 	C:\Windows\System32\KERNELBASE.dll
0x00007ff97eea0000 - 0x00007ff97ef41000 	C:\Windows\System32\ADVAPI32.dll
0x00007ff97d690000 - 0x00007ff97d72d000 	C:\Windows\System32\msvcrt.dll
0x00007ff97ed10000 - 0x00007ff97ed6b000 	C:\Windows\System32\sechost.dll
0x00007ff97fe10000 - 0x00007ff97ff2f000 	C:\Windows\System32\RPCRT4.dll
0x00007ff97eb70000 - 0x00007ff97ecff000 	C:\Windows\System32\USER32.dll
0x00007ff97c440000 - 0x00007ff97c460000 	C:\Windows\System32\win32u.dll
0x00007ff97fde0000 - 0x00007ff97fe08000 	C:\Windows\System32\GDI32.dll
0x00007ff97d280000 - 0x00007ff97d413000 	C:\Windows\System32\gdi32full.dll
0x00007ff97d420000 - 0x00007ff97d4bb000 	C:\Windows\System32\msvcp_win.dll
0x00007ff97c740000 - 0x00007ff97c836000 	C:\Windows\System32\ucrtbase.dll
0x00007ff96aef0000 - 0x00007ff96b159000 	C:\Windows\WinSxS\amd64_microsoft.windows.common-controls_6595b64144ccf1df_6.0.16299.125_none_15cbcf8893620c09\COMCTL32.dll
0x00007ff97fad0000 - 0x00007ff97fdd8000 	C:\Windows\System32\combase.dll
0x00007ff97d200000 - 0x00007ff97d272000 	C:\Windows\System32\bcryptPrimitives.dll
0x00007ff97d4c0000 - 0x00007ff97d4ed000 	C:\Windows\System32\IMM32.DLL
0x0000000064880000 - 0x0000000064952000 	C:\Program Files\Java\jdk1.8.0_181\jre\bin\msvcr100.dll
0x0000000063fd0000 - 0x0000000064872000 	C:\Program Files\Java\jdk1.8.0_181\jre\bin\server\jvm.dll
0x00007ff97f8e0000 - 0x00007ff97f8e8000 	C:\Windows\System32\PSAPI.DLL
0x00007ff967870000 - 0x00007ff967879000 	C:\Windows\SYSTEM32\WSOCK32.dll
0x00007ff97f8f0000 - 0x00007ff97f95c000 	C:\Windows\System32\WS2_32.dll
0x00007ff97a5e0000 - 0x00007ff97a603000 	C:\Windows\SYSTEM32\WINMM.dll
0x00007ff977fd0000 - 0x00007ff977fda000 	C:\Windows\SYSTEM32\VERSION.dll
0x00007ff97a2b0000 - 0x00007ff97a2da000 	C:\Windows\SYSTEM32\WINMMBASE.dll
0x00007ff97c3f0000 - 0x00007ff97c43a000 	C:\Windows\System32\cfgmgr32.dll
0x0000000063fc0000 - 0x0000000063fcf000 	C:\Program Files\Java\jdk1.8.0_181\jre\bin\verify.dll
0x0000000063f90000 - 0x0000000063fb9000 	C:\Program Files\Java\jdk1.8.0_181\jre\bin\java.dll
0x0000000063f70000 - 0x0000000063f86000 	C:\Program Files\Java\jdk1.8.0_181\jre\bin\zip.dll
0x00007ff97d730000 - 0x00007ff97eb66000 	C:\Windows\System32\SHELL32.dll
0x00007ff97ed70000 - 0x00007ff97ee16000 	C:\Windows\System32\shcore.dll
0x00007ff97c840000 - 0x00007ff97cf87000 	C:\Windows\System32\windows.storage.dll
0x00007ff97ff60000 - 0x00007ff97ffb1000 	C:\Windows\System32\shlwapi.dll
0x00007ff97c3d0000 - 0x00007ff97c3e1000 	C:\Windows\System32\kernel.appcore.dll
0x00007ff97c380000 - 0x00007ff97c3cc000 	C:\Windows\System32\powrprof.dll
0x00007ff97c360000 - 0x00007ff97c37b000 	C:\Windows\System32\profapi.dll
0x0000000063f50000 - 0x0000000063f6a000 	C:\Program Files\Java\jdk1.8.0_181\jre\bin\net.dll
0x00007ff97bb20000 - 0x00007ff97bb86000 	C:\Windows\system32\mswsock.dll
0x0000000063f30000 - 0x0000000063f41000 	C:\Program Files\Java\jdk1.8.0_181\jre\bin\nio.dll
0x00007ff979050000 - 0x00007ff979076000 	D:\software\gradle-5.3.1\native\29\windows-amd64\native-platform.dll
0x0000000063d40000 - 0x0000000063d4d000 	C:\Program Files\Java\jdk1.8.0_181\jre\bin\management.dll
0x00007ff97bd40000 - 0x00007ff97bd57000 	C:\Windows\SYSTEM32\CRYPTSP.dll
0x00007ff97b730000 - 0x00007ff97b763000 	C:\Windows\system32\rsaenh.dll
0x00007ff97be50000 - 0x00007ff97be75000 	C:\Windows\SYSTEM32\bcrypt.dll
0x00007ff97c240000 - 0x00007ff97c269000 	C:\Windows\SYSTEM32\USERENV.dll
0x00007ff97bd60000 - 0x00007ff97bd6b000 	C:\Windows\SYSTEM32\CRYPTBASE.dll
0x00007ff97b8b0000 - 0x00007ff97b8e9000 	C:\Windows\SYSTEM32\IPHLPAPI.DLL
0x00007ff97ed00000 - 0x00007ff97ed08000 	C:\Windows\System32\NSI.dll
0x00007ff977370000 - 0x00007ff977386000 	C:\Windows\SYSTEM32\dhcpcsvc6.DLL
0x00007ff977340000 - 0x00007ff97735a000 	C:\Windows\SYSTEM32\dhcpcsvc.DLL

VM Arguments:
jvm_args: -XX:MaxMetaspaceSize=256m -XX:+HeapDumpOnOutOfMemoryError -Xms256m -Xmx512m -Dfile.encoding=GBK -Duser.country=CN -Duser.language=zh -Duser.variant 
java_command: org.gradle.launcher.daemon.bootstrap.GradleDaemon 5.3.1
java_class_path (initial): D:\software\gradle-5.3.1\lib\gradle-launcher-5.3.1.jar
Launcher Type: SUN_STANDARD

Environment Variables:
JAVA_HOME=C:\Program Files\Java\jdk1.8.0_181
CLASSPATH=.;C:\Program Files\Java\jdk1.8.0_181\lib\dt.jar;C:\Program Files\Java\jdk1.8.0_181\lib\tools.jar;C:\Program Files\apache-tomcat-8.5.34\lib\servlet-api.jar;
PATH=C:\Program Files (x86)\Common Files\NetSarang;C:\Program Files\Java\jdk1.8.0_181\bin;C:\Program Files (x86)\Common Files\Oracle\Java\javapath;C:\Windows\system32;C:\Windows;C:\Windows\System32\Wbem;C:\Windows\System32\WindowsPowerShell\v1.0\;C:\Program Files (x86)\NVIDIA Corporation\PhysX\Common;C:\Program Files\nodejs\;D:\software\apache-maven-3.6.0\bin;C:\Program Files\Java\jdk1.8.0_181\jre\bin;C:\Program Files\VisualSVN Server\bin;C:\Program Files\TortoiseSVN\bin;D:\software\gradle-5.3.1\bin;C:\Users\Administrator\AppData\Local\Microsoft\WindowsApps;;C:\Program Files\Microsoft VS Code\bin;C:\Users\Administrator\AppData\Roaming\npm
USERNAME=Administrator
OS=Windows_NT
PROCESSOR_IDENTIFIER=Intel64 Family 6 Model 158 Stepping 9, GenuineIntel



---------------  S Y S T E M  ---------------

OS: Windows 10.0 , 64 bit Build 16299 (10.0.16299.15)

CPU:total 8 (initial active 8) (4 cores per cpu, 2 threads per core) family 6 model 158 stepping 9, cmov, cx8, fxsr, mmx, sse, sse2, sse3, ssse3, sse4.1, sse4.2, popcnt, avx, avx2, aes, clmul, erms, rtm, 3dnowpref, lzcnt, ht, tsc, tscinvbit, bmi1, bmi2, adx

Memory: 4k page, physical 16662280k(2542056k free), swap 27148164k(4684k free)

vm_info: Java HotSpot(TM) 64-Bit Server VM (25.181-b13) for windows-amd64 JRE (1.8.0_181-b13), built on Jul  7 2018 04:01:33 by "java_re" with MS VC++ 10.0 (VS2010)

time: Sat Apr 13 14:52:26 2019
elapsed time: 85 seconds (0d 0h 1m 25s)

