#
# There is insufficient memory for the Java Runtime Environment to continue.
# Native memory allocation (malloc) failed to allocate 262160 bytes for Chunk::new
# Possible reasons:
#   The system is out of physical RAM or swap space
#   In 32 bit mode, the process size limit was hit
# Possible solutions:
#   Reduce memory load on the system
#   Increase physical memory or swap space
#   Check if swap backing store is full
#   Use 64 bit Java on a 64 bit OS
#   Decrease Java heap size (-Xmx/-Xms)
#   Decrease number of Java threads
#   Decrease Java thread stack sizes (-Xss)
#   Set larger code cache with -XX:ReservedCodeCacheSize=
# This output file may be truncated or incomplete.
#
#  Out of Memory Error (allocation.cpp:390), pid=11924, tid=0x00000000000021a8
#
# JRE version: Java(TM) SE Runtime Environment (8.0_181-b13) (build 1.8.0_181-b13)
# Java VM: Java HotSpot(TM) 64-Bit Server VM (25.181-b13 mixed mode windows-amd64 compressed oops)
# Failed to write core dump. Minidumps are not enabled by default on client versions of Windows
#

---------------  T H R E A D  ---------------

Current thread (0x000000001855e800):  JavaThread "C2 CompilerThread0" daemon [_thread_in_native, id=8616, stack(0x0000000018bd0000,0x0000000018cd0000)]

Stack: [0x0000000018bd0000,0x0000000018cd0000]
[error occurred during error reporting (printing stack bounds), id 0xc0000005]

Native frames: (J=compiled Java code, j=interpreted, Vv=VM code, C=native code)


Current CompileTask:
C2: 110614 3776       4       groovy.lang.MetaClassImpl$1MOPIter::methodNameAction (325 bytes)


---------------  P R O C E S S  ---------------

Java Threads: ( => current thread )
  0x000000001d5de000 JavaThread "Cache worker for file content cache (D:\software\gradle-5.3.1\caches\5.3.1\fileContent)" [_thread_blocked, id=13252, stack(0x0000000021a10000,0x0000000021b10000)]
  0x000000001d5e1800 JavaThread "Memory manager" [_thread_blocked, id=7904, stack(0x0000000021910000,0x0000000021a10000)]
  0x000000001a2c3000 JavaThread "Cache worker for execution history cache (D:\software\gradle-5.3.1\caches\5.3.1\executionHistory)" [_thread_blocked, id=18968, stack(0x0000000021510000,0x0000000021610000)]
  0x000000001a2ca000 JavaThread "Cache worker for cache directory md-rule (D:\software\gradle-5.3.1\caches\5.3.1\md-rule)" [_thread_blocked, id=18664, stack(0x0000000021410000,0x0000000021510000)]
  0x000000001a2c9000 JavaThread "Cache worker for cache directory md-supplier (D:\software\gradle-5.3.1\caches\5.3.1\md-supplier)" [_thread_blocked, id=18944, stack(0x0000000021310000,0x0000000021410000)]
  0x000000001a2c6000 JavaThread "Cache worker for file hash cache (D:\code\spring-framework\.gradle\5.3.1\fileHashes)" [_thread_blocked, id=3696, stack(0x000000001e100000,0x000000001e200000)]
  0x000000001a2c7800 JavaThread "Cache worker for journal cache (D:\software\gradle-5.3.1\caches\journal-1)" [_thread_blocked, id=9100, stack(0x000000001be60000,0x000000001bf60000)]
  0x000000001a2c4800 JavaThread "File lock release action executor" [_thread_blocked, id=6092, stack(0x000000001bd60000,0x000000001be60000)]
  0x000000001a2c5000 JavaThread "File lock request listener" [_thread_in_native, id=12664, stack(0x000000001bc60000,0x000000001bd60000)]
  0x000000001a2c3800 JavaThread "Cache worker for file hash cache (D:\software\gradle-5.3.1\caches\5.3.1\fileHashes)" [_thread_blocked, id=13200, stack(0x000000001b960000,0x000000001ba60000)]
  0x0000000019ac8000 JavaThread "Thread-9" [_thread_blocked, id=12428, stack(0x000000001b760000,0x000000001b860000)]
  0x000000001964f000 JavaThread "Asynchronous log dispatcher for DefaultDaemonConnection: socket connection from /127.0.0.1:61878 to /127.0.0.1:61882" [_thread_blocked, id=14772, stack(0x000000001b560000,0x000000001b660000)]
  0x0000000019644800 JavaThread "Daemon worker" [_thread_blocked, id=17932, stack(0x000000001b460000,0x000000001b560000)]
  0x0000000019b06800 JavaThread "Cancel handler" [_thread_blocked, id=15704, stack(0x000000001b360000,0x000000001b460000)]
  0x0000000019623800 JavaThread "Handler for socket connection from /127.0.0.1:61878 to /127.0.0.1:61882" [_thread_in_native, id=16112, stack(0x000000001b060000,0x000000001b160000)]
  0x0000000019621000 JavaThread "Daemon" [_thread_blocked, id=11016, stack(0x000000001af60000,0x000000001b060000)]
  0x00000000187e3800 JavaThread "Daemon periodic checks" [_thread_blocked, id=13484, stack(0x000000001ae60000,0x000000001af60000)]
  0x00000000195e0800 JavaThread "Incoming local TCP Connector on port 61878" [_thread_in_native, id=7404, stack(0x000000001acc0000,0x000000001adc0000)]
  0x000000001a135800 JavaThread "Daemon health stats" [_thread_blocked, id=6984, stack(0x000000001a9a0000,0x000000001aaa0000)]
  0x000000001856f000 JavaThread "Service Thread" daemon [_thread_blocked, id=15604, stack(0x0000000018fd0000,0x00000000190d0000)]
  0x0000000018569000 JavaThread "C1 CompilerThread3" daemon [_thread_blocked, id=6684, stack(0x0000000018ed0000,0x0000000018fd0000)]
  0x0000000018562800 JavaThread "C2 CompilerThread2" daemon [_thread_blocked, id=16152, stack(0x0000000018dd0000,0x0000000018ed0000)]
  0x0000000018562000 JavaThread "C2 CompilerThread1" daemon [_thread_blocked, id=12152, stack(0x0000000018cd0000,0x0000000018dd0000)]
=>0x000000001855e800 JavaThread "C2 CompilerThread0" daemon [_thread_in_native, id=8616, stack(0x0000000018bd0000,0x0000000018cd0000)]
  0x000000001855d800 JavaThread "Attach Listener" daemon [_thread_blocked, id=16988, stack(0x0000000018ad0000,0x0000000018bd0000)]
  0x0000000018507800 JavaThread "Signal Dispatcher" daemon [_thread_blocked, id=8964, stack(0x00000000189d0000,0x0000000018ad0000)]
  0x00000000184f0800 JavaThread "Finalizer" daemon [_thread_blocked, id=4844, stack(0x00000000188d0000,0x00000000189d0000)]
  0x0000000004e45000 JavaThread "Reference Handler" daemon [_thread_blocked, id=11360, stack(0x00000000183d0000,0x00000000184d0000)]
  0x0000000002cae800 JavaThread "main" [_thread_blocked, id=7336, stack(0x0000000004760000,0x0000000004860000)]

Other Threads:
  0x000000001660a000 VMThread [stack: 0x00000000182d0000,0x00000000183d0000] [id=12052]
  0x0000000018572800 WatcherThread [stack: 0x00000000190d0000,0x00000000191d0000] [id=9908]

VM state:not at safepoint (normal execution)

VM Mutex/Monitor currently owned by a thread: None

Heap:
 PSYoungGen      total 75776K, used 10535K [0x00000000f5580000, 0x00000000fe680000, 0x0000000100000000)
  eden space 64512K, 7% used [0x00000000f5580000,0x00000000f5a5d0d8,0x00000000f9480000)
  from space 11264K, 49% used [0x00000000f9480000,0x00000000f99ecc08,0x00000000f9f80000)
  to   space 11776K, 0% used [0x00000000fdb00000,0x00000000fdb00000,0x00000000fe680000)
 ParOldGen       total 175104K, used 15180K [0x00000000e0000000, 0x00000000eab00000, 0x00000000f5580000)
  object space 175104K, 8% used [0x00000000e0000000,0x00000000e0ed30c0,0x00000000eab00000)
 Metaspace       used 38840K, capacity 39656K, committed 39936K, reserved 1083392K
  class space    used 5595K, capacity 5832K, committed 5888K, reserved 1048576K

Card table byte_map: [0x0000000014210000,0x0000000014320000] byte_map_base: 0x0000000013b10000

Marking Bits: (ParMarkBitMap*) 0x00000000647f2d00
 Begin Bits: [0x0000000014b20000, 0x0000000015320000)
 End Bits:   [0x0000000015320000, 0x0000000015b20000)

Polling page: 0x00000000007f0000

CodeCache: size=245760Kb used=12095Kb max_used=12195Kb free=233664Kb
 bounds [0x0000000004e50000, 0x0000000005a60000, 0x0000000013e50000]
 total_blobs=4130 nmethods=3416 adapters=625
 compilation: enabled

Compilation events (10 events):
Event: 110.554 Thread 0x0000000018569000 nmethod 3775 0x0000000005436790 code [0x0000000005436920, 0x0000000005436d28]
Event: 110.554 Thread 0x000000001855e800 3776       4       groovy.lang.MetaClassImpl$1MOPIter::methodNameAction (325 bytes)
Event: 110.554 Thread 0x0000000018562800 3777       4       java.util.Arrays::binarySearch (10 bytes)
Event: 110.556 Thread 0x0000000018562800 nmethod 3777 0x0000000004fc74d0 code [0x0000000004fc7620, 0x0000000004fc7778]
Event: 110.559 Thread 0x0000000018569000 3778       3       java.beans.FeatureDescriptor::<init> (137 bytes)
Event: 110.559 Thread 0x0000000018569000 nmethod 3778 0x0000000005083810 code [0x0000000005083a60, 0x0000000005084af8]
Event: 110.561 Thread 0x0000000018569000 3779       3       groovy.lang.MetaClassImpl::getMethods (173 bytes)
Event: 110.562 Thread 0x0000000018569000 nmethod 3779 0x00000000050266d0 code [0x00000000050269c0, 0x00000000050281b8]
Event: 110.562 Thread 0x0000000018569000 3780       3       org.codehaus.groovy.runtime.GroovyCategorySupport::getCategoryMethods (21 bytes)
Event: 110.562 Thread 0x0000000018569000 nmethod 3780 0x0000000004f8c690 code [0x0000000004f8c840, 0x0000000004f8cfb8]

GC Heap History (10 events):
Event: 63.366 GC heap before
{Heap before GC invocations=5 (full 1):
 PSYoungGen      total 76288K, used 65536K [0x00000000f5580000, 0x00000000faa80000, 0x0000000100000000)
  eden space 65536K, 100% used [0x00000000f5580000,0x00000000f9580000,0x00000000f9580000)
  from space 10752K, 0% used [0x00000000f9580000,0x00000000f9580000,0x00000000fa000000)
  to   space 10752K, 0% used [0x00000000fa000000,0x00000000fa000000,0x00000000faa80000)
 ParOldGen       total 175104K, used 9960K [0x00000000e0000000, 0x00000000eab00000, 0x00000000f5580000)
  object space 175104K, 5% used [0x00000000e0000000,0x00000000e09ba248,0x00000000eab00000)
 Metaspace       used 28475K, capacity 29130K, committed 29312K, reserved 1075200K
  class space    used 3986K, capacity 4160K, committed 4224K, reserved 1048576K
Event: 63.369 GC heap after
Heap after GC invocations=5 (full 1):
 PSYoungGen      total 76288K, used 7912K [0x00000000f5580000, 0x00000000faa80000, 0x0000000100000000)
  eden space 65536K, 0% used [0x00000000f5580000,0x00000000f5580000,0x00000000f9580000)
  from space 10752K, 73% used [0x00000000fa000000,0x00000000fa7ba2e8,0x00000000faa80000)
  to   space 10752K, 0% used [0x00000000f9580000,0x00000000f9580000,0x00000000fa000000)
 ParOldGen       total 175104K, used 9968K [0x00000000e0000000, 0x00000000eab00000, 0x00000000f5580000)
  object space 175104K, 5% used [0x00000000e0000000,0x00000000e09bc248,0x00000000eab00000)
 Metaspace       used 28475K, capacity 29130K, committed 29312K, reserved 1075200K
  class space    used 3986K, capacity 4160K, committed 4224K, reserved 1048576K
}
Event: 104.296 GC heap before
{Heap before GC invocations=6 (full 1):
 PSYoungGen      total 76288K, used 73448K [0x00000000f5580000, 0x00000000faa80000, 0x0000000100000000)
  eden space 65536K, 100% used [0x00000000f5580000,0x00000000f9580000,0x00000000f9580000)
  from space 10752K, 73% used [0x00000000fa000000,0x00000000fa7ba2e8,0x00000000faa80000)
  to   space 10752K, 0% used [0x00000000f9580000,0x00000000f9580000,0x00000000fa000000)
 ParOldGen       total 175104K, used 9968K [0x00000000e0000000, 0x00000000eab00000, 0x00000000f5580000)
  object space 175104K, 5% used [0x00000000e0000000,0x00000000e09bc248,0x00000000eab00000)
 Metaspace       used 32177K, capacity 32824K, committed 33152K, reserved 1077248K
  class space    used 4474K, capacity 4678K, committed 4736K, reserved 1048576K
Event: 104.511 GC heap after
Heap after GC invocations=6 (full 1):
 PSYoungGen      total 72192K, used 8066K [0x00000000f5580000, 0x00000000fab00000, 0x0000000100000000)
  eden space 64000K, 0% used [0x00000000f5580000,0x00000000f5580000,0x00000000f9400000)
  from space 8192K, 98% used [0x00000000f9580000,0x00000000f9d609d0,0x00000000f9d80000)
  to   space 11776K, 0% used [0x00000000f9f80000,0x00000000f9f80000,0x00000000fab00000)
 ParOldGen       total 175104K, used 9976K [0x00000000e0000000, 0x00000000eab00000, 0x00000000f5580000)
  object space 175104K, 5% used [0x00000000e0000000,0x00000000e09be248,0x00000000eab00000)
 Metaspace       used 32177K, capacity 32824K, committed 33152K, reserved 1077248K
  class space    used 4474K, capacity 4678K, committed 4736K, reserved 1048576K
}
Event: 106.086 GC heap before
{Heap before GC invocations=7 (full 1):
 PSYoungGen      total 72192K, used 45450K [0x00000000f5580000, 0x00000000fab00000, 0x0000000100000000)
  eden space 64000K, 58% used [0x00000000f5580000,0x00000000f7a01f50,0x00000000f9400000)
  from space 8192K, 98% used [0x00000000f9580000,0x00000000f9d609d0,0x00000000f9d80000)
  to   space 11776K, 0% used [0x00000000f9f80000,0x00000000f9f80000,0x00000000fab00000)
 ParOldGen       total 175104K, used 9976K [0x00000000e0000000, 0x00000000eab00000, 0x00000000f5580000)
  object space 175104K, 5% used [0x00000000e0000000,0x00000000e09be248,0x00000000eab00000)
 Metaspace       used 34580K, capacity 35302K, committed 35416K, reserved 1079296K
  class space    used 4865K, capacity 5049K, committed 5120K, reserved 1048576K
Event: 106.113 GC heap after
Heap after GC invocations=7 (full 1):
 PSYoungGen      total 75776K, used 8493K [0x00000000f5580000, 0x00000000faa80000, 0x0000000100000000)
  eden space 64512K, 0% used [0x00000000f5580000,0x00000000f5580000,0x00000000f9480000)
  from space 11264K, 75% used [0x00000000f9f80000,0x00000000fa7cb660,0x00000000faa80000)
  to   space 11264K, 0% used [0x00000000f9480000,0x00000000f9480000,0x00000000f9f80000)
 ParOldGen       total 175104K, used 9984K [0x00000000e0000000, 0x00000000eab00000, 0x00000000f5580000)
  object space 175104K, 5% used [0x00000000e0000000,0x00000000e09c0248,0x00000000eab00000)
 Metaspace       used 34580K, capacity 35302K, committed 35416K, reserved 1079296K
  class space    used 4865K, capacity 5049K, committed 5120K, reserved 1048576K
}
Event: 106.113 GC heap before
{Heap before GC invocations=8 (full 2):
 PSYoungGen      total 75776K, used 8493K [0x00000000f5580000, 0x00000000faa80000, 0x0000000100000000)
  eden space 64512K, 0% used [0x00000000f5580000,0x00000000f5580000,0x00000000f9480000)
  from space 11264K, 75% used [0x00000000f9f80000,0x00000000fa7cb660,0x00000000faa80000)
  to   space 11264K, 0% used [0x00000000f9480000,0x00000000f9480000,0x00000000f9f80000)
 ParOldGen       total 175104K, used 9984K [0x00000000e0000000, 0x00000000eab00000, 0x00000000f5580000)
  object space 175104K, 5% used [0x00000000e0000000,0x00000000e09c0248,0x00000000eab00000)
 Metaspace       used 34580K, capacity 35302K, committed 35416K, reserved 1079296K
  class space    used 4865K, capacity 5049K, committed 5120K, reserved 1048576K
Event: 106.236 GC heap after
Heap after GC invocations=8 (full 2):
 PSYoungGen      total 75776K, used 0K [0x00000000f5580000, 0x00000000faa80000, 0x0000000100000000)
  eden space 64512K, 0% used [0x00000000f5580000,0x00000000f5580000,0x00000000f9480000)
  from space 11264K, 0% used [0x00000000f9f80000,0x00000000f9f80000,0x00000000faa80000)
  to   space 11264K, 0% used [0x00000000f9480000,0x00000000f9480000,0x00000000f9f80000)
 ParOldGen       total 175104K, used 15172K [0x00000000e0000000, 0x00000000eab00000, 0x00000000f5580000)
  object space 175104K, 8% used [0x00000000e0000000,0x00000000e0ed10c0,0x00000000eab00000)
 Metaspace       used 34580K, capacity 35302K, committed 35416K, reserved 1079296K
  class space    used 4865K, capacity 5049K, committed 5120K, reserved 1048576K
}
Event: 110.016 GC heap before
{Heap before GC invocations=9 (full 2):
 PSYoungGen      total 75776K, used 64512K [0x00000000f5580000, 0x00000000faa80000, 0x0000000100000000)
  eden space 64512K, 100% used [0x00000000f5580000,0x00000000f9480000,0x00000000f9480000)
  from space 11264K, 0% used [0x00000000f9f80000,0x00000000f9f80000,0x00000000faa80000)
  to   space 11264K, 0% used [0x00000000f9480000,0x00000000f9480000,0x00000000f9f80000)
 ParOldGen       total 175104K, used 15172K [0x00000000e0000000, 0x00000000eab00000, 0x00000000f5580000)
  object space 175104K, 8% used [0x00000000e0000000,0x00000000e0ed10c0,0x00000000eab00000)
 Metaspace       used 38793K, capacity 39568K, committed 39680K, reserved 1083392K
  class space    used 5586K, capacity 5826K, committed 5888K, reserved 1048576K
Event: 110.481 GC heap after
Heap after GC invocations=9 (full 2):
 PSYoungGen      total 75776K, used 5555K [0x00000000f5580000, 0x00000000fe680000, 0x0000000100000000)
  eden space 64512K, 0% used [0x00000000f5580000,0x00000000f5580000,0x00000000f9480000)
  from space 11264K, 49% used [0x00000000f9480000,0x00000000f99ecc08,0x00000000f9f80000)
  to   space 11776K, 0% used [0x00000000fdb00000,0x00000000fdb00000,0x00000000fe680000)
 ParOldGen       total 175104K, used 15180K [0x00000000e0000000, 0x00000000eab00000, 0x00000000f5580000)
  object space 175104K, 8% used [0x00000000e0000000,0x00000000e0ed30c0,0x00000000eab00000)
 Metaspace       used 38793K, capacity 39568K, committed 39680K, reserved 1083392K
  class space    used 5586K, capacity 5826K, committed 5888K, reserved 1048576K
}

Deoptimization events (10 events):
Event: 106.362 Thread 0x0000000019644800 Uncommon trap: reason=unstable_if action=reinterpret pc=0x000000000577c2c4 method=org.objectweb.asm.Type.appendDescriptor(Ljava/lang/Class;Ljava/lang/StringBuilder;)V @ 28
Event: 107.099 Thread 0x0000000019644800 Uncommon trap: reason=unstable_if action=reinterpret pc=0x000000000540d664 method=java.lang.Integer.valueOf(I)Ljava/lang/Integer; @ 3
Event: 107.102 Thread 0x0000000019644800 Uncommon trap: reason=predicate action=maybe_recompile pc=0x0000000005753d3c method=java.util.Arrays.binarySearch0([Ljava/lang/Object;IILjava/lang/Object;Ljava/util/Comparator;)I @ 28
Event: 107.146 Thread 0x0000000019644800 Uncommon trap: reason=unstable_if action=reinterpret pc=0x00000000058638ec method=java.security.CodeSource.hashCode()I @ 4
Event: 107.146 Thread 0x0000000019644800 Uncommon trap: reason=unstable_if action=reinterpret pc=0x0000000005794a4c method=java.security.CodeSource.hashCode()I @ 4
Event: 107.257 Thread 0x0000000019644800 Uncommon trap: reason=unstable_if action=reinterpret pc=0x000000000580d188 method=org.objectweb.asm.Type.getArgumentsAndReturnSizes(Ljava/lang/String;)I @ 109
Event: 107.651 Thread 0x0000000019644800 Uncommon trap: reason=unstable_if action=reinterpret pc=0x000000000543a0e0 method=java.lang.String.regionMatches(ZILjava/lang/String;II)Z @ 102
Event: 109.613 Thread 0x000000001d5e2800 Uncommon trap: reason=class_check action=maybe_recompile pc=0x0000000005047dfc method=java.util.concurrent.locks.ReentrantLock.lock()V @ 4
Event: 109.640 Thread 0x000000001d5dd000 Uncommon trap: reason=class_check action=maybe_recompile pc=0x0000000005047dfc method=java.util.concurrent.locks.ReentrantLock.lock()V @ 4
Event: 109.794 Thread 0x000000001d5e7000 Uncommon trap: reason=class_check action=maybe_recompile pc=0x0000000005047dfc method=java.util.concurrent.locks.ReentrantLock.lock()V @ 4

Classes redefined (0 events):
No events

Internal exceptions (10 events):
Event: 110.558 Thread 0x0000000019644800 Exception <a 'java/security/PrivilegedActionException'> (0x00000000f58fc360) thrown at [C:\re\workspace\8-2-build-windows-amd64-cygwin\jdk8u181\11358\hotspot\src\share\vm\prims\jvm.cpp, line 1435]
Event: 110.558 Thread 0x0000000019644800 Exception <a 'java/security/PrivilegedActionException'> (0x00000000f58fcef8) thrown at [C:\re\workspace\8-2-build-windows-amd64-cygwin\jdk8u181\11358\hotspot\src\share\vm\prims\jvm.cpp, line 1435]
Event: 110.559 Thread 0x0000000019644800 Exception <a 'java/lang/ClassNotFoundException': groovy/lang/GStringCustomizer> (0x00000000f5906ae8) thrown at [C:\re\workspace\8-2-build-windows-amd64-cygwin\jdk8u181\11358\hotspot\src\share\vm\classfile\systemDictionary.cpp, line 210]
Event: 110.559 Thread 0x0000000019644800 Exception <a 'java/security/PrivilegedActionException'> (0x00000000f5919990) thrown at [C:\re\workspace\8-2-build-windows-amd64-cygwin\jdk8u181\11358\hotspot\src\share\vm\prims\jvm.cpp, line 1435]
Event: 110.559 Thread 0x0000000019644800 Exception <a 'java/security/PrivilegedActionException'> (0x00000000f591a528) thrown at [C:\re\workspace\8-2-build-windows-amd64-cygwin\jdk8u181\11358\hotspot\src\share\vm\prims\jvm.cpp, line 1435]
Event: 110.560 Thread 0x0000000019644800 Exception <a 'java/security/PrivilegedActionException'> (0x00000000f5925a80) thrown at [C:\re\workspace\8-2-build-windows-amd64-cygwin\jdk8u181\11358\hotspot\src\share\vm\prims\jvm.cpp, line 1435]
Event: 110.560 Thread 0x0000000019644800 Exception <a 'java/security/PrivilegedActionException'> (0x00000000f5926618) thrown at [C:\re\workspace\8-2-build-windows-amd64-cygwin\jdk8u181\11358\hotspot\src\share\vm\prims\jvm.cpp, line 1435]
Event: 110.560 Thread 0x0000000019644800 Exception <a 'java/security/PrivilegedActionException'> (0x00000000f592ff80) thrown at [C:\re\workspace\8-2-build-windows-amd64-cygwin\jdk8u181\11358\hotspot\src\share\vm\prims\jvm.cpp, line 1435]
Event: 110.560 Thread 0x0000000019644800 Exception <a 'java/security/PrivilegedActionException'> (0x00000000f5930b18) thrown at [C:\re\workspace\8-2-build-windows-amd64-cygwin\jdk8u181\11358\hotspot\src\share\vm\prims\jvm.cpp, line 1435]
Event: 110.560 Thread 0x0000000019644800 Exception <a 'java/lang/ClassNotFoundException': groovy/lang/GString$1Customizer> (0x00000000f593a9e0) thrown at [C:\re\workspace\8-2-build-windows-amd64-cygwin\jdk8u181\11358\hotspot\src\share\vm\classfile\systemDictionary.cpp, line 210]

Events (10 events):
Event: 110.559 loading class groovy/lang/GStringCustomizer
Event: 110.559 loading class groovy/lang/GStringCustomizer done
Event: 110.559 loading class groovy/lang/GString$1Customizer
Event: 110.559 loading class groovy/lang/GString$1Customizer done
Event: 110.560 loading class groovy/lang/GString$1Customizer
Event: 110.560 loading class groovy/lang/GString$1Customizer done
Event: 110.560 loading class groovy/lang/GString$1Customizer
Event: 110.560 loading class groovy/lang/GString$1Customizer done
Event: 110.560 loading class groovy/lang/GString$1Customizer
Event: 110.560 loading class groovy/lang/GString$1Customizer done


Dynamic libraries:
0x00007ff7df390000 - 0x00007ff7df3c7000 	C:\Program Files\Java\jdk1.8.0_181\bin\java.exe
0x00007ff97fff0000 - 0x00007ff9801d0000 	C:\Windows\SYSTEM32\ntdll.dll
0x00007ff97ef50000 - 0x00007ff97effe000 	C:\Windows\System32\KERNEL32.DLL
0x00007ff97cf90000 - 0x00007ff97d1f6000 	C:\Windows\System32\KERNELBASE.dll
0x00007ff97eea0000 - 0x00007ff97ef41000 	C:\Windows\System32\ADVAPI32.dll
0x00007ff97d690000 - 0x00007ff97d72d000 	C:\Windows\System32\msvcrt.dll
0x00007ff97ed10000 - 0x00007ff97ed6b000 	C:\Windows\System32\sechost.dll
0x00007ff97fe10000 - 0x00007ff97ff2f000 	C:\Windows\System32\RPCRT4.dll
0x00007ff97eb70000 - 0x00007ff97ecff000 	C:\Windows\System32\USER32.dll
0x00007ff97c440000 - 0x00007ff97c460000 	C:\Windows\System32\win32u.dll
0x00007ff97fde0000 - 0x00007ff97fe08000 	C:\Windows\System32\GDI32.dll
0x00007ff97d280000 - 0x00007ff97d413000 	C:\Windows\System32\gdi32full.dll
0x00007ff97d420000 - 0x00007ff97d4bb000 	C:\Windows\System32\msvcp_win.dll
0x00007ff97c740000 - 0x00007ff97c836000 	C:\Windows\System32\ucrtbase.dll
0x00007ff96aef0000 - 0x00007ff96b159000 	C:\Windows\WinSxS\amd64_microsoft.windows.common-controls_6595b64144ccf1df_6.0.16299.125_none_15cbcf8893620c09\COMCTL32.dll
0x00007ff97fad0000 - 0x00007ff97fdd8000 	C:\Windows\System32\combase.dll
0x00007ff97d200000 - 0x00007ff97d272000 	C:\Windows\System32\bcryptPrimitives.dll
0x00007ff97d4c0000 - 0x00007ff97d4ed000 	C:\Windows\System32\IMM32.DLL
0x0000000064880000 - 0x0000000064952000 	C:\Program Files\Java\jdk1.8.0_181\jre\bin\msvcr100.dll
0x0000000063fd0000 - 0x0000000064872000 	C:\Program Files\Java\jdk1.8.0_181\jre\bin\server\jvm.dll
0x00007ff97f8e0000 - 0x00007ff97f8e8000 	C:\Windows\System32\PSAPI.DLL
0x00007ff967870000 - 0x00007ff967879000 	C:\Windows\SYSTEM32\WSOCK32.dll
0x00007ff97f8f0000 - 0x00007ff97f95c000 	C:\Windows\System32\WS2_32.dll
0x00007ff97a5e0000 - 0x00007ff97a603000 	C:\Windows\SYSTEM32\WINMM.dll
0x00007ff977fd0000 - 0x00007ff977fda000 	C:\Windows\SYSTEM32\VERSION.dll
0x00007ff97a2b0000 - 0x00007ff97a2da000 	C:\Windows\SYSTEM32\WINMMBASE.dll
0x00007ff97c3f0000 - 0x00007ff97c43a000 	C:\Windows\System32\cfgmgr32.dll
0x0000000063fc0000 - 0x0000000063fcf000 	C:\Program Files\Java\jdk1.8.0_181\jre\bin\verify.dll
0x0000000063f90000 - 0x0000000063fb9000 	C:\Program Files\Java\jdk1.8.0_181\jre\bin\java.dll
0x0000000063f70000 - 0x0000000063f86000 	C:\Program Files\Java\jdk1.8.0_181\jre\bin\zip.dll
0x00007ff97d730000 - 0x00007ff97eb66000 	C:\Windows\System32\SHELL32.dll
0x00007ff97ed70000 - 0x00007ff97ee16000 	C:\Windows\System32\shcore.dll
0x00007ff97c840000 - 0x00007ff97cf87000 	C:\Windows\System32\windows.storage.dll
0x00007ff97ff60000 - 0x00007ff97ffb1000 	C:\Windows\System32\shlwapi.dll
0x00007ff97c3d0000 - 0x00007ff97c3e1000 	C:\Windows\System32\kernel.appcore.dll
0x00007ff97c380000 - 0x00007ff97c3cc000 	C:\Windows\System32\powrprof.dll
0x00007ff97c360000 - 0x00007ff97c37b000 	C:\Windows\System32\profapi.dll
0x0000000063f50000 - 0x0000000063f6a000 	C:\Program Files\Java\jdk1.8.0_181\jre\bin\net.dll
0x00007ff97bb20000 - 0x00007ff97bb86000 	C:\Windows\system32\mswsock.dll
0x0000000063f30000 - 0x0000000063f41000 	C:\Program Files\Java\jdk1.8.0_181\jre\bin\nio.dll
0x00007ff979050000 - 0x00007ff979076000 	D:\software\gradle-5.3.1\native\29\windows-amd64\native-platform.dll
0x0000000063d40000 - 0x0000000063d4d000 	C:\Program Files\Java\jdk1.8.0_181\jre\bin\management.dll
0x00007ff97bd40000 - 0x00007ff97bd57000 	C:\Windows\SYSTEM32\CRYPTSP.dll
0x00007ff97b730000 - 0x00007ff97b763000 	C:\Windows\system32\rsaenh.dll
0x00007ff97be50000 - 0x00007ff97be75000 	C:\Windows\SYSTEM32\bcrypt.dll
0x00007ff97c240000 - 0x00007ff97c269000 	C:\Windows\SYSTEM32\USERENV.dll
0x00007ff97bd60000 - 0x00007ff97bd6b000 	C:\Windows\SYSTEM32\CRYPTBASE.dll
0x00007ff97b8b0000 - 0x00007ff97b8e9000 	C:\Windows\SYSTEM32\IPHLPAPI.DLL
0x00007ff97ed00000 - 0x00007ff97ed08000 	C:\Windows\System32\NSI.dll
0x00007ff977370000 - 0x00007ff977386000 	C:\Windows\SYSTEM32\dhcpcsvc6.DLL
0x00007ff977340000 - 0x00007ff97735a000 	C:\Windows\SYSTEM32\dhcpcsvc.DLL

VM Arguments:
jvm_args: -XX:MaxMetaspaceSize=256m -XX:+HeapDumpOnOutOfMemoryError -Xms256m -Xmx512m -Dfile.encoding=GBK -Duser.country=CN -Duser.language=zh -Duser.variant 
java_command: org.gradle.launcher.daemon.bootstrap.GradleDaemon 5.3.1
java_class_path (initial): D:\software\gradle-5.3.1\lib\gradle-launcher-5.3.1.jar
Launcher Type: SUN_STANDARD

Environment Variables:
JAVA_HOME=C:\Program Files\Java\jdk1.8.0_181
CLASSPATH=.;C:\Program Files\Java\jdk1.8.0_181\lib\dt.jar;C:\Program Files\Java\jdk1.8.0_181\lib\tools.jar;C:\Program Files\apache-tomcat-8.5.34\lib\servlet-api.jar;
PATH=C:\Program Files (x86)\Common Files\NetSarang;C:\Program Files\Java\jdk1.8.0_181\bin;C:\Program Files (x86)\Common Files\Oracle\Java\javapath;C:\Windows\system32;C:\Windows;C:\Windows\System32\Wbem;C:\Windows\System32\WindowsPowerShell\v1.0\;C:\Program Files (x86)\NVIDIA Corporation\PhysX\Common;C:\Program Files\nodejs\;D:\software\apache-maven-3.6.0\bin;C:\Program Files\Java\jdk1.8.0_181\jre\bin;C:\Program Files\VisualSVN Server\bin;C:\Program Files\TortoiseSVN\bin;D:\software\gradle-5.3.1\bin;C:\Users\Administrator\AppData\Local\Microsoft\WindowsApps;;C:\Program Files\Microsoft VS Code\bin;C:\Users\Administrator\AppData\Roaming\npm
USERNAME=Administrator
OS=Windows_NT
PROCESSOR_IDENTIFIER=Intel64 Family 6 Model 158 Stepping 9, GenuineIntel



---------------  S Y S T E M  ---------------

OS: Windows 10.0 , 64 bit Build 16299 (10.0.16299.15)

CPU:total 8 (initial active 8) (4 cores per cpu, 2 threads per core) family 6 model 158 stepping 9, cmov, cx8, fxsr, mmx, sse, sse2, sse3, ssse3, sse4.1, sse4.2, popcnt, avx, avx2, aes, clmul, erms, rtm, 3dnowpref, lzcnt, ht, tsc, tscinvbit, bmi1, bmi2, adx

Memory: 4k page, physical 16662280k(416736k free), swap 27148164k(56k free)

vm_info: Java HotSpot(TM) 64-Bit Server VM (25.181-b13) for windows-amd64 JRE (1.8.0_181-b13), built on Jul  7 2018 04:01:33 by "java_re" with MS VC++ 10.0 (VS2010)

time: Sat Apr 13 14:10:09 2019
elapsed time: 110 seconds (0d 0h 1m 50s)

