#
# There is insufficient memory for the Java Runtime Environment to continue.
# Native memory allocation (malloc) failed to allocate 138496 bytes for Chunk::new
# Possible reasons:
#   The system is out of physical RAM or swap space
#   In 32 bit mode, the process size limit was hit
# Possible solutions:
#   Reduce memory load on the system
#   Increase physical memory or swap space
#   Check if swap backing store is full
#   Use 64 bit Java on a 64 bit OS
#   Decrease Java heap size (-Xmx/-Xms)
#   Decrease number of Java threads
#   Decrease Java thread stack sizes (-Xss)
#   Set larger code cache with -XX:ReservedCodeCacheSize=
# This output file may be truncated or incomplete.
#
#  Out of Memory Error (allocation.cpp:390), pid=15116, tid=0x000000000000381c
#
# JRE version: Java(TM) SE Runtime Environment (8.0_181-b13) (build 1.8.0_181-b13)
# Java VM: Java HotSpot(TM) 64-Bit Server VM (25.181-b13 mixed mode windows-amd64 compressed oops)
# Failed to write core dump. Minidumps are not enabled by default on client versions of Windows
#

---------------  T H R E A D  ---------------

Current thread (0x0000000017ff0000):  JavaThread "C2 CompilerThread1" daemon [_thread_in_native, id=14364, stack(0x00000000187c0000,0x00000000188c0000)]

Stack: [0x00000000187c0000,0x00000000188c0000]
[error occurred during error reporting (printing stack bounds), id 0xc0000005]

Native frames: (J=compiled Java code, j=interpreted, Vv=VM code, C=native code)


Current CompileTask:
C2: 110618 4569       4       org.objectweb.asm.SymbolTable::addConstantUtf8 (98 bytes)


---------------  P R O C E S S  ---------------

Java Threads: ( => current thread )
  0x000000001d4a4800 JavaThread "Cache worker for Build Output Cleanup Cache (D:\code\spring-framework\.gradle\buildOutputCleanup)" [_thread_blocked, id=7908, stack(0x00000000227a0000,0x00000000228a0000)]
  0x000000001d4a3800 JavaThread "File lock release action executor Thread 2" [_thread_blocked, id=13828, stack(0x00000000226a0000,0x00000000227a0000)]
  0x000000001d4a2800 JavaThread "Build operations Thread 8" [_thread_blocked, id=16892, stack(0x00000000225a0000,0x00000000226a0000)]
  0x000000001d49b000 JavaThread "Build operations Thread 7" [_thread_blocked, id=1328, stack(0x00000000224a0000,0x00000000225a0000)]
  0x000000001d49c800 JavaThread "Build operations Thread 6" [_thread_blocked, id=1092, stack(0x00000000223a0000,0x00000000224a0000)]
  0x000000001d4a2000 JavaThread "Build operations Thread 5" [_thread_blocked, id=14020, stack(0x00000000222a0000,0x00000000223a0000)]
  0x000000001d4a1000 JavaThread "Build operations Thread 4" [_thread_blocked, id=13464, stack(0x00000000221a0000,0x00000000222a0000)]
  0x000000001d4a0800 JavaThread "Build operations Thread 3" [_thread_blocked, id=12472, stack(0x00000000220a0000,0x00000000221a0000)]
  0x000000001d49a800 JavaThread "Build operations Thread 2" [_thread_blocked, id=10404, stack(0x0000000021fa0000,0x00000000220a0000)]
  0x000000001d49f000 JavaThread "Build operations" [_thread_blocked, id=18268, stack(0x0000000021ea0000,0x0000000021fa0000)]
  0x000000001d49f800 JavaThread "Cache worker for file content cache (D:\software\gradle-5.3.1\caches\5.3.1\fileContent)" [_thread_blocked, id=12708, stack(0x0000000020270000,0x0000000020370000)]
  0x000000001d49c000 JavaThread "Memory manager" [_thread_blocked, id=5360, stack(0x0000000020170000,0x0000000020270000)]
  0x000000001a09d000 JavaThread "Cache worker for execution history cache (D:\software\gradle-5.3.1\caches\5.3.1\executionHistory)" [_thread_blocked, id=18580, stack(0x000000001f970000,0x000000001fa70000)]
  0x000000001a0a0000 JavaThread "Cache worker for cache directory md-rule (D:\software\gradle-5.3.1\caches\5.3.1\md-rule)" [_thread_blocked, id=18576, stack(0x000000001f870000,0x000000001f970000)]
  0x000000001a09a000 JavaThread "Cache worker for cache directory md-supplier (D:\software\gradle-5.3.1\caches\5.3.1\md-supplier)" [_thread_blocked, id=18548, stack(0x000000001f770000,0x000000001f870000)]
  0x000000001a09b800 JavaThread "Cache worker for file hash cache (D:\code\spring-framework\.gradle\5.3.1\fileHashes)" [_thread_blocked, id=864, stack(0x000000001dbd0000,0x000000001dcd0000)]
  0x000000001a09e800 JavaThread "Cache worker for journal cache (D:\software\gradle-5.3.1\caches\journal-1)" [_thread_blocked, id=13980, stack(0x000000001b930000,0x000000001ba30000)]
  0x000000001a09f800 JavaThread "File lock release action executor" [_thread_blocked, id=17024, stack(0x000000001b830000,0x000000001b930000)]
  0x000000001a09e000 JavaThread "File lock request listener" [_thread_in_native, id=12672, stack(0x000000001b730000,0x000000001b830000)]
  0x000000001a099800 JavaThread "Cache worker for file hash cache (D:\software\gradle-5.3.1\caches\5.3.1\fileHashes)" [_thread_blocked, id=13136, stack(0x000000001b430000,0x000000001b530000)]
  0x00000000190aa800 JavaThread "Thread-9" [_thread_blocked, id=8764, stack(0x000000001b330000,0x000000001b430000)]
  0x0000000019064000 JavaThread "Asynchronous log dispatcher for DefaultDaemonConnection: socket connection from /127.0.0.1:61920 to /127.0.0.1:61932" [_thread_blocked, id=17848, stack(0x000000001b030000,0x000000001b130000)]
  0x000000001959e000 JavaThread "Daemon worker" [_thread_in_vm, id=1648, stack(0x000000001af30000,0x000000001b030000)]
  0x0000000019732000 JavaThread "Cancel handler" [_thread_blocked, id=17712, stack(0x000000001ae30000,0x000000001af30000)]
  0x0000000018169000 JavaThread "Handler for socket connection from /127.0.0.1:61920 to /127.0.0.1:61932" [_thread_in_native, id=16796, stack(0x000000001ab30000,0x000000001ac30000)]
  0x0000000018166800 JavaThread "Daemon" [_thread_blocked, id=18260, stack(0x000000001aa30000,0x000000001ab30000)]
  0x0000000018200000 JavaThread "Daemon periodic checks" [_thread_blocked, id=12764, stack(0x000000001a930000,0x000000001aa30000)]
  0x0000000018204800 JavaThread "Incoming local TCP Connector on port 61920" [_thread_in_native, id=13332, stack(0x000000001a790000,0x000000001a890000)]
  0x0000000019dc1000 JavaThread "Daemon health stats" [_thread_blocked, id=17924, stack(0x000000001a490000,0x000000001a590000)]
  0x0000000018048000 JavaThread "Service Thread" daemon [_thread_blocked, id=11904, stack(0x0000000018ac0000,0x0000000018bc0000)]
  0x0000000018043800 JavaThread "C1 CompilerThread3" daemon [_thread_in_native, id=17296, stack(0x00000000189c0000,0x0000000018ac0000)]
  0x0000000018040000 JavaThread "C2 CompilerThread2" daemon [_thread_in_native, id=15456, stack(0x00000000188c0000,0x00000000189c0000)]
=>0x0000000017ff0000 JavaThread "C2 CompilerThread1" daemon [_thread_in_native, id=14364, stack(0x00000000187c0000,0x00000000188c0000)]
  0x0000000017fed000 JavaThread "C2 CompilerThread0" daemon [_thread_in_native, id=14416, stack(0x00000000186c0000,0x00000000187c0000)]
  0x0000000017feb000 JavaThread "Attach Listener" daemon [_thread_blocked, id=1724, stack(0x00000000185c0000,0x00000000186c0000)]
  0x0000000017f97000 JavaThread "Signal Dispatcher" daemon [_thread_blocked, id=12892, stack(0x00000000184c0000,0x00000000185c0000)]
  0x0000000017f80800 JavaThread "Finalizer" daemon [_thread_blocked, id=14796, stack(0x0000000018360000,0x0000000018460000)]
  0x00000000048b5000 JavaThread "Reference Handler" daemon [_thread_blocked, id=15508, stack(0x0000000017e60000,0x0000000017f60000)]
  0x00000000045be800 JavaThread "main" [_thread_blocked, id=17740, stack(0x00000000046c0000,0x00000000047c0000)]

Other Threads:
  0x000000001607a000 VMThread [stack: 0x0000000017d60000,0x0000000017e60000] [id=15928]
  0x0000000018063800 WatcherThread [stack: 0x0000000018bc0000,0x0000000018cc0000] [id=9232]

VM state:not at safepoint (normal execution)

VM Mutex/Monitor currently owned by a thread: None

Heap:
 PSYoungGen      total 140800K, used 91330K [0x00000000f5580000, 0x0000000100000000, 0x0000000100000000)
  eden space 129024K, 62% used [0x00000000f5580000,0x00000000fa42f0c8,0x00000000fd380000)
  from space 11776K, 91% used [0x00000000fd380000,0x00000000fde01780,0x00000000fdf00000)
  to   space 12288K, 0% used [0x00000000ff400000,0x00000000ff400000,0x0000000100000000)
 ParOldGen       total 175104K, used 15301K [0x00000000e0000000, 0x00000000eab00000, 0x00000000f5580000)
  object space 175104K, 8% used [0x00000000e0000000,0x00000000e0ef1660,0x00000000eab00000)
 Metaspace       used 42905K, capacity 44116K, committed 44288K, reserved 1087488K
  class space    used 6164K, capacity 6539K, committed 6656K, reserved 1048576K

Card table byte_map: [0x0000000013c80000,0x0000000013d90000] byte_map_base: 0x0000000013580000

Marking Bits: (ParMarkBitMap*) 0x00000000647f2d00
 Begin Bits: [0x0000000014590000, 0x0000000014d90000)
 End Bits:   [0x0000000014d90000, 0x0000000015590000)

Polling page: 0x0000000002520000

CodeCache: size=245760Kb used=14381Kb max_used=14393Kb free=231378Kb
 bounds [0x00000000048c0000, 0x00000000056f0000, 0x00000000138c0000]
 total_blobs=4769 nmethods=4036 adapters=644
 compilation: enabled

Compilation events (10 events):
Event: 110.594 Thread 0x0000000018043800 nmethod 4564 0x00000000056dd390 code [0x00000000056dd4e0, 0x00000000056dd690]
Event: 110.595 Thread 0x0000000017ff0000 4565       4       org.objectweb.asm.ClassReader::readInt (52 bytes)
Event: 110.595 Thread 0x0000000018043800 4566       3       org.objectweb.asm.Label::resolve (219 bytes)
Event: 110.595 Thread 0x0000000017fed000 4567       4       org.objectweb.asm.MethodWriter::visitLabel (328 bytes)
Event: 110.595 Thread 0x0000000018043800 nmethod 4566 0x00000000056dc790 code [0x00000000056dc940, 0x00000000056dce90]
Event: 110.595 Thread 0x0000000018043800 4570       3       org.gradle.initialization.MixInLegacyTypesClassLoader$TransformingAdapter::isStatic (13 bytes)
Event: 110.595 Thread 0x0000000018043800 nmethod 4570 0x00000000056dc410 code [0x00000000056dc560, 0x00000000056dc710]
Event: 110.595 Thread 0x0000000017ff0000 nmethod 4565 0x00000000056d8210 code [0x00000000056d8340, 0x00000000056d8438]
Event: 110.595 Thread 0x0000000017ff0000 4569       4       org.objectweb.asm.SymbolTable::addConstantUtf8 (98 bytes)
Event: 110.596 Thread 0x0000000018043800 4571       3       org.objectweb.asm.ClassReader::readMethod (1047 bytes)

GC Heap History (10 events):
Event: 50.805 GC heap before
{Heap before GC invocations=5 (full 1):
 PSYoungGen      total 76288K, used 65536K [0x00000000f5580000, 0x00000000faa80000, 0x0000000100000000)
  eden space 65536K, 100% used [0x00000000f5580000,0x00000000f9580000,0x00000000f9580000)
  from space 10752K, 0% used [0x00000000f9580000,0x00000000f9580000,0x00000000fa000000)
  to   space 10752K, 0% used [0x00000000fa000000,0x00000000fa000000,0x00000000faa80000)
 ParOldGen       total 175104K, used 10138K [0x00000000e0000000, 0x00000000eab00000, 0x00000000f5580000)
  object space 175104K, 5% used [0x00000000e0000000,0x00000000e09e69f8,0x00000000eab00000)
 Metaspace       used 28315K, capacity 28820K, committed 28928K, reserved 1075200K
  class space    used 3949K, capacity 4095K, committed 4096K, reserved 1048576K
Event: 50.851 GC heap after
Heap after GC invocations=5 (full 1):
 PSYoungGen      total 76288K, used 7765K [0x00000000f5580000, 0x00000000fe900000, 0x0000000100000000)
  eden space 65536K, 0% used [0x00000000f5580000,0x00000000f5580000,0x00000000f9580000)
  from space 10752K, 72% used [0x00000000fa000000,0x00000000fa795400,0x00000000faa80000)
  to   space 10752K, 0% used [0x00000000f9580000,0x00000000f9580000,0x00000000fa000000)
 ParOldGen       total 175104K, used 10138K [0x00000000e0000000, 0x00000000eab00000, 0x00000000f5580000)
  object space 175104K, 5% used [0x00000000e0000000,0x00000000e09e69f8,0x00000000eab00000)
 Metaspace       used 28315K, capacity 28820K, committed 28928K, reserved 1075200K
  class space    used 3949K, capacity 4095K, committed 4096K, reserved 1048576K
}
Event: 94.764 GC heap before
{Heap before GC invocations=6 (full 1):
 PSYoungGen      total 76288K, used 73301K [0x00000000f5580000, 0x00000000fe900000, 0x0000000100000000)
  eden space 65536K, 100% used [0x00000000f5580000,0x00000000f9580000,0x00000000f9580000)
  from space 10752K, 72% used [0x00000000fa000000,0x00000000fa795400,0x00000000faa80000)
  to   space 10752K, 0% used [0x00000000f9580000,0x00000000f9580000,0x00000000fa000000)
 ParOldGen       total 175104K, used 10138K [0x00000000e0000000, 0x00000000eab00000, 0x00000000f5580000)
  object space 175104K, 5% used [0x00000000e0000000,0x00000000e09e69f8,0x00000000eab00000)
 Metaspace       used 32415K, capacity 33146K, committed 33408K, reserved 1077248K
  class space    used 4501K, capacity 4715K, committed 4736K, reserved 1048576K
Event: 94.782 GC heap after
Heap after GC invocations=6 (full 1):
 PSYoungGen      total 76288K, used 8627K [0x00000000f5580000, 0x00000000fea80000, 0x0000000100000000)
  eden space 65536K, 0% used [0x00000000f5580000,0x00000000f5580000,0x00000000f9580000)
  from space 10752K, 80% used [0x00000000f9580000,0x00000000f9decd20,0x00000000fa000000)
  to   space 11776K, 0% used [0x00000000fdf00000,0x00000000fdf00000,0x00000000fea80000)
 ParOldGen       total 175104K, used 10146K [0x00000000e0000000, 0x00000000eab00000, 0x00000000f5580000)
  object space 175104K, 5% used [0x00000000e0000000,0x00000000e09e89f8,0x00000000eab00000)
 Metaspace       used 32415K, capacity 33146K, committed 33408K, reserved 1077248K
  class space    used 4501K, capacity 4715K, committed 4736K, reserved 1048576K
}
Event: 95.381 GC heap before
{Heap before GC invocations=7 (full 1):
 PSYoungGen      total 76288K, used 42129K [0x00000000f5580000, 0x00000000fea80000, 0x0000000100000000)
  eden space 65536K, 51% used [0x00000000f5580000,0x00000000f7637ac0,0x00000000f9580000)
  from space 10752K, 80% used [0x00000000f9580000,0x00000000f9decd20,0x00000000fa000000)
  to   space 11776K, 0% used [0x00000000fdf00000,0x00000000fdf00000,0x00000000fea80000)
 ParOldGen       total 175104K, used 10146K [0x00000000e0000000, 0x00000000eab00000, 0x00000000f5580000)
  object space 175104K, 5% used [0x00000000e0000000,0x00000000e09e89f8,0x00000000eab00000)
 Metaspace       used 34652K, capacity 35374K, committed 35416K, reserved 1079296K
  class space    used 4880K, capacity 5085K, committed 5120K, reserved 1048576K
Event: 95.392 GC heap after
Heap after GC invocations=7 (full 1):
 PSYoungGen      total 140800K, used 8560K [0x00000000f5580000, 0x00000000fea80000, 0x0000000100000000)
  eden space 129024K, 0% used [0x00000000f5580000,0x00000000f5580000,0x00000000fd380000)
  from space 11776K, 72% used [0x00000000fdf00000,0x00000000fe75c1b0,0x00000000fea80000)
  to   space 11776K, 0% used [0x00000000fd380000,0x00000000fd380000,0x00000000fdf00000)
 ParOldGen       total 175104K, used 10154K [0x00000000e0000000, 0x00000000eab00000, 0x00000000f5580000)
  object space 175104K, 5% used [0x00000000e0000000,0x00000000e09ea9f8,0x00000000eab00000)
 Metaspace       used 34652K, capacity 35374K, committed 35416K, reserved 1079296K
  class space    used 4880K, capacity 5085K, committed 5120K, reserved 1048576K
}
Event: 95.392 GC heap before
{Heap before GC invocations=8 (full 2):
 PSYoungGen      total 140800K, used 8560K [0x00000000f5580000, 0x00000000fea80000, 0x0000000100000000)
  eden space 129024K, 0% used [0x00000000f5580000,0x00000000f5580000,0x00000000fd380000)
  from space 11776K, 72% used [0x00000000fdf00000,0x00000000fe75c1b0,0x00000000fea80000)
  to   space 11776K, 0% used [0x00000000fd380000,0x00000000fd380000,0x00000000fdf00000)
 ParOldGen       total 175104K, used 10154K [0x00000000e0000000, 0x00000000eab00000, 0x00000000f5580000)
  object space 175104K, 5% used [0x00000000e0000000,0x00000000e09ea9f8,0x00000000eab00000)
 Metaspace       used 34652K, capacity 35374K, committed 35416K, reserved 1079296K
  class space    used 4880K, capacity 5085K, committed 5120K, reserved 1048576K
Event: 95.437 GC heap after
Heap after GC invocations=8 (full 2):
 PSYoungGen      total 140800K, used 0K [0x00000000f5580000, 0x00000000fea80000, 0x0000000100000000)
  eden space 129024K, 0% used [0x00000000f5580000,0x00000000f5580000,0x00000000fd380000)
  from space 11776K, 0% used [0x00000000fdf00000,0x00000000fdf00000,0x00000000fea80000)
  to   space 11776K, 0% used [0x00000000fd380000,0x00000000fd380000,0x00000000fdf00000)
 ParOldGen       total 175104K, used 15301K [0x00000000e0000000, 0x00000000eab00000, 0x00000000f5580000)
  object space 175104K, 8% used [0x00000000e0000000,0x00000000e0ef1660,0x00000000eab00000)
 Metaspace       used 34652K, capacity 35374K, committed 35416K, reserved 1079296K
  class space    used 4880K, capacity 5085K, committed 5120K, reserved 1048576K
}
Event: 107.966 GC heap before
{Heap before GC invocations=9 (full 2):
 PSYoungGen      total 140800K, used 129024K [0x00000000f5580000, 0x00000000fea80000, 0x0000000100000000)
  eden space 129024K, 100% used [0x00000000f5580000,0x00000000fd380000,0x00000000fd380000)
  from space 11776K, 0% used [0x00000000fdf00000,0x00000000fdf00000,0x00000000fea80000)
  to   space 11776K, 0% used [0x00000000fd380000,0x00000000fd380000,0x00000000fdf00000)
 ParOldGen       total 175104K, used 15301K [0x00000000e0000000, 0x00000000eab00000, 0x00000000f5580000)
  object space 175104K, 8% used [0x00000000e0000000,0x00000000e0ef1660,0x00000000eab00000)
 Metaspace       used 40758K, capacity 41808K, committed 42112K, reserved 1085440K
  class space    used 5893K, capacity 6204K, committed 6272K, reserved 1048576K
Event: 108.132 GC heap after
Heap after GC invocations=9 (full 2):
 PSYoungGen      total 140800K, used 10757K [0x00000000f5580000, 0x0000000100000000, 0x0000000100000000)
  eden space 129024K, 0% used [0x00000000f5580000,0x00000000f5580000,0x00000000fd380000)
  from space 11776K, 91% used [0x00000000fd380000,0x00000000fde01780,0x00000000fdf00000)
  to   space 12288K, 0% used [0x00000000ff400000,0x00000000ff400000,0x0000000100000000)
 ParOldGen       total 175104K, used 15301K [0x00000000e0000000, 0x00000000eab00000, 0x00000000f5580000)
  object space 175104K, 8% used [0x00000000e0000000,0x00000000e0ef1660,0x00000000eab00000)
 Metaspace       used 40758K, capacity 41808K, committed 42112K, reserved 1085440K
  class space    used 5893K, capacity 6204K, committed 6272K, reserved 1048576K
}

Deoptimization events (10 events):
Event: 108.392 Thread 0x000000001959e000 Uncommon trap: reason=bimorphic action=maybe_recompile pc=0x0000000005540dfc method=org.codehaus.groovy.runtime.metaclass.MetaMethodIndex.addMethodToList(Ljava/lang/Object;Lgroovy/lang/MetaMethod;)Ljava/lang/Object; @ 102
Event: 108.392 Thread 0x000000001959e000 Uncommon trap: reason=unstable_if action=reinterpret pc=0x00000000054403f0 method=groovy.lang.MetaClassImpl$1MOPIter.methodNameAction(Ljava/lang/Class;Lorg/codehaus/groovy/runtime/metaclass/MetaMethodIndex$Entry;)V @ 182
Event: 108.424 Thread 0x000000001959e000 Uncommon trap: reason=class_check action=maybe_recompile pc=0x0000000005486d14 method=groovy.lang.MetaMethod.isStatic()Z @ 1
Event: 108.424 Thread 0x000000001959e000 Uncommon trap: reason=class_check action=maybe_recompile pc=0x0000000005486d14 method=groovy.lang.MetaMethod.isStatic()Z @ 1
Event: 109.014 Thread 0x000000001959e000 Uncommon trap: reason=null_check action=make_not_entrant pc=0x000000000532d320 method=java.lang.ThreadLocal$ThreadLocalMap.getEntryAfterMiss(Ljava/lang/ThreadLocal;ILjava/lang/ThreadLocal$ThreadLocalMap$Entry;)Ljava/lang/ThreadLocal$ThreadLocalMap$Entry; 
Event: 109.029 Thread 0x000000001959e000 Uncommon trap: reason=unstable_if action=reinterpret pc=0x0000000005098fb0 method=org.objectweb.asm.ByteVector.putUTF8(Ljava/lang/String;)Lorg/objectweb/asm/ByteVector; @ 93
Event: 109.153 Thread 0x000000001959e000 Uncommon trap: reason=unstable_if action=reinterpret pc=0x0000000004ddd3a8 method=java.util.concurrent.ConcurrentHashMap.putVal(Ljava/lang/Object;Ljava/lang/Object;Z)Ljava/lang/Object; @ 195
Event: 110.586 Thread 0x000000001959e000 Uncommon trap: reason=unstable_if action=reinterpret pc=0x00000000053a16f4 method=org.objectweb.asm.Label.resolve([BI)Z @ 80
Event: 110.591 Thread 0x000000001959e000 Uncommon trap: reason=bimorphic action=maybe_recompile pc=0x00000000052a9bc0 method=org.gradle.internal.service.DefaultServiceRegistry$OwnServices.getService(Ljava/lang/reflect/Type;)Lorg/gradle/internal/service/Service; @ 41
Event: 110.591 Thread 0x000000001959e000 Uncommon trap: reason=bimorphic action=maybe_recompile pc=0x00000000052a9bc0 method=org.gradle.internal.service.DefaultServiceRegistry$OwnServices.getService(Ljava/lang/reflect/Type;)Lorg/gradle/internal/service/Service; @ 41

Classes redefined (0 events):
No events

Internal exceptions (10 events):
Event: 110.440 Thread 0x000000001959e000 Exception <a 'java/lang/ClassNotFoundException': org/gradle/api/tasks/javadoc/JavadocCustomizer> (0x00000000f9a2e3e0) thrown at [C:\re\workspace\8-2-build-windows-amd64-cygwin\jdk8u181\11358\hotspot\src\share\vm\classfile\systemDictionary.cpp, line 210]
Event: 110.442 Thread 0x000000001959e000 Exception <a 'java/lang/ClassNotFoundException': org/gradle/api/tasks/javadoc/Javadoc_DecoratedCustomizer> (0x00000000f9aa48a8) thrown at [C:\re\workspace\8-2-build-windows-amd64-cygwin\jdk8u181\11358\hotspot\src\share\vm\classfile\systemDictionary.cpp, l
Event: 110.460 Thread 0x000000001959e000 Exception <a 'java/lang/ClassNotFoundException': org/springframework/build/gradle/TestSourceSetDependenciesPluginBeanInfo> (0x00000000f9bb5738) thrown at [C:\re\workspace\8-2-build-windows-amd64-cygwin\jdk8u181\11358\hotspot\src\share\vm\classfile\systemD
Event: 110.460 Thread 0x000000001959e000 Exception <a 'java/lang/ClassNotFoundException': org/springframework/build/gradle/TestSourceSetDependenciesPluginCustomizer> (0x00000000f9bbdc70) thrown at [C:\re\workspace\8-2-build-windows-amd64-cygwin\jdk8u181\11358\hotspot\src\share\vm\classfile\syste
Event: 110.505 Thread 0x000000001959e000 Exception <a 'java/lang/ClassNotFoundException': io/spring/gradle/dependencymanagement/internal/dsl/StandardDependencyManagementExtensionBeanInfo> (0x00000000f9d55f58) thrown at [C:\re\workspace\8-2-build-windows-amd64-cygwin\jdk8u181\11358\hotspot\src\sh
Event: 110.505 Thread 0x000000001959e000 Exception <a 'java/lang/ClassNotFoundException': io/spring/gradle/dependencymanagement/internal/dsl/StandardDependencyManagementExtensionCustomizer> (0x00000000f9d692d0) thrown at [C:\re\workspace\8-2-build-windows-amd64-cygwin\jdk8u181\11358\hotspot\src\
Event: 110.576 Thread 0x000000001959e000 Exception <a 'java/lang/ClassNotFoundException': ide_4v6vqlthexahkupjaz5zng9x1BeanInfo> (0x00000000f9f52fd0) thrown at [C:\re\workspace\8-2-build-windows-amd64-cygwin\jdk8u181\11358\hotspot\src\share\vm\classfile\systemDictionary.cpp, line 210]
Event: 110.576 Thread 0x000000001959e000 Exception <a 'java/lang/ClassNotFoundException': ide_4v6vqlthexahkupjaz5zng9x1Customizer> (0x00000000f9f5d9f8) thrown at [C:\re\workspace\8-2-build-windows-amd64-cygwin\jdk8u181\11358\hotspot\src\share\vm\classfile\systemDictionary.cpp, line 210]
Event: 110.584 Thread 0x000000001959e000 Exception <a 'java/lang/ClassNotFoundException': io/spring/gradle/propdeps/PropDepsEclipsePluginBeanInfo> (0x00000000fa00b160) thrown at [C:\re\workspace\8-2-build-windows-amd64-cygwin\jdk8u181\11358\hotspot\src\share\vm\classfile\systemDictionary.cpp, li
Event: 110.584 Thread 0x000000001959e000 Exception <a 'java/lang/ClassNotFoundException': io/spring/gradle/propdeps/PropDepsEclipsePluginCustomizer> (0x00000000fa01b738) thrown at [C:\re\workspace\8-2-build-windows-amd64-cygwin\jdk8u181\11358\hotspot\src\share\vm\classfile\systemDictionary.cpp, 

Events (10 events):
Event: 110.593 loading class org/gradle/plugins/ide/internal/IdePlugin$7
Event: 110.593 loading class org/gradle/plugins/ide/internal/IdePlugin$7 done
Event: 110.594 loading class org/gradle/plugins/ide/eclipse/model/EclipseClasspath
Event: 110.594 loading class org/gradle/plugins/ide/eclipse/model/EclipseClasspath done
Event: 110.596 loading class org/gradle/plugins/ide/eclipse/model/EclipseProject
Event: 110.596 loading class org/gradle/plugins/ide/eclipse/model/EclipseProject done
Event: 110.597 loading class org/gradle/plugins/ide/eclipse/model/EclipseJdt
Event: 110.597 loading class org/gradle/plugins/ide/eclipse/model/EclipseJdt done
Event: 110.598 loading class org/gradle/plugins/ide/eclipse/model/EclipseWtp
Event: 110.598 loading class org/gradle/plugins/ide/eclipse/model/EclipseWtp done


Dynamic libraries:
0x00007ff7df390000 - 0x00007ff7df3c7000 	C:\Program Files\Java\jdk1.8.0_181\bin\java.exe
0x00007ff97fff0000 - 0x00007ff9801d0000 	C:\Windows\SYSTEM32\ntdll.dll
0x00007ff97ef50000 - 0x00007ff97effe000 	C:\Windows\System32\KERNEL32.DLL
0x00007ff97cf90000 - 0x00007ff97d1f6000 	C:\Windows\System32\KERNELBASE.dll
0x00007ff97eea0000 - 0x00007ff97ef41000 	C:\Windows\System32\ADVAPI32.dll
0x00007ff97d690000 - 0x00007ff97d72d000 	C:\Windows\System32\msvcrt.dll
0x00007ff97ed10000 - 0x00007ff97ed6b000 	C:\Windows\System32\sechost.dll
0x00007ff97fe10000 - 0x00007ff97ff2f000 	C:\Windows\System32\RPCRT4.dll
0x00007ff97eb70000 - 0x00007ff97ecff000 	C:\Windows\System32\USER32.dll
0x00007ff97c440000 - 0x00007ff97c460000 	C:\Windows\System32\win32u.dll
0x00007ff97fde0000 - 0x00007ff97fe08000 	C:\Windows\System32\GDI32.dll
0x00007ff97d280000 - 0x00007ff97d413000 	C:\Windows\System32\gdi32full.dll
0x00007ff97d420000 - 0x00007ff97d4bb000 	C:\Windows\System32\msvcp_win.dll
0x00007ff97c740000 - 0x00007ff97c836000 	C:\Windows\System32\ucrtbase.dll
0x00007ff96aef0000 - 0x00007ff96b159000 	C:\Windows\WinSxS\amd64_microsoft.windows.common-controls_6595b64144ccf1df_6.0.16299.125_none_15cbcf8893620c09\COMCTL32.dll
0x00007ff97fad0000 - 0x00007ff97fdd8000 	C:\Windows\System32\combase.dll
0x00007ff97d200000 - 0x00007ff97d272000 	C:\Windows\System32\bcryptPrimitives.dll
0x00007ff97d4c0000 - 0x00007ff97d4ed000 	C:\Windows\System32\IMM32.DLL
0x0000000064880000 - 0x0000000064952000 	C:\Program Files\Java\jdk1.8.0_181\jre\bin\msvcr100.dll
0x0000000063fd0000 - 0x0000000064872000 	C:\Program Files\Java\jdk1.8.0_181\jre\bin\server\jvm.dll
0x00007ff97f8e0000 - 0x00007ff97f8e8000 	C:\Windows\System32\PSAPI.DLL
0x00007ff967870000 - 0x00007ff967879000 	C:\Windows\SYSTEM32\WSOCK32.dll
0x00007ff97f8f0000 - 0x00007ff97f95c000 	C:\Windows\System32\WS2_32.dll
0x00007ff97a5e0000 - 0x00007ff97a603000 	C:\Windows\SYSTEM32\WINMM.dll
0x00007ff977fd0000 - 0x00007ff977fda000 	C:\Windows\SYSTEM32\VERSION.dll
0x00007ff97a2b0000 - 0x00007ff97a2da000 	C:\Windows\SYSTEM32\winmmbase.dll
0x00007ff97c3f0000 - 0x00007ff97c43a000 	C:\Windows\System32\cfgmgr32.dll
0x0000000063fc0000 - 0x0000000063fcf000 	C:\Program Files\Java\jdk1.8.0_181\jre\bin\verify.dll
0x0000000063f90000 - 0x0000000063fb9000 	C:\Program Files\Java\jdk1.8.0_181\jre\bin\java.dll
0x0000000063f70000 - 0x0000000063f86000 	C:\Program Files\Java\jdk1.8.0_181\jre\bin\zip.dll
0x00007ff97d730000 - 0x00007ff97eb66000 	C:\Windows\System32\SHELL32.dll
0x00007ff97ed70000 - 0x00007ff97ee16000 	C:\Windows\System32\shcore.dll
0x00007ff97c840000 - 0x00007ff97cf87000 	C:\Windows\System32\windows.storage.dll
0x00007ff97ff60000 - 0x00007ff97ffb1000 	C:\Windows\System32\shlwapi.dll
0x00007ff97c3d0000 - 0x00007ff97c3e1000 	C:\Windows\System32\kernel.appcore.dll
0x00007ff97c380000 - 0x00007ff97c3cc000 	C:\Windows\System32\powrprof.dll
0x00007ff97c360000 - 0x00007ff97c37b000 	C:\Windows\System32\profapi.dll
0x0000000063f50000 - 0x0000000063f6a000 	C:\Program Files\Java\jdk1.8.0_181\jre\bin\net.dll
0x00007ff97bb20000 - 0x00007ff97bb86000 	C:\Windows\system32\mswsock.dll
0x0000000063f30000 - 0x0000000063f41000 	C:\Program Files\Java\jdk1.8.0_181\jre\bin\nio.dll
0x00007ff979050000 - 0x00007ff979076000 	D:\software\gradle-5.3.1\native\29\windows-amd64\native-platform.dll
0x0000000063d40000 - 0x0000000063d4d000 	C:\Program Files\Java\jdk1.8.0_181\jre\bin\management.dll
0x00007ff97bd40000 - 0x00007ff97bd57000 	C:\Windows\SYSTEM32\CRYPTSP.dll
0x00007ff97b730000 - 0x00007ff97b763000 	C:\Windows\system32\rsaenh.dll
0x00007ff97be50000 - 0x00007ff97be75000 	C:\Windows\SYSTEM32\bcrypt.dll
0x00007ff97c240000 - 0x00007ff97c269000 	C:\Windows\SYSTEM32\USERENV.dll
0x00007ff97bd60000 - 0x00007ff97bd6b000 	C:\Windows\SYSTEM32\CRYPTBASE.dll
0x00007ff97b8b0000 - 0x00007ff97b8e9000 	C:\Windows\SYSTEM32\IPHLPAPI.DLL
0x00007ff97ed00000 - 0x00007ff97ed08000 	C:\Windows\System32\NSI.dll
0x00007ff977370000 - 0x00007ff977386000 	C:\Windows\SYSTEM32\dhcpcsvc6.DLL
0x00007ff977340000 - 0x00007ff97735a000 	C:\Windows\SYSTEM32\dhcpcsvc.DLL

VM Arguments:
jvm_args: -XX:MaxMetaspaceSize=256m -XX:+HeapDumpOnOutOfMemoryError -Xms256m -Xmx512m -Dfile.encoding=GBK -Duser.country=CN -Duser.language=zh -Duser.variant 
java_command: org.gradle.launcher.daemon.bootstrap.GradleDaemon 5.3.1
java_class_path (initial): D:\software\gradle-5.3.1\lib\gradle-launcher-5.3.1.jar
Launcher Type: SUN_STANDARD

Environment Variables:
JAVA_HOME=C:\Program Files\Java\jdk1.8.0_181
CLASSPATH=.;C:\Program Files\Java\jdk1.8.0_181\lib\dt.jar;C:\Program Files\Java\jdk1.8.0_181\lib\tools.jar;C:\Program Files\apache-tomcat-8.5.34\lib\servlet-api.jar;
PATH=C:\Program Files (x86)\Common Files\NetSarang;C:\Program Files\Java\jdk1.8.0_181\bin;C:\Program Files (x86)\Common Files\Oracle\Java\javapath;C:\Windows\system32;C:\Windows;C:\Windows\System32\Wbem;C:\Windows\System32\WindowsPowerShell\v1.0\;C:\Program Files (x86)\NVIDIA Corporation\PhysX\Common;C:\Program Files\nodejs\;D:\software\apache-maven-3.6.0\bin;C:\Program Files\Java\jdk1.8.0_181\jre\bin;C:\Program Files\VisualSVN Server\bin;C:\Program Files\TortoiseSVN\bin;D:\software\gradle-5.3.1\bin;C:\Users\Administrator\AppData\Local\Microsoft\WindowsApps;;C:\Program Files\Microsoft VS Code\bin;C:\Users\Administrator\AppData\Roaming\npm
USERNAME=Administrator
OS=Windows_NT
PROCESSOR_IDENTIFIER=Intel64 Family 6 Model 158 Stepping 9, GenuineIntel



---------------  S Y S T E M  ---------------

OS: Windows 10.0 , 64 bit Build 16299 (10.0.16299.15)

CPU:total 8 (initial active 8) (4 cores per cpu, 2 threads per core) family 6 model 158 stepping 9, cmov, cx8, fxsr, mmx, sse, sse2, sse3, ssse3, sse4.1, sse4.2, popcnt, avx, avx2, aes, clmul, erms, rtm, 3dnowpref, lzcnt, ht, tsc, tscinvbit, bmi1, bmi2, adx

Memory: 4k page, physical 16662280k(416732k free), swap 27148164k(8k free)

vm_info: Java HotSpot(TM) 64-Bit Server VM (25.181-b13) for windows-amd64 JRE (1.8.0_181-b13), built on Jul  7 2018 04:01:33 by "java_re" with MS VC++ 10.0 (VS2010)

time: Sat Apr 13 14:10:09 2019
elapsed time: 110 seconds (0d 0h 1m 50s)

