#
# There is insufficient memory for the Java Runtime Environment to continue.
# Native memory allocation (malloc) failed to allocate 124496 bytes for Chunk::new
# Possible reasons:
#   The system is out of physical RAM or swap space
#   In 32 bit mode, the process size limit was hit
# Possible solutions:
#   Reduce memory load on the system
#   Increase physical memory or swap space
#   Check if swap backing store is full
#   Use 64 bit Java on a 64 bit OS
#   Decrease Java heap size (-Xmx/-Xms)
#   Decrease number of Java threads
#   Decrease Java thread stack sizes (-Xss)
#   Set larger code cache with -XX:ReservedCodeCacheSize=
# This output file may be truncated or incomplete.
#
#  Out of Memory Error (allocation.cpp:390), pid=14696, tid=0x0000000000003c98
#
# JRE version: Java(TM) SE Runtime Environment (8.0_181-b13) (build 1.8.0_181-b13)
# Java VM: Java HotSpot(TM) 64-Bit Server VM (25.181-b13 mixed mode windows-amd64 compressed oops)
# Failed to write core dump. Minidumps are not enabled by default on client versions of Windows
#

---------------  T H R E A D  ---------------

Current thread (0x0000000018571800):  JavaThread "C2 CompilerThread2" daemon [_thread_in_native, id=15512, stack(0x0000000018df0000,0x0000000018ef0000)]

Stack: [0x0000000018df0000,0x0000000018ef0000]
[error occurred during error reporting (printing stack bounds), id 0xc0000005]

Native frames: (J=compiled Java code, j=interpreted, Vv=VM code, C=native code)


Current CompileTask:
C2: 110525 6983       4       org.gradle.api.internal.collections.AbstractIterationOrderRetainingElementSource$RealizedElementCollectionIterator::updateNext (157 bytes)


---------------  P R O C E S S  ---------------

Java Threads: ( => current thread )
  0x000000001d2e4000 JavaThread "Cache worker for Build Output Cleanup Cache (D:\code\spring-framework\.gradle\buildOutputCleanup)" [_thread_blocked, id=2252, stack(0x0000000022d10000,0x0000000022e10000)]
  0x000000001d2e3800 JavaThread "Build operations Thread 8" [_thread_blocked, id=18516, stack(0x0000000022c10000,0x0000000022d10000)]
  0x000000001d2e2800 JavaThread "Build operations Thread 7" [_thread_blocked, id=16600, stack(0x0000000022b10000,0x0000000022c10000)]
  0x000000001d2de000 JavaThread "Build operations Thread 6" [_thread_blocked, id=18524, stack(0x0000000022a10000,0x0000000022b10000)]
  0x000000001d2e1000 JavaThread "Build operations Thread 5" [_thread_blocked, id=18520, stack(0x0000000022910000,0x0000000022a10000)]
  0x000000001d2db000 JavaThread "Build operations Thread 4" [_thread_blocked, id=18836, stack(0x0000000022810000,0x0000000022910000)]
  0x000000001d2e0800 JavaThread "Build operations Thread 3" [_thread_blocked, id=18832, stack(0x0000000022710000,0x0000000022810000)]
  0x000000001d2df800 JavaThread "Build operations Thread 2" [_thread_blocked, id=16416, stack(0x0000000022610000,0x0000000022710000)]
  0x000000001d2e2000 JavaThread "Build operations" [_thread_blocked, id=13476, stack(0x0000000022510000,0x0000000022610000)]
  0x000000001d2dc800 JavaThread "Cache worker for file content cache (D:\software\gradle-5.3.1\caches\5.3.1\fileContent)" [_thread_blocked, id=19036, stack(0x0000000021910000,0x0000000021a10000)]
  0x000000001d2dd800 JavaThread "Memory manager" [_thread_blocked, id=19200, stack(0x0000000021810000,0x0000000021910000)]
  0x000000001a3fc800 JavaThread "Cache worker for execution history cache (D:\software\gradle-5.3.1\caches\5.3.1\executionHistory)" [_thread_blocked, id=9456, stack(0x0000000020240000,0x0000000020340000)]
  0x000000001a3fc000 JavaThread "Cache worker for cache directory md-rule (D:\software\gradle-5.3.1\caches\5.3.1\md-rule)" [_thread_blocked, id=15348, stack(0x000000001ff70000,0x0000000020070000)]
  0x000000001a3fb000 JavaThread "Cache worker for cache directory md-supplier (D:\software\gradle-5.3.1\caches\5.3.1\md-supplier)" [_thread_blocked, id=14208, stack(0x000000001ea60000,0x000000001eb60000)]
  0x000000001a3fd800 JavaThread "Cache worker for file hash cache (D:\code\spring-framework\.gradle\5.3.1\fileHashes)" [_thread_blocked, id=18224, stack(0x000000001e160000,0x000000001e260000)]
  0x000000001a3ff000 JavaThread "Cache worker for journal cache (D:\software\gradle-5.3.1\caches\journal-1)" [_thread_blocked, id=5396, stack(0x000000001bec0000,0x000000001bfc0000)]
  0x000000001a3f9800 JavaThread "File lock release action executor" [_thread_blocked, id=13720, stack(0x000000001bdc0000,0x000000001bec0000)]
  0x000000001a3f8000 JavaThread "File lock request listener" [_thread_in_native, id=6800, stack(0x000000001bcc0000,0x000000001bdc0000)]
  0x000000001a3fe000 JavaThread "Cache worker for file hash cache (D:\software\gradle-5.3.1\caches\5.3.1\fileHashes)" [_thread_blocked, id=11568, stack(0x000000001b9c0000,0x000000001bac0000)]
  0x0000000018709800 JavaThread "Thread-9" [_thread_blocked, id=17980, stack(0x000000001b8c0000,0x000000001b9c0000)]
  0x000000001a2ce000 JavaThread "Asynchronous log dispatcher for DefaultDaemonConnection: socket connection from /127.0.0.1:61871 to /127.0.0.1:61872" [_thread_blocked, id=14888, stack(0x000000001b5c0000,0x000000001b6c0000)]
  0x0000000019717000 JavaThread "Daemon worker" [_thread_in_Java, id=4900, stack(0x000000001b4c0000,0x000000001b5c0000)]
  0x000000001a2ca800 JavaThread "Cancel handler" [_thread_blocked, id=9524, stack(0x000000001b3c0000,0x000000001b4c0000)]
  0x0000000019b8d800 JavaThread "Handler for socket connection from /127.0.0.1:61871 to /127.0.0.1:61872" [_thread_in_native, id=13388, stack(0x000000001b0c0000,0x000000001b1c0000)]
  0x0000000019ba2000 JavaThread "Daemon" [_thread_blocked, id=15256, stack(0x000000001afc0000,0x000000001b0c0000)]
  0x0000000019ba1000 JavaThread "Daemon periodic checks" [_thread_blocked, id=3076, stack(0x000000001aec0000,0x000000001afc0000)]
  0x0000000019606800 JavaThread "Incoming local TCP Connector on port 61871" [_thread_in_native, id=14844, stack(0x000000001ad20000,0x000000001ae20000)]
  0x000000001a186800 JavaThread "Daemon health stats" [_thread_blocked, id=16700, stack(0x000000001aa00000,0x000000001ab00000)]
  0x0000000018579800 JavaThread "Service Thread" daemon [_thread_blocked, id=6532, stack(0x0000000018ff0000,0x00000000190f0000)]
  0x0000000018575000 JavaThread "C1 CompilerThread3" daemon [_thread_blocked, id=9668, stack(0x0000000018ef0000,0x0000000018ff0000)]
=>0x0000000018571800 JavaThread "C2 CompilerThread2" daemon [_thread_in_native, id=15512, stack(0x0000000018df0000,0x0000000018ef0000)]
  0x0000000018521800 JavaThread "C2 CompilerThread1" daemon [_thread_blocked, id=13460, stack(0x0000000018cf0000,0x0000000018df0000)]
  0x000000001851e800 JavaThread "C2 CompilerThread0" daemon [_thread_blocked, id=16608, stack(0x0000000018bf0000,0x0000000018cf0000)]
  0x000000001851c800 JavaThread "Attach Listener" daemon [_thread_blocked, id=12124, stack(0x0000000018af0000,0x0000000018bf0000)]
  0x00000000184c7800 JavaThread "Signal Dispatcher" daemon [_thread_blocked, id=15024, stack(0x00000000189f0000,0x0000000018af0000)]
  0x00000000184b0800 JavaThread "Finalizer" daemon [_thread_blocked, id=84, stack(0x0000000018890000,0x0000000018990000)]
  0x0000000004df5000 JavaThread "Reference Handler" daemon [_thread_blocked, id=6600, stack(0x0000000018390000,0x0000000018490000)]
  0x00000000048ae800 JavaThread "main" [_thread_blocked, id=2780, stack(0x0000000004c00000,0x0000000004d00000)]

Other Threads:
  0x00000000165ba000 VMThread [stack: 0x0000000018290000,0x0000000018390000] [id=5340]
  0x0000000018591000 WatcherThread [stack: 0x00000000190f0000,0x00000000191f0000] [id=13316]

VM state:not at safepoint (normal execution)

VM Mutex/Monitor currently owned by a thread: None

Heap:
 PSYoungGen      total 160256K, used 67374K [0x00000000f5580000, 0x0000000100000000, 0x0000000100000000)
  eden space 145920K, 36% used [0x00000000f5580000,0x00000000f894e268,0x00000000fe400000)
  from space 14336K, 99% used [0x00000000fe400000,0x00000000ff1fd860,0x00000000ff200000)
  to   space 14336K, 0% used [0x00000000ff200000,0x00000000ff200000,0x0000000100000000)
 ParOldGen       total 175104K, used 40669K [0x00000000e0000000, 0x00000000eab00000, 0x00000000f5580000)
  object space 175104K, 23% used [0x00000000e0000000,0x00000000e27b74a0,0x00000000eab00000)
 Metaspace       used 50470K, capacity 53638K, committed 53760K, reserved 1095680K
  class space    used 7204K, capacity 7878K, committed 7936K, reserved 1048576K

Card table byte_map: [0x00000000141c0000,0x00000000142d0000] byte_map_base: 0x0000000013ac0000

Marking Bits: (ParMarkBitMap*) 0x00000000647f2d00
 Begin Bits: [0x0000000014ad0000, 0x00000000152d0000)
 End Bits:   [0x00000000152d0000, 0x0000000015ad0000)

Polling page: 0x0000000002bd0000

CodeCache: size=245760Kb used=23457Kb max_used=23476Kb free=222303Kb
 bounds [0x0000000004e00000, 0x0000000006510000, 0x0000000013e00000]
 total_blobs=7172 nmethods=6408 adapters=675
 compilation: enabled

Compilation events (10 events):
Event: 110.427 Thread 0x0000000018575000 nmethod 6980 0x00000000064eb610 code [0x00000000064eb7c0, 0x00000000064ebb08]
Event: 110.438 Thread 0x0000000018575000 6981       3       org.codehaus.groovy.runtime.metaclass.ClosureMetaClass::createPogoCallCurrentSite (10 bytes)
Event: 110.438 Thread 0x0000000018575000 nmethod 6981 0x00000000065013d0 code [0x0000000006501540, 0x0000000006501808]
Event: 110.502 Thread 0x0000000018575000 6982       3       sun.misc.CompoundEnumeration::next (58 bytes)
Event: 110.502 Thread 0x0000000018575000 nmethod 6982 0x0000000006500d90 code [0x0000000006500f20, 0x00000000065012a8]
Event: 110.502 Thread 0x0000000018571800 6983       4       org.gradle.api.internal.collections.AbstractIterationOrderRetainingElementSource$RealizedElementCollectionIterator::updateNext (157 bytes)
Event: 110.503 Thread 0x0000000018575000 6984       1       java.util.ServiceLoader::access$800 (5 bytes)
Event: 110.503 Thread 0x0000000018575000 nmethod 6984 0x0000000006500ad0 code [0x0000000006500c20, 0x0000000006500d10]
Event: 110.503 Thread 0x0000000018575000 6985       1       java.util.ServiceLoader::access$500 (5 bytes)
Event: 110.503 Thread 0x0000000018575000 nmethod 6985 0x0000000006500810 code [0x0000000006500960, 0x0000000006500a50]

GC Heap History (10 events):
Event: 75.757 GC heap before
{Heap before GC invocations=7 (full 1):
 PSYoungGen      total 76288K, used 41425K [0x00000000f5580000, 0x00000000fe100000, 0x0000000100000000)
  eden space 65536K, 49% used [0x00000000f5580000,0x00000000f750fa48,0x00000000f9580000)
  from space 10752K, 84% used [0x00000000f9580000,0x00000000f9e64b88,0x00000000fa000000)
  to   space 11264K, 0% used [0x00000000fd600000,0x00000000fd600000,0x00000000fe100000)
 ParOldGen       total 175104K, used 9974K [0x00000000e0000000, 0x00000000eab00000, 0x00000000f5580000)
  object space 175104K, 5% used [0x00000000e0000000,0x00000000e09bdb18,0x00000000eab00000)
 Metaspace       used 34644K, capacity 35358K, committed 35416K, reserved 1079296K
  class space    used 4886K, capacity 5085K, committed 5120K, reserved 1048576K
Event: 75.764 GC heap after
Heap after GC invocations=7 (full 1):
 PSYoungGen      total 131584K, used 8379K [0x00000000f5580000, 0x00000000fe480000, 0x0000000100000000)
  eden space 120320K, 0% used [0x00000000f5580000,0x00000000f5580000,0x00000000fcb00000)
  from space 11264K, 74% used [0x00000000fd600000,0x00000000fde2ed58,0x00000000fe100000)
  to   space 11264K, 0% used [0x00000000fcb00000,0x00000000fcb00000,0x00000000fd600000)
 ParOldGen       total 175104K, used 9982K [0x00000000e0000000, 0x00000000eab00000, 0x00000000f5580000)
  object space 175104K, 5% used [0x00000000e0000000,0x00000000e09bfb18,0x00000000eab00000)
 Metaspace       used 34644K, capacity 35358K, committed 35416K, reserved 1079296K
  class space    used 4886K, capacity 5085K, committed 5120K, reserved 1048576K
}
Event: 75.764 GC heap before
{Heap before GC invocations=8 (full 2):
 PSYoungGen      total 131584K, used 8379K [0x00000000f5580000, 0x00000000fe480000, 0x0000000100000000)
  eden space 120320K, 0% used [0x00000000f5580000,0x00000000f5580000,0x00000000fcb00000)
  from space 11264K, 74% used [0x00000000fd600000,0x00000000fde2ed58,0x00000000fe100000)
  to   space 11264K, 0% used [0x00000000fcb00000,0x00000000fcb00000,0x00000000fd600000)
 ParOldGen       total 175104K, used 9982K [0x00000000e0000000, 0x00000000eab00000, 0x00000000f5580000)
  object space 175104K, 5% used [0x00000000e0000000,0x00000000e09bfb18,0x00000000eab00000)
 Metaspace       used 34644K, capacity 35358K, committed 35416K, reserved 1079296K
  class space    used 4886K, capacity 5085K, committed 5120K, reserved 1048576K
Event: 75.795 GC heap after
Heap after GC invocations=8 (full 2):
 PSYoungGen      total 131584K, used 0K [0x00000000f5580000, 0x00000000fe480000, 0x0000000100000000)
  eden space 120320K, 0% used [0x00000000f5580000,0x00000000f5580000,0x00000000fcb00000)
  from space 11264K, 0% used [0x00000000fd600000,0x00000000fd600000,0x00000000fe100000)
  to   space 11264K, 0% used [0x00000000fcb00000,0x00000000fcb00000,0x00000000fd600000)
 ParOldGen       total 175104K, used 14978K [0x00000000e0000000, 0x00000000eab00000, 0x00000000f5580000)
  object space 175104K, 8% used [0x00000000e0000000,0x00000000e0ea0bf8,0x00000000eab00000)
 Metaspace       used 34644K, capacity 35358K, committed 35416K, reserved 1079296K
  class space    used 4886K, capacity 5085K, committed 5120K, reserved 1048576K
}
Event: 81.736 GC heap before
{Heap before GC invocations=9 (full 2):
 PSYoungGen      total 131584K, used 120320K [0x00000000f5580000, 0x00000000fe480000, 0x0000000100000000)
  eden space 120320K, 100% used [0x00000000f5580000,0x00000000fcb00000,0x00000000fcb00000)
  from space 11264K, 0% used [0x00000000fd600000,0x00000000fd600000,0x00000000fe100000)
  to   space 11264K, 0% used [0x00000000fcb00000,0x00000000fcb00000,0x00000000fd600000)
 ParOldGen       total 175104K, used 14978K [0x00000000e0000000, 0x00000000eab00000, 0x00000000f5580000)
  object space 175104K, 8% used [0x00000000e0000000,0x00000000e0ea0bf8,0x00000000eab00000)
 Metaspace       used 40499K, capacity 41476K, committed 41600K, reserved 1085440K
  class space    used 5864K, capacity 6161K, committed 6272K, reserved 1048576K
Event: 81.748 GC heap after
Heap after GC invocations=9 (full 2):
 PSYoungGen      total 131584K, used 10340K [0x00000000f5580000, 0x0000000100000000, 0x0000000100000000)
  eden space 120320K, 0% used [0x00000000f5580000,0x00000000f5580000,0x00000000fcb00000)
  from space 11264K, 91% used [0x00000000fcb00000,0x00000000fd519168,0x00000000fd600000)
  to   space 11776K, 0% used [0x00000000ff480000,0x00000000ff480000,0x0000000100000000)
 ParOldGen       total 175104K, used 14986K [0x00000000e0000000, 0x00000000eab00000, 0x00000000f5580000)
  object space 175104K, 8% used [0x00000000e0000000,0x00000000e0ea2bf8,0x00000000eab00000)
 Metaspace       used 40499K, capacity 41476K, committed 41600K, reserved 1085440K
  class space    used 5864K, capacity 6161K, committed 6272K, reserved 1048576K
}
Event: 104.602 GC heap before
{Heap before GC invocations=10 (full 2):
 PSYoungGen      total 131584K, used 130660K [0x00000000f5580000, 0x0000000100000000, 0x0000000100000000)
  eden space 120320K, 100% used [0x00000000f5580000,0x00000000fcb00000,0x00000000fcb00000)
  from space 11264K, 91% used [0x00000000fcb00000,0x00000000fd519168,0x00000000fd600000)
  to   space 11776K, 0% used [0x00000000ff480000,0x00000000ff480000,0x0000000100000000)
 ParOldGen       total 175104K, used 14986K [0x00000000e0000000, 0x00000000eab00000, 0x00000000f5580000)
  object space 175104K, 8% used [0x00000000e0000000,0x00000000e0ea2bf8,0x00000000eab00000)
 Metaspace       used 43681K, capacity 44978K, committed 45184K, reserved 1087488K
  class space    used 6294K, capacity 6684K, committed 6784K, reserved 1048576K
Event: 104.725 GC heap after
Heap after GC invocations=10 (full 2):
 PSYoungGen      total 157696K, used 11766K [0x00000000f5580000, 0x0000000100000000, 0x0000000100000000)
  eden space 145920K, 0% used [0x00000000f5580000,0x00000000f5580000,0x00000000fe400000)
  from space 11776K, 99% used [0x00000000ff480000,0x00000000ffffd860,0x0000000100000000)
  to   space 14336K, 0% used [0x00000000fe400000,0x00000000fe400000,0x00000000ff200000)
 ParOldGen       total 175104K, used 18596K [0x00000000e0000000, 0x00000000eab00000, 0x00000000f5580000)
  object space 175104K, 10% used [0x00000000e0000000,0x00000000e12293f0,0x00000000eab00000)
 Metaspace       used 43681K, capacity 44978K, committed 45184K, reserved 1087488K
  class space    used 6294K, capacity 6684K, committed 6784K, reserved 1048576K
}
Event: 108.963 GC heap before
{Heap before GC invocations=11 (full 2):
 PSYoungGen      total 157696K, used 157686K [0x00000000f5580000, 0x0000000100000000, 0x0000000100000000)
  eden space 145920K, 100% used [0x00000000f5580000,0x00000000fe400000,0x00000000fe400000)
  from space 11776K, 99% used [0x00000000ff480000,0x00000000ffffd860,0x0000000100000000)
  to   space 14336K, 0% used [0x00000000fe400000,0x00000000fe400000,0x00000000ff200000)
 ParOldGen       total 175104K, used 18596K [0x00000000e0000000, 0x00000000eab00000, 0x00000000f5580000)
  object space 175104K, 10% used [0x00000000e0000000,0x00000000e12293f0,0x00000000eab00000)
 Metaspace       used 49168K, capacity 51960K, committed 52096K, reserved 1093632K
  class space    used 6944K, capacity 7487K, committed 7552K, reserved 1048576K
Event: 109.072 GC heap after
Heap after GC invocations=11 (full 2):
 PSYoungGen      total 160256K, used 14326K [0x00000000f5580000, 0x0000000100000000, 0x0000000100000000)
  eden space 145920K, 0% used [0x00000000f5580000,0x00000000f5580000,0x00000000fe400000)
  from space 14336K, 99% used [0x00000000fe400000,0x00000000ff1fd860,0x00000000ff200000)
  to   space 14336K, 0% used [0x00000000ff200000,0x00000000ff200000,0x0000000100000000)
 ParOldGen       total 175104K, used 40669K [0x00000000e0000000, 0x00000000eab00000, 0x00000000f5580000)
  object space 175104K, 23% used [0x00000000e0000000,0x00000000e27b74a0,0x00000000eab00000)
 Metaspace       used 49168K, capacity 51960K, committed 52096K, reserved 1093632K
  class space    used 6944K, capacity 7487K, committed 7552K, reserved 1048576K
}

Deoptimization events (10 events):
Event: 109.801 Thread 0x0000000019717000 Uncommon trap: reason=class_check action=maybe_recompile pc=0x0000000006495258 method=org.gradle.api.internal.DefaultNamedDomainObjectCollection.findByNameWithoutRules(Ljava/lang/String;)Ljava/lang/Object; @ 5
Event: 109.801 Thread 0x0000000019717000 Uncommon trap: reason=null_check action=make_not_entrant pc=0x0000000006008c60 method=org.gradle.api.internal.collections.CollectionFilter.filter(Ljava/lang/Object;)Ljava/lang/Object; @ 5
Event: 109.802 Thread 0x0000000019717000 Uncommon trap: reason=unstable_if action=reinterpret pc=0x00000000061c4eb0 method=org.gradle.tooling.internal.provider.runner.PluginApplicationTracker.started(Lorg/gradle/internal/operations/BuildOperationDescriptor;Lorg/gradle/internal/operations/Operati
Event: 109.853 Thread 0x0000000019717000 Uncommon trap: reason=class_check action=maybe_recompile pc=0x0000000006276ed4 method=org.gradle.api.internal.collections.CollectionFilter.filter(Ljava/lang/Object;)Ljava/lang/Object; @ 27
Event: 109.859 Thread 0x0000000019717000 Uncommon trap: reason=class_check action=maybe_recompile pc=0x0000000006276ed4 method=org.gradle.api.internal.collections.CollectionFilter.filter(Ljava/lang/Object;)Ljava/lang/Object; @ 27
Event: 109.960 Thread 0x0000000019717000 Uncommon trap: reason=class_check action=maybe_recompile pc=0x0000000006495258 method=org.gradle.api.internal.DefaultNamedDomainObjectCollection.findByNameWithoutRules(Ljava/lang/String;)Ljava/lang/Object; @ 5
Event: 109.960 Thread 0x0000000019717000 Uncommon trap: reason=class_check action=maybe_recompile pc=0x0000000006495258 method=org.gradle.api.internal.DefaultNamedDomainObjectCollection.findByNameWithoutRules(Ljava/lang/String;)Ljava/lang/Object; @ 5
Event: 109.960 Thread 0x0000000019717000 Uncommon trap: reason=class_check action=maybe_recompile pc=0x0000000006276ed4 method=org.gradle.api.internal.collections.CollectionFilter.filter(Ljava/lang/Object;)Ljava/lang/Object; @ 27
Event: 109.961 Thread 0x0000000019717000 Uncommon trap: reason=class_check action=maybe_recompile pc=0x0000000006276ed4 method=org.gradle.api.internal.collections.CollectionFilter.filter(Ljava/lang/Object;)Ljava/lang/Object; @ 27
Event: 110.056 Thread 0x0000000019717000 Uncommon trap: reason=class_check action=maybe_recompile pc=0x0000000006495258 method=org.gradle.api.internal.DefaultNamedDomainObjectCollection.findByNameWithoutRules(Ljava/lang/String;)Ljava/lang/Object; @ 5

Classes redefined (0 events):
No events

Internal exceptions (10 events):
Event: 110.103 Thread 0x0000000019717000 Exception <a 'java/lang/ClassNotFoundException': com/google/common/collect/SingletonImmutableSetBeanInfo> (0x00000000f8561698) thrown at [C:\re\workspace\8-2-build-windows-amd64-cygwin\jdk8u181\11358\hotspot\src\share\vm\classfile\systemDictionary.cpp, li
Event: 110.103 Thread 0x0000000019717000 Exception <a 'java/lang/ClassNotFoundException': com/google/common/collect/ImmutableSetBeanInfo> (0x00000000f8572db8) thrown at [C:\re\workspace\8-2-build-windows-amd64-cygwin\jdk8u181\11358\hotspot\src\share\vm\classfile\systemDictionary.cpp, line 210]
Event: 110.104 Thread 0x0000000019717000 Exception <a 'java/lang/ClassNotFoundException': com/google/common/collect/ImmutableSetCustomizer> (0x00000000f85849a0) thrown at [C:\re\workspace\8-2-build-windows-amd64-cygwin\jdk8u181\11358\hotspot\src\share\vm\classfile\systemDictionary.cpp, line 210]
Event: 110.105 Thread 0x0000000019717000 Exception <a 'java/lang/ClassNotFoundException': com/google/common/collect/SingletonImmutableSetCustomizer> (0x00000000f85b6e30) thrown at [C:\re\workspace\8-2-build-windows-amd64-cygwin\jdk8u181\11358\hotspot\src\share\vm\classfile\systemDictionary.cpp, 
Event: 110.108 Thread 0x0000000019717000 Exception <a 'java/lang/ClassNotFoundException': org/gradle/api/internal/tasks/DefaultTaskInputs$TaskInputUnionFileCollectionBeanInfo> (0x00000000f8674660) thrown at [C:\re\workspace\8-2-build-windows-amd64-cygwin\jdk8u181\11358\hotspot\src\share\vm\class
Event: 110.108 Thread 0x0000000019717000 Exception <a 'java/lang/ClassNotFoundException': org/gradle/api/internal/tasks/DefaultTaskInputs$TaskInputUnionFileCollectionCustomizer> (0x00000000f86b2f48) thrown at [C:\re\workspace\8-2-build-windows-amd64-cygwin\jdk8u181\11358\hotspot\src\share\vm\cla
Event: 110.123 Thread 0x0000000019717000 Exception <a 'java/lang/ClassNotFoundException': spring_build_src_54bfy9glbnr5nuz47bxvcykbBeanInfo> (0x00000000f8768a30) thrown at [C:\re\workspace\8-2-build-windows-amd64-cygwin\jdk8u181\11358\hotspot\src\share\vm\classfile\systemDictionary.cpp, line 210
Event: 110.123 Thread 0x0000000019717000 Exception <a 'java/lang/ClassNotFoundException': spring_build_src_54bfy9glbnr5nuz47bxvcykbCustomizer> (0x00000000f87761e8) thrown at [C:\re\workspace\8-2-build-windows-amd64-cygwin\jdk8u181\11358\hotspot\src\share\vm\classfile\systemDictionary.cpp, line 2
Event: 110.427 Thread 0x0000000019717000 Exception <a 'java/lang/ClassNotFoundException': spring_context_35ijjlb2d70ncku3k0270at06BeanInfo> (0x00000000f884db40) thrown at [C:\re\workspace\8-2-build-windows-amd64-cygwin\jdk8u181\11358\hotspot\src\share\vm\classfile\systemDictionary.cpp, line 210]
Event: 110.428 Thread 0x0000000019717000 Exception <a 'java/lang/ClassNotFoundException': spring_context_35ijjlb2d70ncku3k0270at06Customizer> (0x00000000f885aaf0) thrown at [C:\re\workspace\8-2-build-windows-amd64-cygwin\jdk8u181\11358\hotspot\src\share\vm\classfile\systemDictionary.cpp, line 21

Events (10 events):
Event: 110.426 loading class spring_context_35ijjlb2d70ncku3k0270at06BeanInfo
Event: 110.426 loading class spring_context_35ijjlb2d70ncku3k0270at06BeanInfo done
Event: 110.427 loading class spring_context_35ijjlb2d70ncku3k0270at06BeanInfo
Event: 110.427 loading class spring_context_35ijjlb2d70ncku3k0270at06BeanInfo done
Event: 110.427 loading class spring_context_35ijjlb2d70ncku3k0270at06Customizer
Event: 110.427 loading class spring_context_35ijjlb2d70ncku3k0270at06Customizer done
Event: 110.427 loading class spring_context_35ijjlb2d70ncku3k0270at06Customizer
Event: 110.428 loading class spring_context_35ijjlb2d70ncku3k0270at06Customizer done
Event: 110.436 loading class groovy/runtime/metaclass/spring_context_35ijjlb2d70ncku3k0270at06$_run_closure1MetaClass
Event: 110.436 loading class groovy/runtime/metaclass/spring_context_35ijjlb2d70ncku3k0270at06$_run_closure1MetaClass done


Dynamic libraries:
0x00007ff7df390000 - 0x00007ff7df3c7000 	C:\Program Files\Java\jdk1.8.0_181\bin\java.exe
0x00007ff97fff0000 - 0x00007ff9801d0000 	C:\Windows\SYSTEM32\ntdll.dll
0x00007ff97ef50000 - 0x00007ff97effe000 	C:\Windows\System32\KERNEL32.DLL
0x00007ff97cf90000 - 0x00007ff97d1f6000 	C:\Windows\System32\KERNELBASE.dll
0x00007ff97eea0000 - 0x00007ff97ef41000 	C:\Windows\System32\ADVAPI32.dll
0x00007ff97d690000 - 0x00007ff97d72d000 	C:\Windows\System32\msvcrt.dll
0x00007ff97ed10000 - 0x00007ff97ed6b000 	C:\Windows\System32\sechost.dll
0x00007ff97fe10000 - 0x00007ff97ff2f000 	C:\Windows\System32\RPCRT4.dll
0x00007ff97eb70000 - 0x00007ff97ecff000 	C:\Windows\System32\USER32.dll
0x00007ff97c440000 - 0x00007ff97c460000 	C:\Windows\System32\win32u.dll
0x00007ff97fde0000 - 0x00007ff97fe08000 	C:\Windows\System32\GDI32.dll
0x00007ff97d280000 - 0x00007ff97d413000 	C:\Windows\System32\gdi32full.dll
0x00007ff97d420000 - 0x00007ff97d4bb000 	C:\Windows\System32\msvcp_win.dll
0x00007ff97c740000 - 0x00007ff97c836000 	C:\Windows\System32\ucrtbase.dll
0x00007ff96aef0000 - 0x00007ff96b159000 	C:\Windows\WinSxS\amd64_microsoft.windows.common-controls_6595b64144ccf1df_6.0.16299.125_none_15cbcf8893620c09\COMCTL32.dll
0x00007ff97fad0000 - 0x00007ff97fdd8000 	C:\Windows\System32\combase.dll
0x00007ff97d200000 - 0x00007ff97d272000 	C:\Windows\System32\bcryptPrimitives.dll
0x00007ff97d4c0000 - 0x00007ff97d4ed000 	C:\Windows\System32\IMM32.DLL
0x0000000064880000 - 0x0000000064952000 	C:\Program Files\Java\jdk1.8.0_181\jre\bin\msvcr100.dll
0x0000000063fd0000 - 0x0000000064872000 	C:\Program Files\Java\jdk1.8.0_181\jre\bin\server\jvm.dll
0x00007ff97f8e0000 - 0x00007ff97f8e8000 	C:\Windows\System32\PSAPI.DLL
0x00007ff967870000 - 0x00007ff967879000 	C:\Windows\SYSTEM32\WSOCK32.dll
0x00007ff97f8f0000 - 0x00007ff97f95c000 	C:\Windows\System32\WS2_32.dll
0x00007ff97a5e0000 - 0x00007ff97a603000 	C:\Windows\SYSTEM32\WINMM.dll
0x00007ff977fd0000 - 0x00007ff977fda000 	C:\Windows\SYSTEM32\VERSION.dll
0x00007ff97a2b0000 - 0x00007ff97a2da000 	C:\Windows\SYSTEM32\WINMMBASE.dll
0x00007ff97c3f0000 - 0x00007ff97c43a000 	C:\Windows\System32\cfgmgr32.dll
0x0000000063fc0000 - 0x0000000063fcf000 	C:\Program Files\Java\jdk1.8.0_181\jre\bin\verify.dll
0x0000000063f90000 - 0x0000000063fb9000 	C:\Program Files\Java\jdk1.8.0_181\jre\bin\java.dll
0x0000000063f70000 - 0x0000000063f86000 	C:\Program Files\Java\jdk1.8.0_181\jre\bin\zip.dll
0x00007ff97d730000 - 0x00007ff97eb66000 	C:\Windows\System32\SHELL32.dll
0x00007ff97ed70000 - 0x00007ff97ee16000 	C:\Windows\System32\shcore.dll
0x00007ff97c840000 - 0x00007ff97cf87000 	C:\Windows\System32\windows.storage.dll
0x00007ff97ff60000 - 0x00007ff97ffb1000 	C:\Windows\System32\shlwapi.dll
0x00007ff97c3d0000 - 0x00007ff97c3e1000 	C:\Windows\System32\kernel.appcore.dll
0x00007ff97c380000 - 0x00007ff97c3cc000 	C:\Windows\System32\powrprof.dll
0x00007ff97c360000 - 0x00007ff97c37b000 	C:\Windows\System32\profapi.dll
0x0000000063f50000 - 0x0000000063f6a000 	C:\Program Files\Java\jdk1.8.0_181\jre\bin\net.dll
0x00007ff97bb20000 - 0x00007ff97bb86000 	C:\Windows\system32\mswsock.dll
0x0000000063f30000 - 0x0000000063f41000 	C:\Program Files\Java\jdk1.8.0_181\jre\bin\nio.dll
0x00007ff979050000 - 0x00007ff979076000 	D:\software\gradle-5.3.1\native\29\windows-amd64\native-platform.dll
0x0000000063d40000 - 0x0000000063d4d000 	C:\Program Files\Java\jdk1.8.0_181\jre\bin\management.dll
0x00007ff97bd40000 - 0x00007ff97bd57000 	C:\Windows\SYSTEM32\CRYPTSP.dll
0x00007ff97b730000 - 0x00007ff97b763000 	C:\Windows\system32\rsaenh.dll
0x00007ff97be50000 - 0x00007ff97be75000 	C:\Windows\SYSTEM32\bcrypt.dll
0x00007ff97c240000 - 0x00007ff97c269000 	C:\Windows\SYSTEM32\USERENV.dll
0x00007ff97bd60000 - 0x00007ff97bd6b000 	C:\Windows\SYSTEM32\CRYPTBASE.dll
0x00007ff97b8b0000 - 0x00007ff97b8e9000 	C:\Windows\SYSTEM32\IPHLPAPI.DLL
0x00007ff97ed00000 - 0x00007ff97ed08000 	C:\Windows\System32\NSI.dll
0x00007ff977370000 - 0x00007ff977386000 	C:\Windows\SYSTEM32\dhcpcsvc6.DLL
0x00007ff977340000 - 0x00007ff97735a000 	C:\Windows\SYSTEM32\dhcpcsvc.DLL

VM Arguments:
jvm_args: -XX:MaxMetaspaceSize=256m -XX:+HeapDumpOnOutOfMemoryError -Xms256m -Xmx512m -Dfile.encoding=GBK -Duser.country=CN -Duser.language=zh -Duser.variant 
java_command: org.gradle.launcher.daemon.bootstrap.GradleDaemon 5.3.1
java_class_path (initial): D:\software\gradle-5.3.1\lib\gradle-launcher-5.3.1.jar
Launcher Type: SUN_STANDARD

Environment Variables:
JAVA_HOME=C:\Program Files\Java\jdk1.8.0_181
CLASSPATH=.;C:\Program Files\Java\jdk1.8.0_181\lib\dt.jar;C:\Program Files\Java\jdk1.8.0_181\lib\tools.jar;C:\Program Files\apache-tomcat-8.5.34\lib\servlet-api.jar;
PATH=C:\Program Files (x86)\Common Files\NetSarang;C:\Program Files\Java\jdk1.8.0_181\bin;C:\Program Files (x86)\Common Files\Oracle\Java\javapath;C:\Windows\system32;C:\Windows;C:\Windows\System32\Wbem;C:\Windows\System32\WindowsPowerShell\v1.0\;C:\Program Files (x86)\NVIDIA Corporation\PhysX\Common;C:\Program Files\nodejs\;D:\software\apache-maven-3.6.0\bin;C:\Program Files\Java\jdk1.8.0_181\jre\bin;C:\Program Files\VisualSVN Server\bin;C:\Program Files\TortoiseSVN\bin;D:\software\gradle-5.3.1\bin;C:\Users\Administrator\AppData\Local\Microsoft\WindowsApps;;C:\Program Files\Microsoft VS Code\bin;C:\Users\Administrator\AppData\Roaming\npm
USERNAME=Administrator
OS=Windows_NT
PROCESSOR_IDENTIFIER=Intel64 Family 6 Model 158 Stepping 9, GenuineIntel



---------------  S Y S T E M  ---------------

OS: Windows 10.0 , 64 bit Build 16299 (10.0.16299.15)

CPU:total 8 (initial active 8) (4 cores per cpu, 2 threads per core) family 6 model 158 stepping 9, cmov, cx8, fxsr, mmx, sse, sse2, sse3, ssse3, sse4.1, sse4.2, popcnt, avx, avx2, aes, clmul, erms, rtm, 3dnowpref, lzcnt, ht, tsc, tscinvbit, bmi1, bmi2, adx

Memory: 4k page, physical 16662280k(413704k free), swap 27148164k(8k free)

vm_info: Java HotSpot(TM) 64-Bit Server VM (25.181-b13) for windows-amd64 JRE (1.8.0_181-b13), built on Jul  7 2018 04:01:33 by "java_re" with MS VC++ 10.0 (VS2010)

time: Sat Apr 13 14:10:09 2019
elapsed time: 110 seconds (0d 0h 1m 50s)

