#
# There is insufficient memory for the Java Runtime Environment to continue.
# Native memory allocation (malloc) failed to allocate 350672 bytes for Chunk::new
# Possible reasons:
#   The system is out of physical RAM or swap space
#   In 32 bit mode, the process size limit was hit
# Possible solutions:
#   Reduce memory load on the system
#   Increase physical memory or swap space
#   Check if swap backing store is full
#   Use 64 bit Java on a 64 bit OS
#   Decrease Java heap size (-Xmx/-Xms)
#   Decrease number of Java threads
#   Decrease Java thread stack sizes (-Xss)
#   Set larger code cache with -XX:ReservedCodeCacheSize=
# This output file may be truncated or incomplete.
#
#  Out of Memory Error (allocation.cpp:390), pid=18792, tid=0x0000000000003518
#
# JRE version: Java(TM) SE Runtime Environment (8.0_181-b13) (build 1.8.0_181-b13)
# Java VM: Java HotSpot(TM) 64-Bit Server VM (25.181-b13 mixed mode windows-amd64 compressed oops)
# Failed to write core dump. Minidumps are not enabled by default on client versions of Windows
#

---------------  T H R E A D  ---------------

Current thread (0x0000000017eb0000):  JavaThread "C2 CompilerThread1" daemon [_thread_in_native, id=13592, stack(0x0000000018620000,0x0000000018720000)]

Stack: [0x0000000018620000,0x0000000018720000]
[error occurred during error reporting (printing stack bounds), id 0xc0000005]

Native frames: (J=compiled Java code, j=interpreted, Vv=VM code, C=native code)


Current CompileTask:
C2: 130164 4760       4       groovy.lang.MetaClassImpl::inheritInterfaceNewMetaMethods (199 bytes)


---------------  P R O C E S S  ---------------

Java Threads: ( => current thread )
  0x000000001b944000 JavaThread "Cache worker for Build Output Cleanup Cache (D:\code\spring-framework\.gradle\buildOutputCleanup)" [_thread_blocked, id=17032, stack(0x00000000226a0000,0x00000000227a0000)]
  0x000000001b948800 JavaThread "Build operations Thread 8" [_thread_blocked, id=18568, stack(0x00000000225a0000,0x00000000226a0000)]
  0x000000001b940000 JavaThread "Build operations Thread 7" [_thread_blocked, id=18540, stack(0x00000000224a0000,0x00000000225a0000)]
  0x000000001b943000 JavaThread "Build operations Thread 6" [_thread_blocked, id=10976, stack(0x00000000223a0000,0x00000000224a0000)]
  0x000000001b947000 JavaThread "Build operations Thread 5" [_thread_blocked, id=928, stack(0x00000000222a0000,0x00000000223a0000)]
  0x000000001b944800 JavaThread "Build operations Thread 4" [_thread_blocked, id=15412, stack(0x00000000221a0000,0x00000000222a0000)]
  0x000000001b941800 JavaThread "Build operations Thread 3" [_thread_blocked, id=16940, stack(0x00000000220a0000,0x00000000221a0000)]
  0x000000001b93f800 JavaThread "Build operations Thread 2" [_thread_blocked, id=17808, stack(0x0000000021fa0000,0x00000000220a0000)]
  0x000000001b942800 JavaThread "Build operations" [_thread_blocked, id=13464, stack(0x0000000021ea0000,0x0000000021fa0000)]
  0x000000001b946000 JavaThread "Cache worker for file content cache (D:\software\gradle-5.3.1\caches\5.3.1\fileContent)" [_thread_blocked, id=18492, stack(0x00000000212a0000,0x00000000213a0000)]
  0x000000001b945800 JavaThread "Memory manager" [_thread_blocked, id=19180, stack(0x00000000211a0000,0x00000000212a0000)]
  0x00000000180d0000 JavaThread "Cache worker for execution history cache (D:\software\gradle-5.3.1\caches\5.3.1\executionHistory)" [_thread_blocked, id=14164, stack(0x000000001e750000,0x000000001e850000)]
  0x00000000180cd000 JavaThread "Cache worker for cache directory md-rule (D:\software\gradle-5.3.1\caches\5.3.1\md-rule)" [_thread_blocked, id=13908, stack(0x000000001e650000,0x000000001e750000)]
  0x00000000180ca800 JavaThread "Cache worker for cache directory md-supplier (D:\software\gradle-5.3.1\caches\5.3.1\md-supplier)" [_thread_blocked, id=17048, stack(0x000000001e550000,0x000000001e650000)]
  0x00000000180cc000 JavaThread "Cache worker for file hash cache (D:\code\spring-framework\.gradle\5.3.1\fileHashes)" [_thread_blocked, id=18444, stack(0x000000001da50000,0x000000001db50000)]
  0x00000000180cd800 JavaThread "Cache worker for journal cache (D:\software\gradle-5.3.1\caches\journal-1)" [_thread_blocked, id=3248, stack(0x000000001b7b0000,0x000000001b8b0000)]
  0x00000000180d0800 JavaThread "File lock release action executor" [_thread_blocked, id=17816, stack(0x000000001b6b0000,0x000000001b7b0000)]
  0x00000000180cf000 JavaThread "File lock request listener" [_thread_in_native, id=14712, stack(0x000000001b5b0000,0x000000001b6b0000)]
  0x00000000180ce800 JavaThread "Cache worker for file hash cache (D:\software\gradle-5.3.1\caches\5.3.1\fileHashes)" [_thread_blocked, id=9852, stack(0x000000001b2b0000,0x000000001b3b0000)]
  0x00000000193a6800 JavaThread "Thread-9" [_thread_blocked, id=11268, stack(0x000000001b0b0000,0x000000001b1b0000)]
  0x000000001926e800 JavaThread "Asynchronous log dispatcher for DefaultDaemonConnection: socket connection from /127.0.0.1:63992 to /127.0.0.1:64081" [_thread_blocked, id=13788, stack(0x000000001aeb0000,0x000000001afb0000)]
  0x0000000019415000 JavaThread "Daemon worker" [_thread_in_Java, id=17704, stack(0x000000001adb0000,0x000000001aeb0000)]
  0x0000000019260000 JavaThread "Cancel handler" [_thread_blocked, id=18400, stack(0x000000001acb0000,0x000000001adb0000)]
  0x0000000018f22800 JavaThread "Handler for socket connection from /127.0.0.1:63992 to /127.0.0.1:64081" [_thread_in_native, id=14984, stack(0x000000001a9b0000,0x000000001aab0000)]
  0x0000000018f22000 JavaThread "Daemon" [_thread_blocked, id=8828, stack(0x000000001a8b0000,0x000000001a9b0000)]
  0x000000001933a800 JavaThread "Daemon periodic checks" [_thread_blocked, id=16120, stack(0x000000001a7b0000,0x000000001a8b0000)]
  0x000000001933f000 JavaThread "Incoming local TCP Connector on port 63992" [_thread_in_native, id=15692, stack(0x000000001a610000,0x000000001a710000)]
  0x0000000019c58000 JavaThread "Daemon health stats" [_thread_blocked, id=13556, stack(0x000000001a2f0000,0x000000001a3f0000)]
  0x0000000017f0c000 JavaThread "Service Thread" daemon [_thread_blocked, id=15932, stack(0x0000000018920000,0x0000000018a20000)]
  0x0000000017f08000 JavaThread "C1 CompilerThread3" daemon [_thread_blocked, id=18204, stack(0x0000000018820000,0x0000000018920000)]
  0x0000000017f00000 JavaThread "C2 CompilerThread2" daemon [_thread_in_native, id=9536, stack(0x0000000018720000,0x0000000018820000)]
=>0x0000000017eb0000 JavaThread "C2 CompilerThread1" daemon [_thread_in_native, id=13592, stack(0x0000000018620000,0x0000000018720000)]
  0x0000000017ead000 JavaThread "C2 CompilerThread0" daemon [_thread_in_native, id=16212, stack(0x0000000018520000,0x0000000018620000)]
  0x0000000017eab000 JavaThread "Attach Listener" daemon [_thread_blocked, id=13544, stack(0x0000000018420000,0x0000000018520000)]
  0x0000000017e57000 JavaThread "Signal Dispatcher" daemon [_thread_blocked, id=9152, stack(0x0000000018320000,0x0000000018420000)]
  0x0000000017e40800 JavaThread "Finalizer" daemon [_thread_blocked, id=3196, stack(0x0000000018220000,0x0000000018320000)]
  0x00000000046e5000 JavaThread "Reference Handler" daemon [_thread_blocked, id=1248, stack(0x0000000017d20000,0x0000000017e20000)]
  0x00000000045ee800 JavaThread "main" [_thread_blocked, id=10856, stack(0x00000000044a0000,0x00000000045a0000)]

Other Threads:
  0x0000000015f5a000 VMThread [stack: 0x0000000017c20000,0x0000000017d20000] [id=16312]
  0x0000000017f2f000 WatcherThread [stack: 0x0000000018a20000,0x0000000018b20000] [id=10832]

VM state:not at safepoint (normal execution)

VM Mutex/Monitor currently owned by a thread: None

Heap:
 PSYoungGen      total 162816K, used 43904K [0x00000000f5580000, 0x0000000100000000, 0x0000000100000000)
  eden space 151040K, 21% used [0x00000000f5580000,0x00000000f74e2a80,0x00000000fe900000)
  from space 11776K, 99% used [0x00000000fe900000,0x00000000ff47d870,0x00000000ff480000)
  to   space 11776K, 0% used [0x00000000ff480000,0x00000000ff480000,0x0000000100000000)
 ParOldGen       total 175104K, used 22819K [0x00000000e0000000, 0x00000000eab00000, 0x00000000f5580000)
  object space 175104K, 13% used [0x00000000e0000000,0x00000000e1648d30,0x00000000eab00000)
 Metaspace       used 45747K, capacity 47440K, committed 47744K, reserved 1089536K
  class space    used 6509K, capacity 6924K, committed 7040K, reserved 1048576K

Card table byte_map: [0x0000000013ab0000,0x0000000013bc0000] byte_map_base: 0x00000000133b0000

Marking Bits: (ParMarkBitMap*) 0x00000000647f2d00
 Begin Bits: [0x0000000014470000, 0x0000000014c70000)
 End Bits:   [0x0000000014c70000, 0x0000000015470000)

Polling page: 0x0000000002620000

CodeCache: size=245760Kb used=17872Kb max_used=17872Kb free=227887Kb
 bounds [0x00000000046f0000, 0x0000000005880000, 0x00000000136f0000]
 total_blobs=5908 nmethods=5156 adapters=663
 compilation: enabled

Compilation events (10 events):
Event: 130.132 Thread 0x0000000017f08000 5698       3       java.nio.Bits::int3 (6 bytes)
Event: 130.132 Thread 0x0000000017f08000 nmethod 5698 0x000000000586c910 code [0x000000000586ca60, 0x000000000586cbb0]
Event: 130.132 Thread 0x0000000017f08000 5699       3       java.nio.Bits::int2 (6 bytes)
Event: 130.132 Thread 0x0000000017f08000 nmethod 5699 0x0000000005876c50 code [0x0000000005876da0, 0x0000000005876ef0]
Event: 130.132 Thread 0x0000000017f08000 5700       3       java.nio.Bits::int1 (6 bytes)
Event: 130.132 Thread 0x0000000017f08000 nmethod 5700 0x0000000005876f50 code [0x00000000058770a0, 0x00000000058771f0]
Event: 130.132 Thread 0x0000000017f08000 5701       3       java.nio.Bits::int0 (3 bytes)
Event: 130.133 Thread 0x0000000017f08000 nmethod 5701 0x0000000005877250 code [0x00000000058773a0, 0x00000000058774d0]
Event: 130.133 Thread 0x0000000017f08000 5697       3       org.gradle.api.internal.attributes.DefaultMutableAttributeContainer::asImmutable (51 bytes)
Event: 130.133 Thread 0x0000000017f08000 nmethod 5697 0x0000000005877550 code [0x00000000058776e0, 0x0000000005877b28]

GC Heap History (10 events):
Event: 118.298 GC heap before
{Heap before GC invocations=7 (full 1):
 PSYoungGen      total 76288K, used 73309K [0x00000000f5580000, 0x00000000fec80000, 0x0000000100000000)
  eden space 65536K, 100% used [0x00000000f5580000,0x00000000f9580000,0x00000000f9580000)
  from space 10752K, 72% used [0x00000000f9580000,0x00000000f9d175b0,0x00000000fa000000)
  to   space 11776K, 0% used [0x00000000fe100000,0x00000000fe100000,0x00000000fec80000)
 ParOldGen       total 175104K, used 7068K [0x00000000e0000000, 0x00000000eab00000, 0x00000000f5580000)
  object space 175104K, 4% used [0x00000000e0000000,0x00000000e06e71c0,0x00000000eab00000)
 Metaspace       used 32256K, capacity 32962K, committed 33152K, reserved 1077248K
  class space    used 4473K, capacity 4679K, committed 4736K, reserved 1048576K
Event: 118.304 GC heap after
Heap after GC invocations=7 (full 1):
 PSYoungGen      total 141824K, used 8404K [0x00000000f5580000, 0x00000000feb80000, 0x0000000100000000)
  eden space 131072K, 0% used [0x00000000f5580000,0x00000000f5580000,0x00000000fd580000)
  from space 10752K, 78% used [0x00000000fe100000,0x00000000fe935008,0x00000000feb80000)
  to   space 11264K, 0% used [0x00000000fd580000,0x00000000fd580000,0x00000000fe080000)
 ParOldGen       total 175104K, used 7076K [0x00000000e0000000, 0x00000000eab00000, 0x00000000f5580000)
  object space 175104K, 4% used [0x00000000e0000000,0x00000000e06e91c0,0x00000000eab00000)
 Metaspace       used 32256K, capacity 32962K, committed 33152K, reserved 1077248K
  class space    used 4473K, capacity 4679K, committed 4736K, reserved 1048576K
}
Event: 118.680 GC heap before
{Heap before GC invocations=8 (full 1):
 PSYoungGen      total 141824K, used 45090K [0x00000000f5580000, 0x00000000feb80000, 0x0000000100000000)
  eden space 131072K, 27% used [0x00000000f5580000,0x00000000f7953818,0x00000000fd580000)
  from space 10752K, 78% used [0x00000000fe100000,0x00000000fe935008,0x00000000feb80000)
  to   space 11264K, 0% used [0x00000000fd580000,0x00000000fd580000,0x00000000fe080000)
 ParOldGen       total 175104K, used 7076K [0x00000000e0000000, 0x00000000eab00000, 0x00000000f5580000)
  object space 175104K, 4% used [0x00000000e0000000,0x00000000e06e91c0,0x00000000eab00000)
 Metaspace       used 34667K, capacity 35358K, committed 35416K, reserved 1079296K
  class space    used 4879K, capacity 5085K, committed 5120K, reserved 1048576K
Event: 118.734 GC heap after
Heap after GC invocations=8 (full 1):
 PSYoungGen      total 142336K, used 8578K [0x00000000f5580000, 0x0000000100000000, 0x0000000100000000)
  eden space 131072K, 0% used [0x00000000f5580000,0x00000000f5580000,0x00000000fd580000)
  from space 11264K, 76% used [0x00000000fd580000,0x00000000fdde08d8,0x00000000fe080000)
  to   space 11264K, 0% used [0x00000000ff500000,0x00000000ff500000,0x0000000100000000)
 ParOldGen       total 175104K, used 7084K [0x00000000e0000000, 0x00000000eab00000, 0x00000000f5580000)
  object space 175104K, 4% used [0x00000000e0000000,0x00000000e06eb1c0,0x00000000eab00000)
 Metaspace       used 34667K, capacity 35358K, committed 35416K, reserved 1079296K
  class space    used 4879K, capacity 5085K, committed 5120K, reserved 1048576K
}
Event: 118.734 GC heap before
{Heap before GC invocations=9 (full 2):
 PSYoungGen      total 142336K, used 8578K [0x00000000f5580000, 0x0000000100000000, 0x0000000100000000)
  eden space 131072K, 0% used [0x00000000f5580000,0x00000000f5580000,0x00000000fd580000)
  from space 11264K, 76% used [0x00000000fd580000,0x00000000fdde08d8,0x00000000fe080000)
  to   space 11264K, 0% used [0x00000000ff500000,0x00000000ff500000,0x0000000100000000)
 ParOldGen       total 175104K, used 7084K [0x00000000e0000000, 0x00000000eab00000, 0x00000000f5580000)
  object space 175104K, 4% used [0x00000000e0000000,0x00000000e06eb1c0,0x00000000eab00000)
 Metaspace       used 34667K, capacity 35358K, committed 35416K, reserved 1079296K
  class space    used 4879K, capacity 5085K, committed 5120K, reserved 1048576K
Event: 118.872 GC heap after
Heap after GC invocations=9 (full 2):
 PSYoungGen      total 142336K, used 0K [0x00000000f5580000, 0x0000000100000000, 0x0000000100000000)
  eden space 131072K, 0% used [0x00000000f5580000,0x00000000f5580000,0x00000000fd580000)
  from space 11264K, 0% used [0x00000000fd580000,0x00000000fd580000,0x00000000fe080000)
  to   space 11264K, 0% used [0x00000000ff500000,0x00000000ff500000,0x0000000100000000)
 ParOldGen       total 175104K, used 15054K [0x00000000e0000000, 0x00000000eab00000, 0x00000000f5580000)
  object space 175104K, 8% used [0x00000000e0000000,0x00000000e0eb3bc0,0x00000000eab00000)
 Metaspace       used 34667K, capacity 35358K, committed 35416K, reserved 1079296K
  class space    used 4879K, capacity 5085K, committed 5120K, reserved 1048576K
}
Event: 128.436 GC heap before
{Heap before GC invocations=10 (full 2):
 PSYoungGen      total 142336K, used 131072K [0x00000000f5580000, 0x0000000100000000, 0x0000000100000000)
  eden space 131072K, 100% used [0x00000000f5580000,0x00000000fd580000,0x00000000fd580000)
  from space 11264K, 0% used [0x00000000fd580000,0x00000000fd580000,0x00000000fe080000)
  to   space 11264K, 0% used [0x00000000ff500000,0x00000000ff500000,0x0000000100000000)
 ParOldGen       total 175104K, used 15054K [0x00000000e0000000, 0x00000000eab00000, 0x00000000f5580000)
  object space 175104K, 8% used [0x00000000e0000000,0x00000000e0eb3bc0,0x00000000eab00000)
 Metaspace       used 40831K, capacity 41972K, committed 42112K, reserved 1085440K
  class space    used 5907K, capacity 6251K, committed 6272K, reserved 1048576K
Event: 128.446 GC heap after
Heap after GC invocations=10 (full 2):
 PSYoungGen      total 162304K, used 11251K [0x00000000f5580000, 0x0000000100000000, 0x0000000100000000)
  eden space 151040K, 0% used [0x00000000f5580000,0x00000000f5580000,0x00000000fe900000)
  from space 11264K, 99% used [0x00000000ff500000,0x00000000ffffcef0,0x0000000100000000)
  to   space 11776K, 0% used [0x00000000fe900000,0x00000000fe900000,0x00000000ff480000)
 ParOldGen       total 175104K, used 15092K [0x00000000e0000000, 0x00000000eab00000, 0x00000000f5580000)
  object space 175104K, 8% used [0x00000000e0000000,0x00000000e0ebd2a0,0x00000000eab00000)
 Metaspace       used 40831K, capacity 41972K, committed 42112K, reserved 1085440K
  class space    used 5907K, capacity 6251K, committed 6272K, reserved 1048576K
}
Event: 129.469 GC heap before
{Heap before GC invocations=11 (full 2):
 PSYoungGen      total 162304K, used 162291K [0x00000000f5580000, 0x0000000100000000, 0x0000000100000000)
  eden space 151040K, 100% used [0x00000000f5580000,0x00000000fe900000,0x00000000fe900000)
  from space 11264K, 99% used [0x00000000ff500000,0x00000000ffffcef0,0x0000000100000000)
  to   space 11776K, 0% used [0x00000000fe900000,0x00000000fe900000,0x00000000ff480000)
 ParOldGen       total 175104K, used 15092K [0x00000000e0000000, 0x00000000eab00000, 0x00000000f5580000)
  object space 175104K, 8% used [0x00000000e0000000,0x00000000e0ebd2a0,0x00000000eab00000)
 Metaspace       used 44829K, capacity 46188K, committed 46592K, reserved 1089536K
  class space    used 6431K, capacity 6811K, committed 6912K, reserved 1048576K
Event: 129.492 GC heap after
Heap after GC invocations=11 (full 2):
 PSYoungGen      total 162816K, used 11766K [0x00000000f5580000, 0x0000000100000000, 0x0000000100000000)
  eden space 151040K, 0% used [0x00000000f5580000,0x00000000f5580000,0x00000000fe900000)
  from space 11776K, 99% used [0x00000000fe900000,0x00000000ff47d870,0x00000000ff480000)
  to   space 11776K, 0% used [0x00000000ff480000,0x00000000ff480000,0x0000000100000000)
 ParOldGen       total 175104K, used 22819K [0x00000000e0000000, 0x00000000eab00000, 0x00000000f5580000)
  object space 175104K, 13% used [0x00000000e0000000,0x00000000e1648d30,0x00000000eab00000)
 Metaspace       used 44829K, capacity 46188K, committed 46592K, reserved 1089536K
  class space    used 6431K, capacity 6811K, committed 6912K, reserved 1048576K
}

Deoptimization events (10 events):
Event: 129.385 Thread 0x0000000019415000 Uncommon trap: reason=unstable_if action=reinterpret pc=0x00000000048a8b54 method=java.lang.String.replace(CC)Ljava/lang/String; @ 2
Event: 129.389 Thread 0x0000000019415000 Uncommon trap: reason=unstable_if action=reinterpret pc=0x00000000053d8abc method=org.codehaus.groovy.runtime.metaclass.MetaMethodIndex.copyNonPrivateNonNewMetaMethods(Lorg/codehaus/groovy/runtime/metaclass/MetaMethodIndex$Entry;Lorg/codehaus/groovy/runti
Event: 129.389 Thread 0x0000000019415000 Uncommon trap: reason=unstable_if action=reinterpret pc=0x00000000055572b0 method=groovy.lang.MetaClassImpl$1MOPIter.methodNameAction(Ljava/lang/Class;Lorg/codehaus/groovy/runtime/metaclass/MetaMethodIndex$Entry;)V @ 53
Event: 129.508 Thread 0x0000000019415000 Uncommon trap: reason=bimorphic action=maybe_recompile pc=0x00000000053f362c method=org.codehaus.groovy.util.SingleKeyHashMap.get(Ljava/lang/Object;)Ljava/lang/Object; @ 43
Event: 129.598 Thread 0x0000000019415000 Uncommon trap: reason=bimorphic action=maybe_recompile pc=0x00000000053f362c method=org.codehaus.groovy.util.SingleKeyHashMap.get(Ljava/lang/Object;)Ljava/lang/Object; @ 43
Event: 129.598 Thread 0x0000000019415000 Uncommon trap: reason=bimorphic action=maybe_recompile pc=0x00000000053f362c method=org.codehaus.groovy.util.SingleKeyHashMap.get(Ljava/lang/Object;)Ljava/lang/Object; @ 43
Event: 129.599 Thread 0x0000000019415000 Uncommon trap: reason=bimorphic action=maybe_recompile pc=0x00000000053f362c method=org.codehaus.groovy.util.SingleKeyHashMap.get(Ljava/lang/Object;)Ljava/lang/Object; @ 43
Event: 129.652 Thread 0x0000000019415000 Uncommon trap: reason=bimorphic action=maybe_recompile pc=0x0000000004bd731c method=java.util.regex.Pattern$Slice.match(Ljava/util/regex/Matcher;ILjava/lang/CharSequence;)Z @ 75
Event: 129.653 Thread 0x0000000019415000 Uncommon trap: reason=bimorphic action=maybe_recompile pc=0x0000000004bd731c method=java.util.regex.Pattern$Slice.match(Ljava/util/regex/Matcher;ILjava/lang/CharSequence;)Z @ 75
Event: 129.697 Thread 0x0000000019415000 Uncommon trap: reason=bimorphic action=maybe_recompile pc=0x0000000004bd4bbc method=java.util.regex.Pattern$Slice.match(Ljava/util/regex/Matcher;ILjava/lang/CharSequence;)Z @ 75

Classes redefined (0 events):
No events

Internal exceptions (10 events):
Event: 129.676 Thread 0x0000000019415000 Exception <a 'java/lang/ClassCastException': org.gradle.api.internal.file.collections.DefaultConfigurableFileCollection cannot be cast to groovy.lang.GroovyObject> (0x00000000f60c70a0) thrown at [C:\re\workspace\8-2-build-windows-amd64-cygwin\jdk8u181\113
Event: 129.724 Thread 0x0000000019415000 Exception <a 'java/lang/ClassCastException'> (0x00000000f6292a58) thrown at [C:\re\workspace\8-2-build-windows-amd64-cygwin\jdk8u181\11358\hotspot\src\share\vm\runtime\sharedRuntime.cpp, line 605]
Event: 129.770 Thread 0x0000000019415000 Exception <a 'java/lang/ClassCastException'> (0x00000000f6475ec0) thrown at [C:\re\workspace\8-2-build-windows-amd64-cygwin\jdk8u181\11358\hotspot\src\share\vm\runtime\sharedRuntime.cpp, line 605]
Event: 129.816 Thread 0x0000000019415000 Exception <a 'java/lang/ClassCastException'> (0x00000000f6660880) thrown at [C:\re\workspace\8-2-build-windows-amd64-cygwin\jdk8u181\11358\hotspot\src\share\vm\runtime\sharedRuntime.cpp, line 605]
Event: 129.855 Thread 0x0000000019415000 Exception <a 'java/lang/ClassCastException'> (0x00000000f6834850) thrown at [C:\re\workspace\8-2-build-windows-amd64-cygwin\jdk8u181\11358\hotspot\src\share\vm\runtime\sharedRuntime.cpp, line 605]
Event: 129.895 Thread 0x0000000019415000 Exception <a 'java/lang/ClassCastException'> (0x00000000f69fa5f8) thrown at [C:\re\workspace\8-2-build-windows-amd64-cygwin\jdk8u181\11358\hotspot\src\share\vm\runtime\sharedRuntime.cpp, line 605]
Event: 129.948 Thread 0x0000000019415000 Exception <a 'java/lang/ClassCastException'> (0x00000000f6bd4088) thrown at [C:\re\workspace\8-2-build-windows-amd64-cygwin\jdk8u181\11358\hotspot\src\share\vm\runtime\sharedRuntime.cpp, line 605]
Event: 130.005 Thread 0x0000000019415000 Exception <a 'java/lang/ClassCastException'> (0x00000000f6db34c8) thrown at [C:\re\workspace\8-2-build-windows-amd64-cygwin\jdk8u181\11358\hotspot\src\share\vm\runtime\sharedRuntime.cpp, line 605]
Event: 130.034 Thread 0x0000000019415000 Exception <a 'java/lang/ClassCastException'> (0x00000000f6f6c460) thrown at [C:\re\workspace\8-2-build-windows-amd64-cygwin\jdk8u181\11358\hotspot\src\share\vm\runtime\sharedRuntime.cpp, line 605]
Event: 130.098 Thread 0x0000000019415000 Exception <a 'java/lang/ClassCastException'> (0x00000000f71961c8) thrown at [C:\re\workspace\8-2-build-windows-amd64-cygwin\jdk8u181\11358\hotspot\src\share\vm\runtime\sharedRuntime.cpp, line 605]

Events (10 events):
Event: 129.697 Thread 0x0000000019415000 DEOPT UNPACKING pc=0x000000000473583b sp=0x000000001aea8480 mode 2
Event: 129.754 Executing VM operation: ForceSafepoint
Event: 129.754 Executing VM operation: ForceSafepoint done
Event: 129.826 Thread 0x0000000019415000 DEOPT PACKING pc=0x000000000528ebfc sp=0x000000001aea7230
Event: 129.826 Thread 0x0000000019415000 DEOPT UNPACKING pc=0x0000000004737890 sp=0x000000001aea6fa0 mode 0
Event: 129.870 Thread 0x0000000019415000 DEOPT PACKING pc=0x000000000552ac5f sp=0x000000001aea7e20
Event: 129.870 Thread 0x0000000019415000 DEOPT UNPACKING pc=0x0000000004737890 sp=0x000000001aea7b78 mode 0
Event: 129.928 Executing VM operation: ForceSafepoint
Event: 129.928 Executing VM operation: ForceSafepoint done
Event: 129.930 Thread 0x0000000017f08000 flushing nmethod 0x00000000048500d0


Dynamic libraries:
0x00007ff7df390000 - 0x00007ff7df3c7000 	C:\Program Files\Java\jdk1.8.0_181\bin\java.exe
0x00007ff97fff0000 - 0x00007ff9801d0000 	C:\Windows\SYSTEM32\ntdll.dll
0x00007ff97ef50000 - 0x00007ff97effe000 	C:\Windows\System32\KERNEL32.DLL
0x00007ff97cf90000 - 0x00007ff97d1f6000 	C:\Windows\System32\KERNELBASE.dll
0x00007ff97eea0000 - 0x00007ff97ef41000 	C:\Windows\System32\ADVAPI32.dll
0x00007ff97d690000 - 0x00007ff97d72d000 	C:\Windows\System32\msvcrt.dll
0x00007ff97ed10000 - 0x00007ff97ed6b000 	C:\Windows\System32\sechost.dll
0x00007ff97fe10000 - 0x00007ff97ff2f000 	C:\Windows\System32\RPCRT4.dll
0x00007ff97eb70000 - 0x00007ff97ecff000 	C:\Windows\System32\USER32.dll
0x00007ff97c440000 - 0x00007ff97c460000 	C:\Windows\System32\win32u.dll
0x00007ff97fde0000 - 0x00007ff97fe08000 	C:\Windows\System32\GDI32.dll
0x00007ff97d280000 - 0x00007ff97d413000 	C:\Windows\System32\gdi32full.dll
0x00007ff97d420000 - 0x00007ff97d4bb000 	C:\Windows\System32\msvcp_win.dll
0x00007ff97c740000 - 0x00007ff97c836000 	C:\Windows\System32\ucrtbase.dll
0x00007ff96aef0000 - 0x00007ff96b159000 	C:\Windows\WinSxS\amd64_microsoft.windows.common-controls_6595b64144ccf1df_6.0.16299.125_none_15cbcf8893620c09\COMCTL32.dll
0x00007ff97fad0000 - 0x00007ff97fdd8000 	C:\Windows\System32\combase.dll
0x00007ff97d200000 - 0x00007ff97d272000 	C:\Windows\System32\bcryptPrimitives.dll
0x00007ff97d4c0000 - 0x00007ff97d4ed000 	C:\Windows\System32\IMM32.DLL
0x0000000064880000 - 0x0000000064952000 	C:\Program Files\Java\jdk1.8.0_181\jre\bin\msvcr100.dll
0x0000000063fd0000 - 0x0000000064872000 	C:\Program Files\Java\jdk1.8.0_181\jre\bin\server\jvm.dll
0x00007ff97f8e0000 - 0x00007ff97f8e8000 	C:\Windows\System32\PSAPI.DLL
0x00007ff967870000 - 0x00007ff967879000 	C:\Windows\SYSTEM32\WSOCK32.dll
0x00007ff97f8f0000 - 0x00007ff97f95c000 	C:\Windows\System32\WS2_32.dll
0x00007ff97a5e0000 - 0x00007ff97a603000 	C:\Windows\SYSTEM32\WINMM.dll
0x00007ff977fd0000 - 0x00007ff977fda000 	C:\Windows\SYSTEM32\VERSION.dll
0x00007ff97a2b0000 - 0x00007ff97a2da000 	C:\Windows\SYSTEM32\WINMMBASE.dll
0x00007ff97c3f0000 - 0x00007ff97c43a000 	C:\Windows\System32\cfgmgr32.dll
0x0000000063fc0000 - 0x0000000063fcf000 	C:\Program Files\Java\jdk1.8.0_181\jre\bin\verify.dll
0x0000000063f90000 - 0x0000000063fb9000 	C:\Program Files\Java\jdk1.8.0_181\jre\bin\java.dll
0x0000000063f70000 - 0x0000000063f86000 	C:\Program Files\Java\jdk1.8.0_181\jre\bin\zip.dll
0x00007ff97d730000 - 0x00007ff97eb66000 	C:\Windows\System32\SHELL32.dll
0x00007ff97ed70000 - 0x00007ff97ee16000 	C:\Windows\System32\shcore.dll
0x00007ff97c840000 - 0x00007ff97cf87000 	C:\Windows\System32\windows.storage.dll
0x00007ff97ff60000 - 0x00007ff97ffb1000 	C:\Windows\System32\shlwapi.dll
0x00007ff97c3d0000 - 0x00007ff97c3e1000 	C:\Windows\System32\kernel.appcore.dll
0x00007ff97c380000 - 0x00007ff97c3cc000 	C:\Windows\System32\powrprof.dll
0x00007ff97c360000 - 0x00007ff97c37b000 	C:\Windows\System32\profapi.dll
0x0000000063f50000 - 0x0000000063f6a000 	C:\Program Files\Java\jdk1.8.0_181\jre\bin\net.dll
0x00007ff97bb20000 - 0x00007ff97bb86000 	C:\Windows\system32\mswsock.dll
0x0000000063f30000 - 0x0000000063f41000 	C:\Program Files\Java\jdk1.8.0_181\jre\bin\nio.dll
0x00007ff979050000 - 0x00007ff979076000 	D:\software\gradle-5.3.1\native\29\windows-amd64\native-platform.dll
0x0000000063d40000 - 0x0000000063d4d000 	C:\Program Files\Java\jdk1.8.0_181\jre\bin\management.dll
0x00007ff97bd40000 - 0x00007ff97bd57000 	C:\Windows\SYSTEM32\CRYPTSP.dll
0x00007ff97b730000 - 0x00007ff97b763000 	C:\Windows\system32\rsaenh.dll
0x00007ff97be50000 - 0x00007ff97be75000 	C:\Windows\SYSTEM32\bcrypt.dll
0x00007ff97c240000 - 0x00007ff97c269000 	C:\Windows\SYSTEM32\USERENV.dll
0x00007ff97bd60000 - 0x00007ff97bd6b000 	C:\Windows\SYSTEM32\CRYPTBASE.dll
0x00007ff97b8b0000 - 0x00007ff97b8e9000 	C:\Windows\SYSTEM32\IPHLPAPI.DLL
0x00007ff97ed00000 - 0x00007ff97ed08000 	C:\Windows\System32\NSI.dll
0x00007ff977370000 - 0x00007ff977386000 	C:\Windows\SYSTEM32\dhcpcsvc6.DLL
0x00007ff977340000 - 0x00007ff97735a000 	C:\Windows\SYSTEM32\dhcpcsvc.DLL

VM Arguments:
jvm_args: -XX:MaxMetaspaceSize=256m -XX:+HeapDumpOnOutOfMemoryError -Xms256m -Xmx512m -Dfile.encoding=GBK -Duser.country=CN -Duser.language=zh -Duser.variant 
java_command: org.gradle.launcher.daemon.bootstrap.GradleDaemon 5.3.1
java_class_path (initial): D:\software\gradle-5.3.1\lib\gradle-launcher-5.3.1.jar
Launcher Type: SUN_STANDARD

Environment Variables:
JAVA_HOME=C:\Program Files\Java\jdk1.8.0_181
CLASSPATH=.;C:\Program Files\Java\jdk1.8.0_181\lib\dt.jar;C:\Program Files\Java\jdk1.8.0_181\lib\tools.jar;C:\Program Files\apache-tomcat-8.5.34\lib\servlet-api.jar;
PATH=C:\Program Files (x86)\Common Files\NetSarang;C:\Program Files\Java\jdk1.8.0_181\bin;C:\Program Files (x86)\Common Files\Oracle\Java\javapath;C:\Windows\system32;C:\Windows;C:\Windows\System32\Wbem;C:\Windows\System32\WindowsPowerShell\v1.0\;C:\Program Files (x86)\NVIDIA Corporation\PhysX\Common;C:\Program Files\nodejs\;D:\software\apache-maven-3.6.0\bin;C:\Program Files\Java\jdk1.8.0_181\jre\bin;C:\Program Files\VisualSVN Server\bin;C:\Program Files\TortoiseSVN\bin;D:\software\gradle-5.3.1\bin;C:\Users\Administrator\AppData\Local\Microsoft\WindowsApps;;C:\Program Files\Microsoft VS Code\bin;C:\Users\Administrator\AppData\Roaming\npm
USERNAME=Administrator
OS=Windows_NT
PROCESSOR_IDENTIFIER=Intel64 Family 6 Model 158 Stepping 9, GenuineIntel



---------------  S Y S T E M  ---------------

OS: Windows 10.0 , 64 bit Build 16299 (10.0.16299.15)

CPU:total 8 (initial active 8) (4 cores per cpu, 2 threads per core) family 6 model 158 stepping 9, cmov, cx8, fxsr, mmx, sse, sse2, sse3, ssse3, sse4.1, sse4.2, popcnt, avx, avx2, aes, clmul, erms, rtm, 3dnowpref, lzcnt, ht, tsc, tscinvbit, bmi1, bmi2, adx

Memory: 4k page, physical 16662280k(3906796k free), swap 27148164k(5116k free)

vm_info: Java HotSpot(TM) 64-Bit Server VM (25.181-b13) for windows-amd64 JRE (1.8.0_181-b13), built on Jul  7 2018 04:01:33 by "java_re" with MS VC++ 10.0 (VS2010)

time: Sat Apr 13 14:44:59 2019
elapsed time: 130 seconds (0d 0h 2m 10s)

