#
# There is insufficient memory for the Java Runtime Environment to continue.
# Native memory allocation (malloc) failed to allocate 32744 bytes for ChunkPool::allocate
# Possible reasons:
#   The system is out of physical RAM or swap space
#   In 32 bit mode, the process size limit was hit
# Possible solutions:
#   Reduce memory load on the system
#   Increase physical memory or swap space
#   Check if swap backing store is full
#   Use 64 bit Java on a 64 bit OS
#   Decrease Java heap size (-Xmx/-Xms)
#   Decrease number of Java threads
#   Decrease Java thread stack sizes (-Xss)
#   Set larger code cache with -XX:ReservedCodeCacheSize=
# This output file may be truncated or incomplete.
#
#  Out of Memory Error (allocation.cpp:273), pid=17572, tid=0x0000000000004a04
#
# JRE version: Java(TM) SE Runtime Environment (8.0_181-b13) (build 1.8.0_181-b13)
# Java VM: Java HotSpot(TM) 64-Bit Server VM (25.181-b13 mixed mode windows-amd64 compressed oops)
# Failed to write core dump. Minidumps are not enabled by default on client versions of Windows
#

---------------  T H R E A D  ---------------

Current thread (0x0000000018c19000):  JavaThread "C2 CompilerThread2" daemon [_thread_in_native, id=18948, stack(0x0000000019440000,0x0000000019540000)]

Stack: [0x0000000019440000,0x0000000019540000]
[error occurred during error reporting (printing stack bounds), id 0xc0000005]

Native frames: (J=compiled Java code, j=interpreted, Vv=VM code, C=native code)


Current CompileTask:
C2: 130671 3761       4       java.util.LinkedList::linkLast (59 bytes)


---------------  P R O C E S S  ---------------

Java Threads: ( => current thread )
  0x000000001db4a000 JavaThread "Cache worker for file content cache (D:\software\gradle-5.3.1\caches\5.3.1\fileContent)" [_thread_blocked, id=13296, stack(0x0000000021e90000,0x0000000021f90000)]
  0x000000001db4b800 JavaThread "Memory manager" [_thread_blocked, id=17928, stack(0x0000000021d90000,0x0000000021e90000)]
  0x000000001db48800 JavaThread "Cache worker for execution history cache (D:\software\gradle-5.3.1\caches\5.3.1\executionHistory)" [_thread_blocked, id=12000, stack(0x0000000021390000,0x0000000021490000)]
  0x000000001db4b000 JavaThread "Cache worker for cache directory md-rule (D:\software\gradle-5.3.1\caches\5.3.1\md-rule)" [_thread_blocked, id=196, stack(0x0000000021290000,0x0000000021390000)]
  0x0000000019bd1000 JavaThread "Cache worker for cache directory md-supplier (D:\software\gradle-5.3.1\caches\5.3.1\md-supplier)" [_thread_blocked, id=16672, stack(0x000000001fef0000,0x000000001fff0000)]
  0x0000000019bd1800 JavaThread "Cache worker for file hash cache (D:\code\spring-framework\.gradle\5.3.1\fileHashes)" [_thread_blocked, id=16568, stack(0x000000001f580000,0x000000001f680000)]
  0x0000000019bcd800 JavaThread "File lock release action executor" [_thread_blocked, id=12960, stack(0x000000001d4e0000,0x000000001d5e0000)]
  0x0000000019bcd000 JavaThread "Cache worker for journal cache (D:\software\gradle-5.3.1\caches\journal-1)" [_thread_blocked, id=18152, stack(0x000000001c410000,0x000000001c510000)]
  0x0000000019bcc000 JavaThread "File lock request listener" [_thread_in_native, id=16988, stack(0x000000001c310000,0x000000001c410000)]
  0x0000000019bd2800 JavaThread "Cache worker for file hash cache (D:\software\gradle-5.3.1\caches\5.3.1\fileHashes)" [_thread_blocked, id=12544, stack(0x000000001c010000,0x000000001c110000)]
  0x0000000019c02000 JavaThread "Thread-9" [_thread_blocked, id=17188, stack(0x000000001bf10000,0x000000001c010000)]
  0x0000000018e15800 JavaThread "Asynchronous log dispatcher for DefaultDaemonConnection: socket connection from /127.0.0.1:63970 to /127.0.0.1:63971" [_thread_blocked, id=17716, stack(0x000000001bc10000,0x000000001bd10000)]
  0x0000000018e24000 JavaThread "Daemon worker" [_thread_in_vm, id=6680, stack(0x000000001bb10000,0x000000001bc10000)]
  0x0000000019dbd000 JavaThread "Cancel handler" [_thread_blocked, id=17800, stack(0x000000001ba10000,0x000000001bb10000)]
  0x0000000019d03000 JavaThread "Handler for socket connection from /127.0.0.1:63970 to /127.0.0.1:63971" [_thread_in_native, id=12160, stack(0x000000001b710000,0x000000001b810000)]
  0x0000000019d02800 JavaThread "Daemon" [_thread_blocked, id=19168, stack(0x000000001b610000,0x000000001b710000)]
  0x0000000018c83000 JavaThread "Daemon periodic checks" [_thread_blocked, id=16584, stack(0x000000001b510000,0x000000001b610000)]
  0x0000000018bf9000 JavaThread "Incoming local TCP Connector on port 63970" [_thread_in_native, id=17344, stack(0x000000001b370000,0x000000001b470000)]
  0x000000001a891000 JavaThread "Daemon health stats" [_thread_blocked, id=18036, stack(0x000000001b050000,0x000000001b150000)]
  0x0000000018c3c800 JavaThread "Service Thread" daemon [_thread_blocked, id=12796, stack(0x0000000019640000,0x0000000019740000)]
  0x0000000018c29000 JavaThread "C1 CompilerThread3" daemon [_thread_blocked, id=13600, stack(0x0000000019540000,0x0000000019640000)]
=>0x0000000018c19000 JavaThread "C2 CompilerThread2" daemon [_thread_in_native, id=18948, stack(0x0000000019440000,0x0000000019540000)]
  0x0000000018bd1000 JavaThread "C2 CompilerThread1" daemon [_thread_in_native, id=15768, stack(0x0000000019340000,0x0000000019440000)]
  0x0000000016c6c000 JavaThread "C2 CompilerThread0" daemon [_thread_blocked, id=19304, stack(0x0000000019240000,0x0000000019340000)]
  0x0000000018bd0000 JavaThread "Attach Listener" daemon [_thread_blocked, id=18100, stack(0x0000000019140000,0x0000000019240000)]
  0x0000000018b66800 JavaThread "Signal Dispatcher" daemon [_thread_blocked, id=14192, stack(0x0000000019040000,0x0000000019140000)]
  0x00000000053ee800 JavaThread "Finalizer" daemon [_thread_blocked, id=12920, stack(0x0000000018f40000,0x0000000019040000)]
  0x00000000053e5000 JavaThread "Reference Handler" daemon [_thread_blocked, id=16840, stack(0x0000000018a40000,0x0000000018b40000)]
  0x0000000004e9e800 JavaThread "main" [_thread_blocked, id=2016, stack(0x00000000051f0000,0x00000000052f0000)]

Other Threads:
  0x0000000016c5a000 VMThread [stack: 0x0000000018940000,0x0000000018a40000] [id=11492]
  0x0000000018c60000 WatcherThread [stack: 0x0000000019740000,0x0000000019840000] [id=7232]

VM state:not at safepoint (normal execution)

VM Mutex/Monitor currently owned by a thread: None

Heap:
 PSYoungGen      total 141824K, used 67612K [0x00000000f5580000, 0x00000000fff00000, 0x0000000100000000)
  eden space 130560K, 51% used [0x00000000f5580000,0x00000000f9787200,0x00000000fd500000)
  from space 11264K, 0% used [0x00000000fd500000,0x00000000fd500000,0x00000000fe000000)
  to   space 10752K, 0% used [0x00000000ff480000,0x00000000ff480000,0x00000000fff00000)
 ParOldGen       total 175104K, used 14936K [0x00000000e0000000, 0x00000000eab00000, 0x00000000f5580000)
  object space 175104K, 8% used [0x00000000e0000000,0x00000000e0e96328,0x00000000eab00000)
 Metaspace       used 38749K, capacity 39562K, committed 39680K, reserved 1083392K
  class space    used 5583K, capacity 5825K, committed 5888K, reserved 1048576K

Card table byte_map: [0x00000000147b0000,0x00000000148c0000] byte_map_base: 0x00000000140b0000

Marking Bits: (ParMarkBitMap*) 0x00000000647f2d00
 Begin Bits: [0x0000000015170000, 0x0000000015970000)
 End Bits:   [0x0000000015970000, 0x0000000016170000)

Polling page: 0x0000000000df0000

CodeCache: size=245760Kb used=11453Kb max_used=11746Kb free=234306Kb
 bounds [0x00000000053f0000, 0x0000000005f80000, 0x00000000143f0000]
 total_blobs=4010 nmethods=3296 adapters=625
 compilation: enabled

Compilation events (10 events):
Event: 130.643 Thread 0x0000000018bd1000 3756       4       java.util.TreeMap::put (247 bytes)
Event: 130.643 Thread 0x0000000018c29000 3757       3       java.lang.StringBuffer::<init> (18 bytes)
Event: 130.643 Thread 0x0000000018c29000 nmethod 3757 0x0000000005c87510 code [0x0000000005c876a0, 0x0000000005c87ce8]
Event: 130.644 Thread 0x0000000018c29000 3759       3       org.codehaus.groovy.util.ComplexKeyHashMap$1::<init> (64 bytes)
Event: 130.644 Thread 0x0000000018c29000 nmethod 3759 0x0000000005625ed0 code [0x0000000005626040, 0x0000000005626370]
Event: 130.644 Thread 0x0000000018c29000 3760       3       org.codehaus.groovy.runtime.metaclass.MetaMethodIndex::getMethods (82 bytes)
Event: 130.644 Thread 0x0000000018c29000 nmethod 3760 0x000000000575bc10 code [0x000000000575bdc0, 0x000000000575c468]
Event: 130.644 Thread 0x0000000018c29000 3758       3       org.codehaus.groovy.util.ComplexKeyHashMap::getEntrySetIterator (9 bytes)
Event: 130.644 Thread 0x0000000018c29000 nmethod 3758 0x0000000005bd8950 code [0x0000000005bd8ac0, 0x0000000005bd8ca8]
Event: 130.645 Thread 0x0000000018c19000 3761       4       java.util.LinkedList::linkLast (59 bytes)

GC Heap History (10 events):
Event: 91.753 GC heap before
{Heap before GC invocations=5 (full 1):
 PSYoungGen      total 76288K, used 7311K [0x00000000f5580000, 0x00000000fea80000, 0x0000000100000000)
  eden space 65536K, 0% used [0x00000000f5580000,0x00000000f5580000,0x00000000f9580000)
  from space 10752K, 68% used [0x00000000fa000000,0x00000000fa723dd0,0x00000000faa80000)
  to   space 10752K, 0% used [0x00000000f9580000,0x00000000f9580000,0x00000000fa000000)
 ParOldGen       total 175104K, used 40K [0x00000000e0000000, 0x00000000eab00000, 0x00000000f5580000)
  object space 175104K, 0% used [0x00000000e0000000,0x00000000e000a000,0x00000000eab00000)
 Metaspace       used 20564K, capacity 21070K, committed 21248K, reserved 1067008K
  class space    used 3041K, capacity 3224K, committed 3328K, reserved 1048576K
Event: 91.787 GC heap after
Heap after GC invocations=5 (full 1):
 PSYoungGen      total 76288K, used 0K [0x00000000f5580000, 0x00000000fea80000, 0x0000000100000000)
  eden space 65536K, 0% used [0x00000000f5580000,0x00000000f5580000,0x00000000f9580000)
  from space 10752K, 0% used [0x00000000fa000000,0x00000000fa000000,0x00000000faa80000)
  to   space 10752K, 0% used [0x00000000f9580000,0x00000000f9580000,0x00000000fa000000)
 ParOldGen       total 175104K, used 7151K [0x00000000e0000000, 0x00000000eab00000, 0x00000000f5580000)
  object space 175104K, 4% used [0x00000000e0000000,0x00000000e06fbf10,0x00000000eab00000)
 Metaspace       used 20564K, capacity 21070K, committed 21248K, reserved 1067008K
  class space    used 3041K, capacity 3224K, committed 3328K, reserved 1048576K
}
Event: 92.306 GC heap before
{Heap before GC invocations=6 (full 1):
 PSYoungGen      total 76288K, used 65536K [0x00000000f5580000, 0x00000000fea80000, 0x0000000100000000)
  eden space 65536K, 100% used [0x00000000f5580000,0x00000000f9580000,0x00000000f9580000)
  from space 10752K, 0% used [0x00000000fa000000,0x00000000fa000000,0x00000000faa80000)
  to   space 10752K, 0% used [0x00000000f9580000,0x00000000f9580000,0x00000000fa000000)
 ParOldGen       total 175104K, used 7151K [0x00000000e0000000, 0x00000000eab00000, 0x00000000f5580000)
  object space 175104K, 4% used [0x00000000e0000000,0x00000000e06fbf10,0x00000000eab00000)
 Metaspace       used 28379K, capacity 28938K, committed 29184K, reserved 1075200K
  class space    used 3960K, capacity 4096K, committed 4096K, reserved 1048576K
Event: 92.309 GC heap after
Heap after GC invocations=6 (full 1):
 PSYoungGen      total 76288K, used 7943K [0x00000000f5580000, 0x00000000feb00000, 0x0000000100000000)
  eden space 65536K, 0% used [0x00000000f5580000,0x00000000f5580000,0x00000000f9580000)
  from space 10752K, 73% used [0x00000000f9580000,0x00000000f9d41c88,0x00000000fa000000)
  to   space 11264K, 0% used [0x00000000fe000000,0x00000000fe000000,0x00000000feb00000)
 ParOldGen       total 175104K, used 7159K [0x00000000e0000000, 0x00000000eab00000, 0x00000000f5580000)
  object space 175104K, 4% used [0x00000000e0000000,0x00000000e06fdf10,0x00000000eab00000)
 Metaspace       used 28379K, capacity 28938K, committed 29184K, reserved 1075200K
  class space    used 3960K, capacity 4096K, committed 4096K, reserved 1048576K
}
Event: 120.098 GC heap before
{Heap before GC invocations=7 (full 1):
 PSYoungGen      total 76288K, used 73479K [0x00000000f5580000, 0x00000000feb00000, 0x0000000100000000)
  eden space 65536K, 100% used [0x00000000f5580000,0x00000000f9580000,0x00000000f9580000)
  from space 10752K, 73% used [0x00000000f9580000,0x00000000f9d41c88,0x00000000fa000000)
  to   space 11264K, 0% used [0x00000000fe000000,0x00000000fe000000,0x00000000feb00000)
 ParOldGen       total 175104K, used 7159K [0x00000000e0000000, 0x00000000eab00000, 0x00000000f5580000)
  object space 175104K, 4% used [0x00000000e0000000,0x00000000e06fdf10,0x00000000eab00000)
 Metaspace       used 32252K, capacity 32956K, committed 33152K, reserved 1077248K
  class space    used 4479K, capacity 4678K, committed 4736K, reserved 1048576K
Event: 120.114 GC heap after
Heap after GC invocations=7 (full 1):
 PSYoungGen      total 141824K, used 8082K [0x00000000f5580000, 0x00000000feb00000, 0x0000000100000000)
  eden space 130560K, 0% used [0x00000000f5580000,0x00000000f5580000,0x00000000fd500000)
  from space 11264K, 71% used [0x00000000fe000000,0x00000000fe7e4850,0x00000000feb00000)
  to   space 11264K, 0% used [0x00000000fd500000,0x00000000fd500000,0x00000000fe000000)
 ParOldGen       total 175104K, used 7167K [0x00000000e0000000, 0x00000000eab00000, 0x00000000f5580000)
  object space 175104K, 4% used [0x00000000e0000000,0x00000000e06fff10,0x00000000eab00000)
 Metaspace       used 32252K, capacity 32956K, committed 33152K, reserved 1077248K
  class space    used 4479K, capacity 4678K, committed 4736K, reserved 1048576K
}
Event: 122.939 GC heap before
{Heap before GC invocations=8 (full 1):
 PSYoungGen      total 141824K, used 46311K [0x00000000f5580000, 0x00000000feb00000, 0x0000000100000000)
  eden space 130560K, 29% used [0x00000000f5580000,0x00000000f7ad5420,0x00000000fd500000)
  from space 11264K, 71% used [0x00000000fe000000,0x00000000fe7e4850,0x00000000feb00000)
  to   space 11264K, 0% used [0x00000000fd500000,0x00000000fd500000,0x00000000fe000000)
 ParOldGen       total 175104K, used 7167K [0x00000000e0000000, 0x00000000eab00000, 0x00000000f5580000)
  object space 175104K, 4% used [0x00000000e0000000,0x00000000e06fff10,0x00000000eab00000)
 Metaspace       used 34594K, capacity 35302K, committed 35416K, reserved 1079296K
  class space    used 4865K, capacity 5049K, committed 5120K, reserved 1048576K
Event: 122.945 GC heap after
Heap after GC invocations=8 (full 1):
 PSYoungGen      total 141824K, used 8504K [0x00000000f5580000, 0x00000000fff00000, 0x0000000100000000)
  eden space 130560K, 0% used [0x00000000f5580000,0x00000000f5580000,0x00000000fd500000)
  from space 11264K, 75% used [0x00000000fd500000,0x00000000fdd4e2e8,0x00000000fe000000)
  to   space 10752K, 0% used [0x00000000ff480000,0x00000000ff480000,0x00000000fff00000)
 ParOldGen       total 175104K, used 7175K [0x00000000e0000000, 0x00000000eab00000, 0x00000000f5580000)
  object space 175104K, 4% used [0x00000000e0000000,0x00000000e0701f10,0x00000000eab00000)
 Metaspace       used 34594K, capacity 35302K, committed 35416K, reserved 1079296K
  class space    used 4865K, capacity 5049K, committed 5120K, reserved 1048576K
}
Event: 122.945 GC heap before
{Heap before GC invocations=9 (full 2):
 PSYoungGen      total 141824K, used 8504K [0x00000000f5580000, 0x00000000fff00000, 0x0000000100000000)
  eden space 130560K, 0% used [0x00000000f5580000,0x00000000f5580000,0x00000000fd500000)
  from space 11264K, 75% used [0x00000000fd500000,0x00000000fdd4e2e8,0x00000000fe000000)
  to   space 10752K, 0% used [0x00000000ff480000,0x00000000ff480000,0x00000000fff00000)
 ParOldGen       total 175104K, used 7175K [0x00000000e0000000, 0x00000000eab00000, 0x00000000f5580000)
  object space 175104K, 4% used [0x00000000e0000000,0x00000000e0701f10,0x00000000eab00000)
 Metaspace       used 34594K, capacity 35302K, committed 35416K, reserved 1079296K
  class space    used 4865K, capacity 5049K, committed 5120K, reserved 1048576K
Event: 123.032 GC heap after
Heap after GC invocations=9 (full 2):
 PSYoungGen      total 141824K, used 0K [0x00000000f5580000, 0x00000000fff00000, 0x0000000100000000)
  eden space 130560K, 0% used [0x00000000f5580000,0x00000000f5580000,0x00000000fd500000)
  from space 11264K, 0% used [0x00000000fd500000,0x00000000fd500000,0x00000000fe000000)
  to   space 10752K, 0% used [0x00000000ff480000,0x00000000ff480000,0x00000000fff00000)
 ParOldGen       total 175104K, used 14936K [0x00000000e0000000, 0x00000000eab00000, 0x00000000f5580000)
  object space 175104K, 8% used [0x00000000e0000000,0x00000000e0e96328,0x00000000eab00000)
 Metaspace       used 34594K, capacity 35302K, committed 35416K, reserved 1079296K
  class space    used 4865K, capacity 5049K, committed 5120K, reserved 1048576K
}

Deoptimization events (10 events):
Event: 123.310 Thread 0x0000000018e24000 Uncommon trap: reason=unstable_if action=reinterpret pc=0x00000000055118e4 method=java.lang.Integer.valueOf(I)Ljava/lang/Integer; @ 3
Event: 123.311 Thread 0x0000000018e24000 Uncommon trap: reason=predicate action=maybe_recompile pc=0x0000000005d01b00 method=java.util.Arrays.binarySearch0([Ljava/lang/Object;IILjava/lang/Object;Ljava/util/Comparator;)I @ 28
Event: 123.328 Thread 0x0000000018e24000 Uncommon trap: reason=unstable_if action=reinterpret pc=0x0000000005e1444c method=java.security.CodeSource.hashCode()I @ 4
Event: 123.328 Thread 0x0000000018e24000 Uncommon trap: reason=unstable_if action=reinterpret pc=0x000000000583bf0c method=java.security.CodeSource.hashCode()I @ 4
Event: 123.367 Thread 0x0000000018e24000 Uncommon trap: reason=unstable_if action=reinterpret pc=0x0000000005e3eca0 method=org.objectweb.asm.Type.getArgumentsAndReturnSizes(Ljava/lang/String;)I @ 109
Event: 123.476 Thread 0x000000001db53000 Uncommon trap: reason=unstable_if action=reinterpret pc=0x0000000005a2c960 method=java.lang.String.regionMatches(ZILjava/lang/String;II)Z @ 102
Event: 124.048 Thread 0x000000001db50000 Uncommon trap: reason=unstable_if action=reinterpret pc=0x0000000005845dbc method=java.util.concurrent.locks.AbstractQueuedSynchronizer.acquireQueued(Ljava/util/concurrent/locks/AbstractQueuedSynchronizer$Node;I)Z @ 17
Event: 130.288 Thread 0x000000001db48000 Uncommon trap: reason=class_check action=maybe_recompile pc=0x00000000056146bc method=java.util.concurrent.locks.ReentrantLock.lock()V @ 4
Event: 130.292 Thread 0x000000001db4c800 Uncommon trap: reason=class_check action=maybe_recompile pc=0x00000000056146bc method=java.util.concurrent.locks.ReentrantLock.lock()V @ 4
Event: 130.295 Thread 0x000000001db4f800 Uncommon trap: reason=class_check action=maybe_recompile pc=0x00000000056146bc method=java.util.concurrent.locks.ReentrantLock.lock()V @ 4

Classes redefined (0 events):
No events

Internal exceptions (10 events):
Event: 123.433 Thread 0x0000000019c02000 Exception <a 'java/lang/NoSuchMethodError': <clinit>> (0x00000000f7fef3a8) thrown at [C:\re\workspace\8-2-build-windows-amd64-cygwin\jdk8u181\11358\hotspot\src\share\vm\prims\jni.cpp, line 1613]
Event: 123.434 Thread 0x0000000019c02000 Exception <a 'java/lang/NoSuchMethodError': <clinit>> (0x00000000f7ffb8f8) thrown at [C:\re\workspace\8-2-build-windows-amd64-cygwin\jdk8u181\11358\hotspot\src\share\vm\prims\jni.cpp, line 1613]
Event: 123.456 Thread 0x0000000019c02000 Exception <a 'java/lang/NoSuchMethodError': <clinit>> (0x00000000f88ac9c0) thrown at [C:\re\workspace\8-2-build-windows-amd64-cygwin\jdk8u181\11358\hotspot\src\share\vm\prims\jni.cpp, line 1613]
Event: 123.456 Thread 0x0000000019c02000 Exception <a 'java/lang/NoSuchMethodError': <clinit>> (0x00000000f88bdda0) thrown at [C:\re\workspace\8-2-build-windows-amd64-cygwin\jdk8u181\11358\hotspot\src\share\vm\prims\jni.cpp, line 1613]
Event: 123.456 Thread 0x0000000019c02000 Exception <a 'java/lang/NoSuchMethodError': <clinit>> (0x00000000f88bf628) thrown at [C:\re\workspace\8-2-build-windows-amd64-cygwin\jdk8u181\11358\hotspot\src\share\vm\prims\jni.cpp, line 1613]
Event: 124.008 Thread 0x0000000019c02000 Exception <a 'java/lang/NoSuchMethodError': <clinit>> (0x00000000f88d0640) thrown at [C:\re\workspace\8-2-build-windows-amd64-cygwin\jdk8u181\11358\hotspot\src\share\vm\prims\jni.cpp, line 1613]
Event: 130.641 Thread 0x0000000018e24000 Exception <a 'java/lang/ClassNotFoundException': settings_9ztintwh4qlxdinpv7qfylopkBeanInfo> (0x00000000f956fb00) thrown at [C:\re\workspace\8-2-build-windows-amd64-cygwin\jdk8u181\11358\hotspot\src\share\vm\classfile\systemDictionary.cpp, line 210]
Event: 130.642 Thread 0x0000000018e24000 Exception <a 'java/lang/ClassNotFoundException': org/gradle/initialization/SettingsScriptBeanInfo> (0x00000000f95850d8) thrown at [C:\re\workspace\8-2-build-windows-amd64-cygwin\jdk8u181\11358\hotspot\src\share\vm\classfile\systemDictionary.cpp, line 210]
Event: 130.642 Thread 0x0000000018e24000 Exception <a 'java/lang/ClassNotFoundException': org/gradle/initialization/SettingsScriptCustomizer> (0x00000000f959a6f0) thrown at [C:\re\workspace\8-2-build-windows-amd64-cygwin\jdk8u181\11358\hotspot\src\share\vm\classfile\systemDictionary.cpp, line 21
Event: 130.643 Thread 0x0000000018e24000 Exception <a 'java/lang/ClassNotFoundException': settings_9ztintwh4qlxdinpv7qfylopkCustomizer> (0x00000000f95adeb0) thrown at [C:\re\workspace\8-2-build-windows-amd64-cygwin\jdk8u181\11358\hotspot\src\share\vm\classfile\systemDictionary.cpp, line 210]

Events (10 events):
Event: 130.642 loading class org/gradle/initialization/SettingsScriptCustomizer
Event: 130.642 loading class org/gradle/initialization/SettingsScriptCustomizer done
Event: 130.642 loading class org/gradle/initialization/SettingsScriptCustomizer
Event: 130.642 loading class org/gradle/initialization/SettingsScriptCustomizer done
Event: 130.643 loading class settings_9ztintwh4qlxdinpv7qfylopkCustomizer
Event: 130.643 loading class settings_9ztintwh4qlxdinpv7qfylopkCustomizer done
Event: 130.643 loading class settings_9ztintwh4qlxdinpv7qfylopkCustomizer
Event: 130.643 loading class settings_9ztintwh4qlxdinpv7qfylopkCustomizer done
Event: 130.645 loading class groovy/runtime/metaclass/org/gradle/initialization/DefaultSettings_DecoratedMetaClass
Event: 130.645 loading class groovy/runtime/metaclass/org/gradle/initialization/DefaultSettings_DecoratedMetaClass done


Dynamic libraries:
0x00007ff7df390000 - 0x00007ff7df3c7000 	C:\Program Files\Java\jdk1.8.0_181\bin\java.exe
0x00007ff97fff0000 - 0x00007ff9801d0000 	C:\Windows\SYSTEM32\ntdll.dll
0x00007ff97ef50000 - 0x00007ff97effe000 	C:\Windows\System32\KERNEL32.DLL
0x00007ff97cf90000 - 0x00007ff97d1f6000 	C:\Windows\System32\KERNELBASE.dll
0x00007ff97eea0000 - 0x00007ff97ef41000 	C:\Windows\System32\ADVAPI32.dll
0x00007ff97d690000 - 0x00007ff97d72d000 	C:\Windows\System32\msvcrt.dll
0x00007ff97ed10000 - 0x00007ff97ed6b000 	C:\Windows\System32\sechost.dll
0x00007ff97fe10000 - 0x00007ff97ff2f000 	C:\Windows\System32\RPCRT4.dll
0x00007ff97eb70000 - 0x00007ff97ecff000 	C:\Windows\System32\USER32.dll
0x00007ff97c440000 - 0x00007ff97c460000 	C:\Windows\System32\win32u.dll
0x00007ff97fde0000 - 0x00007ff97fe08000 	C:\Windows\System32\GDI32.dll
0x00007ff97d280000 - 0x00007ff97d413000 	C:\Windows\System32\gdi32full.dll
0x00007ff97d420000 - 0x00007ff97d4bb000 	C:\Windows\System32\msvcp_win.dll
0x00007ff97c740000 - 0x00007ff97c836000 	C:\Windows\System32\ucrtbase.dll
0x00007ff96aef0000 - 0x00007ff96b159000 	C:\Windows\WinSxS\amd64_microsoft.windows.common-controls_6595b64144ccf1df_6.0.16299.125_none_15cbcf8893620c09\COMCTL32.dll
0x00007ff97fad0000 - 0x00007ff97fdd8000 	C:\Windows\System32\combase.dll
0x00007ff97d200000 - 0x00007ff97d272000 	C:\Windows\System32\bcryptPrimitives.dll
0x00007ff97d4c0000 - 0x00007ff97d4ed000 	C:\Windows\System32\IMM32.DLL
0x0000000064880000 - 0x0000000064952000 	C:\Program Files\Java\jdk1.8.0_181\jre\bin\msvcr100.dll
0x0000000063fd0000 - 0x0000000064872000 	C:\Program Files\Java\jdk1.8.0_181\jre\bin\server\jvm.dll
0x00007ff97f8e0000 - 0x00007ff97f8e8000 	C:\Windows\System32\PSAPI.DLL
0x00007ff967870000 - 0x00007ff967879000 	C:\Windows\SYSTEM32\WSOCK32.dll
0x00007ff97f8f0000 - 0x00007ff97f95c000 	C:\Windows\System32\WS2_32.dll
0x00007ff97a5e0000 - 0x00007ff97a603000 	C:\Windows\SYSTEM32\WINMM.dll
0x00007ff97a2b0000 - 0x00007ff97a2da000 	C:\Windows\SYSTEM32\WINMMBASE.dll
0x00007ff97c3f0000 - 0x00007ff97c43a000 	C:\Windows\System32\cfgmgr32.dll
0x00007ff977fd0000 - 0x00007ff977fda000 	C:\Windows\SYSTEM32\VERSION.dll
0x0000000063fc0000 - 0x0000000063fcf000 	C:\Program Files\Java\jdk1.8.0_181\jre\bin\verify.dll
0x0000000063f90000 - 0x0000000063fb9000 	C:\Program Files\Java\jdk1.8.0_181\jre\bin\java.dll
0x0000000063f70000 - 0x0000000063f86000 	C:\Program Files\Java\jdk1.8.0_181\jre\bin\zip.dll
0x00007ff97d730000 - 0x00007ff97eb66000 	C:\Windows\System32\SHELL32.dll
0x00007ff97ed70000 - 0x00007ff97ee16000 	C:\Windows\System32\shcore.dll
0x00007ff97c840000 - 0x00007ff97cf87000 	C:\Windows\System32\windows.storage.dll
0x00007ff97ff60000 - 0x00007ff97ffb1000 	C:\Windows\System32\shlwapi.dll
0x00007ff97c3d0000 - 0x00007ff97c3e1000 	C:\Windows\System32\kernel.appcore.dll
0x00007ff97c380000 - 0x00007ff97c3cc000 	C:\Windows\System32\powrprof.dll
0x00007ff97c360000 - 0x00007ff97c37b000 	C:\Windows\System32\profapi.dll
0x0000000063f50000 - 0x0000000063f6a000 	C:\Program Files\Java\jdk1.8.0_181\jre\bin\net.dll
0x00007ff97bb20000 - 0x00007ff97bb86000 	C:\Windows\system32\mswsock.dll
0x0000000063f30000 - 0x0000000063f41000 	C:\Program Files\Java\jdk1.8.0_181\jre\bin\nio.dll
0x00007ff979050000 - 0x00007ff979076000 	D:\software\gradle-5.3.1\native\29\windows-amd64\native-platform.dll
0x0000000063d40000 - 0x0000000063d4d000 	C:\Program Files\Java\jdk1.8.0_181\jre\bin\management.dll
0x00007ff97bd40000 - 0x00007ff97bd57000 	C:\Windows\SYSTEM32\CRYPTSP.dll
0x00007ff97b730000 - 0x00007ff97b763000 	C:\Windows\system32\rsaenh.dll
0x00007ff97be50000 - 0x00007ff97be75000 	C:\Windows\SYSTEM32\bcrypt.dll
0x00007ff97c240000 - 0x00007ff97c269000 	C:\Windows\SYSTEM32\USERENV.dll
0x00007ff97bd60000 - 0x00007ff97bd6b000 	C:\Windows\SYSTEM32\CRYPTBASE.dll
0x00007ff97b8b0000 - 0x00007ff97b8e9000 	C:\Windows\SYSTEM32\IPHLPAPI.DLL
0x00007ff97ed00000 - 0x00007ff97ed08000 	C:\Windows\System32\NSI.dll
0x00007ff977370000 - 0x00007ff977386000 	C:\Windows\SYSTEM32\dhcpcsvc6.DLL
0x00007ff977340000 - 0x00007ff97735a000 	C:\Windows\SYSTEM32\dhcpcsvc.DLL

VM Arguments:
jvm_args: -XX:MaxMetaspaceSize=256m -XX:+HeapDumpOnOutOfMemoryError -Xms256m -Xmx512m -Dfile.encoding=GBK -Duser.country=CN -Duser.language=zh -Duser.variant 
java_command: org.gradle.launcher.daemon.bootstrap.GradleDaemon 5.3.1
java_class_path (initial): D:\software\gradle-5.3.1\lib\gradle-launcher-5.3.1.jar
Launcher Type: SUN_STANDARD

Environment Variables:
JAVA_HOME=C:\Program Files\Java\jdk1.8.0_181
CLASSPATH=.;C:\Program Files\Java\jdk1.8.0_181\lib\dt.jar;C:\Program Files\Java\jdk1.8.0_181\lib\tools.jar;C:\Program Files\apache-tomcat-8.5.34\lib\servlet-api.jar;
PATH=C:\Program Files (x86)\Common Files\NetSarang;C:\Program Files\Java\jdk1.8.0_181\bin;C:\Program Files (x86)\Common Files\Oracle\Java\javapath;C:\Windows\system32;C:\Windows;C:\Windows\System32\Wbem;C:\Windows\System32\WindowsPowerShell\v1.0\;C:\Program Files (x86)\NVIDIA Corporation\PhysX\Common;C:\Program Files\nodejs\;D:\software\apache-maven-3.6.0\bin;C:\Program Files\Java\jdk1.8.0_181\jre\bin;C:\Program Files\VisualSVN Server\bin;C:\Program Files\TortoiseSVN\bin;D:\software\gradle-5.3.1\bin;C:\Users\Administrator\AppData\Local\Microsoft\WindowsApps;;C:\Program Files\Microsoft VS Code\bin;C:\Users\Administrator\AppData\Roaming\npm
USERNAME=Administrator
OS=Windows_NT
PROCESSOR_IDENTIFIER=Intel64 Family 6 Model 158 Stepping 9, GenuineIntel



---------------  S Y S T E M  ---------------

OS: Windows 10.0 , 64 bit Build 16299 (10.0.16299.15)

CPU:total 8 (initial active 8) (4 cores per cpu, 2 threads per core) family 6 model 158 stepping 9, cmov, cx8, fxsr, mmx, sse, sse2, sse3, ssse3, sse4.1, sse4.2, popcnt, avx, avx2, aes, clmul, erms, rtm, 3dnowpref, lzcnt, ht, tsc, tscinvbit, bmi1, bmi2, adx

Memory: 4k page, physical 16662280k(3905032k free), swap 27148164k(4096k free)

vm_info: Java HotSpot(TM) 64-Bit Server VM (25.181-b13) for windows-amd64 JRE (1.8.0_181-b13), built on Jul  7 2018 04:01:33 by "java_re" with MS VC++ 10.0 (VS2010)

time: Sat Apr 13 14:44:59 2019
elapsed time: 130 seconds (0d 0h 2m 10s)

