#
# There is insufficient memory for the Java Runtime Environment to continue.
# Native memory allocation (malloc) failed to allocate 1642336 bytes for Chunk::new
# Possible reasons:
#   The system is out of physical RAM or swap space
#   In 32 bit mode, the process size limit was hit
# Possible solutions:
#   Reduce memory load on the system
#   Increase physical memory or swap space
#   Check if swap backing store is full
#   Use 64 bit Java on a 64 bit OS
#   Decrease Java heap size (-Xmx/-Xms)
#   Decrease number of Java threads
#   Decrease Java thread stack sizes (-Xss)
#   Set larger code cache with -XX:ReservedCodeCacheSize=
# This output file may be truncated or incomplete.
#
#  Out of Memory Error (allocation.cpp:390), pid=15828, tid=0x0000000000000234
#
# JRE version: Java(TM) SE Runtime Environment (8.0_181-b13) (build 1.8.0_181-b13)
# Java VM: Java HotSpot(TM) 64-Bit Server VM (25.181-b13 mixed mode windows-amd64 compressed oops)
# Failed to write core dump. Minidumps are not enabled by default on client versions of Windows
#

---------------  T H R E A D  ---------------

Current thread (0x0000000018b9d000):  JavaThread "C2 CompilerThread0" daemon [_thread_in_native, id=564, stack(0x0000000019270000,0x0000000019370000)]

Stack: [0x0000000019270000,0x0000000019370000]
[error occurred during error reporting (printing stack bounds), id 0xc0000005]

Native frames: (J=compiled Java code, j=interpreted, Vv=VM code, C=native code)


Current CompileTask:
C2: 106191 2729       4       groovy.lang.MetaClassImpl$1MOPIter::methodNameAction (325 bytes)


---------------  P R O C E S S  ---------------

Java Threads: ( => current thread )
  0x000000001abab000 JavaThread "Cache worker for execution history cache (D:\software\gradle-5.3.1\caches\5.3.1\executionHistory)" [_thread_blocked, id=7232, stack(0x0000000021420000,0x0000000021520000)]
  0x000000001abac800 JavaThread "Cache worker for cache directory md-rule (D:\software\gradle-5.3.1\caches\5.3.1\md-rule)" [_thread_blocked, id=13548, stack(0x0000000021320000,0x0000000021420000)]
  0x000000001abab800 JavaThread "Cache worker for cache directory md-supplier (D:\software\gradle-5.3.1\caches\5.3.1\md-supplier)" [_thread_blocked, id=16008, stack(0x000000001fe50000,0x000000001ff50000)]
  0x000000001aba9800 JavaThread "Cache worker for file hash cache (D:\code\spring-framework\.gradle\5.3.1\fileHashes)" [_thread_blocked, id=8828, stack(0x000000001f750000,0x000000001f850000)]
  0x000000001abae000 JavaThread "Cache worker for journal cache (D:\software\gradle-5.3.1\caches\journal-1)" [_thread_blocked, id=13508, stack(0x000000001c4e0000,0x000000001c5e0000)]
  0x000000001abad000 JavaThread "File lock release action executor" [_thread_blocked, id=17264, stack(0x000000001c3e0000,0x000000001c4e0000)]
  0x000000001abaf800 JavaThread "File lock request listener" [_thread_in_native, id=2984, stack(0x000000001c2e0000,0x000000001c3e0000)]
  0x000000001aba8800 JavaThread "Cache worker for file hash cache (D:\software\gradle-5.3.1\caches\5.3.1\fileHashes)" [_thread_blocked, id=15612, stack(0x000000001bfe0000,0x000000001c0e0000)]
  0x000000001aaa6800 JavaThread "Thread-9" [_thread_blocked, id=12468, stack(0x000000001bde0000,0x000000001bee0000)]
  0x000000001aab0000 JavaThread "Asynchronous log dispatcher for DefaultDaemonConnection: socket connection from /127.0.0.1:63117 to /127.0.0.1:63119" [_thread_blocked, id=12140, stack(0x000000001bbe0000,0x000000001bce0000)]
  0x000000001aaa0000 JavaThread "Daemon worker" [_thread_blocked, id=13712, stack(0x000000001bae0000,0x000000001bbe0000)]
  0x000000001aa9f000 JavaThread "Cancel handler" [_thread_blocked, id=15264, stack(0x000000001b9e0000,0x000000001bae0000)]
  0x000000001aa32000 JavaThread "Handler for socket connection from /127.0.0.1:63117 to /127.0.0.1:63119" [_thread_in_native, id=9680, stack(0x000000001b6e0000,0x000000001b7e0000)]
  0x000000001aa2d000 JavaThread "Daemon" [_thread_blocked, id=12492, stack(0x000000001b5e0000,0x000000001b6e0000)]
  0x000000001aa19800 JavaThread "Daemon periodic checks" [_thread_blocked, id=15636, stack(0x000000001b4e0000,0x000000001b5e0000)]
  0x000000001a9fa000 JavaThread "Incoming local TCP Connector on port 63117" [_thread_in_native, id=14420, stack(0x000000001b340000,0x000000001b440000)]
  0x000000001a934800 JavaThread "Daemon health stats" [_thread_blocked, id=13180, stack(0x000000001b040000,0x000000001b140000)]
  0x0000000018bad800 JavaThread "Service Thread" daemon [_thread_blocked, id=10236, stack(0x0000000019670000,0x0000000019770000)]
  0x0000000018ba7000 JavaThread "C1 CompilerThread3" daemon [_thread_blocked, id=13848, stack(0x0000000019570000,0x0000000019670000)]
  0x0000000018ba1000 JavaThread "C2 CompilerThread2" daemon [_thread_blocked, id=10964, stack(0x0000000019470000,0x0000000019570000)]
  0x0000000018ba0000 JavaThread "C2 CompilerThread1" daemon [_thread_blocked, id=19004, stack(0x0000000019370000,0x0000000019470000)]
=>0x0000000018b9d000 JavaThread "C2 CompilerThread0" daemon [_thread_in_native, id=564, stack(0x0000000019270000,0x0000000019370000)]
  0x0000000018b9b000 JavaThread "Attach Listener" daemon [_thread_blocked, id=12488, stack(0x0000000019170000,0x0000000019270000)]
  0x0000000018b47000 JavaThread "Signal Dispatcher" daemon [_thread_blocked, id=18548, stack(0x0000000019070000,0x0000000019170000)]
  0x0000000018b30800 JavaThread "Finalizer" daemon [_thread_blocked, id=8560, stack(0x0000000018f10000,0x0000000019010000)]
  0x0000000005465000 JavaThread "Reference Handler" daemon [_thread_blocked, id=15028, stack(0x0000000018a10000,0x0000000018b10000)]
  0x000000000516e800 JavaThread "main" [_thread_blocked, id=6056, stack(0x0000000005170000,0x0000000005270000)]

Other Threads:
  0x0000000016c2a000 VMThread [stack: 0x0000000018910000,0x0000000018a10000] [id=18800]
  0x0000000018bb1000 WatcherThread [stack: 0x0000000019770000,0x0000000019870000] [id=6876]

VM state:not at safepoint (normal execution)

VM Mutex/Monitor currently owned by a thread: None

Heap:
 PSYoungGen      total 140800K, used 74812K [0x00000000f5580000, 0x00000000fea00000, 0x0000000100000000)
  eden space 130560K, 51% used [0x00000000f5580000,0x00000000f96c2658,0x00000000fd500000)
  from space 10240K, 77% used [0x00000000fe000000,0x00000000fe7ccb10,0x00000000fea00000)
  to   space 10752K, 0% used [0x00000000fd500000,0x00000000fd500000,0x00000000fdf80000)
 ParOldGen       total 175104K, used 10063K [0x00000000e0000000, 0x00000000eab00000, 0x00000000f5580000)
  object space 175104K, 5% used [0x00000000e0000000,0x00000000e09d3fb8,0x00000000eab00000)
 Metaspace       used 32326K, capacity 33050K, committed 33152K, reserved 1077248K
  class space    used 4490K, capacity 4683K, committed 4736K, reserved 1048576K

Card table byte_map: [0x0000000014830000,0x0000000014940000] byte_map_base: 0x0000000014130000

Marking Bits: (ParMarkBitMap*) 0x00000000647f2d00
 Begin Bits: [0x0000000015140000, 0x0000000015940000)
 End Bits:   [0x0000000015940000, 0x0000000016140000)

Polling page: 0x0000000003340000

CodeCache: size=245760Kb used=9270Kb max_used=9270Kb free=236489Kb
 bounds [0x0000000005470000, 0x0000000005d90000, 0x0000000014470000]
 total_blobs=3215 nmethods=2531 adapters=596
 compilation: enabled

Compilation events (10 events):
Event: 105.740 Thread 0x0000000018ba7000 2803       3       java.io.ObjectOutputStream$BlockDataOutputStream::writeUTF (46 bytes)
Event: 105.740 Thread 0x0000000018ba7000 nmethod 2803 0x0000000005d816d0 code [0x0000000005d81880, 0x0000000005d81cb8]
Event: 105.740 Thread 0x0000000018ba7000 2804       3       org.gradle.internal.serialize.kryo.KryoBackedEncoder::writeBytes (11 bytes)
Event: 105.740 Thread 0x0000000018ba7000 nmethod 2804 0x0000000005d812d0 code [0x0000000005d81440, 0x0000000005d815e8]
Event: 105.740 Thread 0x0000000018ba7000 2805       3       com.esotericsoftware.kryo.io.Output::writeBytes (90 bytes)
Event: 105.741 Thread 0x0000000018ba7000 nmethod 2805 0x0000000005d80950 code [0x0000000005d80b00, 0x0000000005d810e8]
Event: 105.742 Thread 0x0000000018ba7000 2806       1       com.google.common.base.Suppliers$SupplierOfInstance::get (5 bytes)
Event: 105.742 Thread 0x0000000018ba7000 nmethod 2806 0x0000000005d80690 code [0x0000000005d807e0, 0x0000000005d808f0]
Event: 105.743 Thread 0x0000000018ba7000 2807       3       org.gradle.internal.service.DefaultServiceRegistry$InstanceUnpackingVisitor::visit (24 bytes)
Event: 105.743 Thread 0x0000000018ba7000 nmethod 2807 0x0000000005d85090 code [0x0000000005d85240, 0x0000000005d85818]

GC Heap History (10 events):
Event: 3.833 GC heap before
{Heap before GC invocations=1 (full 0):
 PSYoungGen      total 76288K, used 65536K [0x00000000f5580000, 0x00000000faa80000, 0x0000000100000000)
  eden space 65536K, 100% used [0x00000000f5580000,0x00000000f9580000,0x00000000f9580000)
  from space 10752K, 0% used [0x00000000fa000000,0x00000000fa000000,0x00000000faa80000)
  to   space 10752K, 0% used [0x00000000f9580000,0x00000000f9580000,0x00000000fa000000)
 ParOldGen       total 175104K, used 0K [0x00000000e0000000, 0x00000000eab00000, 0x00000000f5580000)
  object space 175104K, 0% used [0x00000000e0000000,0x00000000e0000000,0x00000000eab00000)
 Metaspace       used 10103K, capacity 10410K, committed 10496K, reserved 1058816K
  class space    used 1376K, capacity 1489K, committed 1536K, reserved 1048576K
Event: 3.844 GC heap after
Heap after GC invocations=1 (full 0):
 PSYoungGen      total 76288K, used 7696K [0x00000000f5580000, 0x00000000faa80000, 0x0000000100000000)
  eden space 65536K, 0% used [0x00000000f5580000,0x00000000f5580000,0x00000000f9580000)
  from space 10752K, 71% used [0x00000000f9580000,0x00000000f9d04228,0x00000000fa000000)
  to   space 10752K, 0% used [0x00000000fa000000,0x00000000fa000000,0x00000000faa80000)
 ParOldGen       total 175104K, used 16K [0x00000000e0000000, 0x00000000eab00000, 0x00000000f5580000)
  object space 175104K, 0% used [0x00000000e0000000,0x00000000e0004000,0x00000000eab00000)
 Metaspace       used 10103K, capacity 10410K, committed 10496K, reserved 1058816K
  class space    used 1376K, capacity 1489K, committed 1536K, reserved 1048576K
}
Event: 8.985 GC heap before
{Heap before GC invocations=2 (full 0):
 PSYoungGen      total 76288K, used 73232K [0x00000000f5580000, 0x00000000faa80000, 0x0000000100000000)
  eden space 65536K, 100% used [0x00000000f5580000,0x00000000f9580000,0x00000000f9580000)
  from space 10752K, 71% used [0x00000000f9580000,0x00000000f9d04228,0x00000000fa000000)
  to   space 10752K, 0% used [0x00000000fa000000,0x00000000fa000000,0x00000000faa80000)
 ParOldGen       total 175104K, used 16K [0x00000000e0000000, 0x00000000eab00000, 0x00000000f5580000)
  object space 175104K, 0% used [0x00000000e0000000,0x00000000e0004000,0x00000000eab00000)
 Metaspace       used 16538K, capacity 16988K, committed 17152K, reserved 1064960K
  class space    used 2404K, capacity 2556K, committed 2560K, reserved 1048576K
Event: 9.535 GC heap after
Heap after GC invocations=2 (full 0):
 PSYoungGen      total 76288K, used 10725K [0x00000000f5580000, 0x00000000fea80000, 0x0000000100000000)
  eden space 65536K, 0% used [0x00000000f5580000,0x00000000f5580000,0x00000000f9580000)
  from space 10752K, 99% used [0x00000000fa000000,0x00000000faa795f0,0x00000000faa80000)
  to   space 10752K, 0% used [0x00000000f9580000,0x00000000f9580000,0x00000000fa000000)
 ParOldGen       total 175104K, used 24K [0x00000000e0000000, 0x00000000eab00000, 0x00000000f5580000)
  object space 175104K, 0% used [0x00000000e0000000,0x00000000e0006000,0x00000000eab00000)
 Metaspace       used 16538K, capacity 16988K, committed 17152K, reserved 1064960K
  class space    used 2404K, capacity 2556K, committed 2560K, reserved 1048576K
}
Event: 81.815 GC heap before
{Heap before GC invocations=3 (full 0):
 PSYoungGen      total 76288K, used 75787K [0x00000000f5580000, 0x00000000fea80000, 0x0000000100000000)
  eden space 65536K, 99% used [0x00000000f5580000,0x00000000f9509690,0x00000000f9580000)
  from space 10752K, 99% used [0x00000000fa000000,0x00000000faa795f0,0x00000000faa80000)
  to   space 10752K, 0% used [0x00000000f9580000,0x00000000f9580000,0x00000000fa000000)
 ParOldGen       total 175104K, used 24K [0x00000000e0000000, 0x00000000eab00000, 0x00000000f5580000)
  object space 175104K, 0% used [0x00000000e0000000,0x00000000e0006000,0x00000000eab00000)
 Metaspace       used 20562K, capacity 21086K, committed 21248K, reserved 1067008K
  class space    used 3037K, capacity 3224K, committed 3328K, reserved 1048576K
Event: 81.821 GC heap after
Heap after GC invocations=3 (full 0):
 PSYoungGen      total 76288K, used 10434K [0x00000000f5580000, 0x00000000fea80000, 0x0000000100000000)
  eden space 65536K, 0% used [0x00000000f5580000,0x00000000f5580000,0x00000000f9580000)
  from space 10752K, 97% used [0x00000000f9580000,0x00000000f9fb0b98,0x00000000fa000000)
  to   space 10752K, 0% used [0x00000000fe000000,0x00000000fe000000,0x00000000fea80000)
 ParOldGen       total 175104K, used 32K [0x00000000e0000000, 0x00000000eab00000, 0x00000000f5580000)
  object space 175104K, 0% used [0x00000000e0000000,0x00000000e0008000,0x00000000eab00000)
 Metaspace       used 20562K, capacity 21086K, committed 21248K, reserved 1067008K
  class space    used 3037K, capacity 3224K, committed 3328K, reserved 1048576K
}
Event: 81.821 GC heap before
{Heap before GC invocations=4 (full 1):
 PSYoungGen      total 76288K, used 10434K [0x00000000f5580000, 0x00000000fea80000, 0x0000000100000000)
  eden space 65536K, 0% used [0x00000000f5580000,0x00000000f5580000,0x00000000f9580000)
  from space 10752K, 97% used [0x00000000f9580000,0x00000000f9fb0b98,0x00000000fa000000)
  to   space 10752K, 0% used [0x00000000fe000000,0x00000000fe000000,0x00000000fea80000)
 ParOldGen       total 175104K, used 32K [0x00000000e0000000, 0x00000000eab00000, 0x00000000f5580000)
  object space 175104K, 0% used [0x00000000e0000000,0x00000000e0008000,0x00000000eab00000)
 Metaspace       used 20562K, capacity 21086K, committed 21248K, reserved 1067008K
  class space    used 3037K, capacity 3224K, committed 3328K, reserved 1048576K
Event: 81.844 GC heap after
Heap after GC invocations=4 (full 1):
 PSYoungGen      total 76288K, used 0K [0x00000000f5580000, 0x00000000fea80000, 0x0000000100000000)
  eden space 65536K, 0% used [0x00000000f5580000,0x00000000f5580000,0x00000000f9580000)
  from space 10752K, 0% used [0x00000000f9580000,0x00000000f9580000,0x00000000fa000000)
  to   space 10752K, 0% used [0x00000000fe000000,0x00000000fe000000,0x00000000fea80000)
 ParOldGen       total 175104K, used 10055K [0x00000000e0000000, 0x00000000eab00000, 0x00000000f5580000)
  object space 175104K, 5% used [0x00000000e0000000,0x00000000e09d1fb8,0x00000000eab00000)
 Metaspace       used 20562K, capacity 21086K, committed 21248K, reserved 1067008K
  class space    used 3037K, capacity 3224K, committed 3328K, reserved 1048576K
}
Event: 82.314 GC heap before
{Heap before GC invocations=5 (full 1):
 PSYoungGen      total 76288K, used 65536K [0x00000000f5580000, 0x00000000fea80000, 0x0000000100000000)
  eden space 65536K, 100% used [0x00000000f5580000,0x00000000f9580000,0x00000000f9580000)
  from space 10752K, 0% used [0x00000000f9580000,0x00000000f9580000,0x00000000fa000000)
  to   space 10752K, 0% used [0x00000000fe000000,0x00000000fe000000,0x00000000fea80000)
 ParOldGen       total 175104K, used 10055K [0x00000000e0000000, 0x00000000eab00000, 0x00000000f5580000)
  object space 175104K, 5% used [0x00000000e0000000,0x00000000e09d1fb8,0x00000000eab00000)
 Metaspace       used 28375K, capacity 28890K, committed 28928K, reserved 1075200K
  class space    used 3960K, capacity 4096K, committed 4096K, reserved 1048576K
Event: 82.320 GC heap after
Heap after GC invocations=5 (full 1):
 PSYoungGen      total 140800K, used 7986K [0x00000000f5580000, 0x00000000fea00000, 0x0000000100000000)
  eden space 130560K, 0% used [0x00000000f5580000,0x00000000f5580000,0x00000000fd500000)
  from space 10240K, 77% used [0x00000000fe000000,0x00000000fe7ccb10,0x00000000fea00000)
  to   space 10752K, 0% used [0x00000000fd500000,0x00000000fd500000,0x00000000fdf80000)
 ParOldGen       total 175104K, used 10063K [0x00000000e0000000, 0x00000000eab00000, 0x00000000f5580000)
  object space 175104K, 5% used [0x00000000e0000000,0x00000000e09d3fb8,0x00000000eab00000)
 Metaspace       used 28375K, capacity 28890K, committed 28928K, reserved 1075200K
  class space    used 3960K, capacity 4096K, committed 4096K, reserved 1048576K
}

Deoptimization events (10 events):
Event: 82.198 Thread 0x000000001aaa0000 Uncommon trap: reason=class_check action=maybe_recompile pc=0x0000000005893318 method=java.util.regex.Pattern$BmpCharProperty.match(Ljava/util/regex/Matcher;ILjava/lang/CharSequence;)Z @ 11
Event: 82.198 Thread 0x000000001aaa0000 Uncommon trap: reason=class_check action=maybe_recompile pc=0x0000000005893318 method=java.util.regex.Pattern$BmpCharProperty.match(Ljava/util/regex/Matcher;ILjava/lang/CharSequence;)Z @ 11
Event: 82.198 Thread 0x000000001aaa0000 Uncommon trap: reason=class_check action=maybe_recompile pc=0x0000000005893318 method=java.util.regex.Pattern$BmpCharProperty.match(Ljava/util/regex/Matcher;ILjava/lang/CharSequence;)Z @ 11
Event: 82.198 Thread 0x000000001aaa0000 Uncommon trap: reason=class_check action=maybe_recompile pc=0x0000000005893318 method=java.util.regex.Pattern$BmpCharProperty.match(Ljava/util/regex/Matcher;ILjava/lang/CharSequence;)Z @ 11
Event: 82.229 Thread 0x000000001aaa0000 Uncommon trap: reason=unstable_if action=reinterpret pc=0x00000000057395b0 method=java.util.LinkedHashMap.afterNodeInsertion(Z)V @ 1
Event: 82.406 Thread 0x000000001aaa0000 Uncommon trap: reason=unstable_if action=reinterpret pc=0x00000000056fe084 method=java.io.WinNTFileSystem.resolve(Ljava/lang/String;Ljava/lang/String;)Ljava/lang/String; @ 19
Event: 82.508 Thread 0x000000001aaa0000 Uncommon trap: reason=unstable_if action=reinterpret pc=0x00000000056aa8bc method=java.lang.String$CaseInsensitiveComparator.compare(Ljava/lang/String;Ljava/lang/String;)I @ 70
Event: 105.363 Thread 0x000000001aaa0000 Uncommon trap: reason=unstable_if action=reinterpret pc=0x0000000005c348cc method=java.util.WeakHashMap.put(Ljava/lang/Object;Ljava/lang/Object;)Ljava/lang/Object; @ 72
Event: 105.697 Thread 0x000000001aaa0000 Uncommon trap: reason=unstable_if action=reinterpret pc=0x00000000059de8c0 method=org.codehaus.groovy.runtime.metaclass.MetaMethodIndex.addMethodToList(Ljava/lang/Object;Lgroovy/lang/MetaMethod;)Ljava/lang/Object; @ 226
Event: 105.697 Thread 0x000000001aaa0000 Uncommon trap: reason=unstable_if action=reinterpret pc=0x0000000005d5c154 method=java.lang.Class$MethodArray.addIfNotPresent(Ljava/lang/reflect/Method;)V @ 19

Classes redefined (0 events):
No events

Internal exceptions (10 events):
Event: 105.701 Thread 0x000000001aaa0000 Exception <a 'java/lang/ClassNotFoundException': java/util/AbstractCollectionBeanInfo> (0x00000000f93201a8) thrown at [C:\re\workspace\8-2-build-windows-amd64-cygwin\jdk8u181\11358\hotspot\src\share\vm\classfile\systemDictionary.cpp, line 210]
Event: 105.701 Thread 0x000000001aaa0000 Exception <a 'java/lang/ClassNotFoundException': java/util/AbstractCollectionCustomizer> (0x00000000f9327c28) thrown at [C:\re\workspace\8-2-build-windows-amd64-cygwin\jdk8u181\11358\hotspot\src\share\vm\classfile\systemDictionary.cpp, line 210]
Event: 105.702 Thread 0x000000001aaa0000 Exception <a 'java/lang/ClassNotFoundException': java/util/AbstractSetCustomizer> (0x00000000f9339bd0) thrown at [C:\re\workspace\8-2-build-windows-amd64-cygwin\jdk8u181\11358\hotspot\src\share\vm\classfile\systemDictionary.cpp, line 210]
Event: 105.702 Thread 0x000000001aaa0000 Exception <a 'java/lang/ClassNotFoundException': java/util/HashSetCustomizer> (0x00000000f9346040) thrown at [C:\re\workspace\8-2-build-windows-amd64-cygwin\jdk8u181\11358\hotspot\src\share\vm\classfile\systemDictionary.cpp, line 210]
Event: 105.718 Thread 0x000000001aaa0000 Exception <a 'java/lang/ClassNotFoundException': org/gradle/invocation/DefaultGradle_DecoratedBeanInfo> (0x00000000f9441420) thrown at [C:\re\workspace\8-2-build-windows-amd64-cygwin\jdk8u181\11358\hotspot\src\share\vm\classfile\systemDictionary.cpp, line
Event: 105.719 Thread 0x000000001aaa0000 Exception <a 'java/lang/ClassNotFoundException': org/gradle/invocation/DefaultGradleBeanInfo> (0x00000000f946abb8) thrown at [C:\re\workspace\8-2-build-windows-amd64-cygwin\jdk8u181\11358\hotspot\src\share\vm\classfile\systemDictionary.cpp, line 210]
Event: 105.720 Thread 0x000000001aaa0000 Exception <a 'java/lang/ClassNotFoundException': org/gradle/api/internal/project/AbstractPluginAwareBeanInfo> (0x00000000f949c5a0) thrown at [C:\re\workspace\8-2-build-windows-amd64-cygwin\jdk8u181\11358\hotspot\src\share\vm\classfile\systemDictionary.cpp
Event: 105.721 Thread 0x000000001aaa0000 Exception <a 'java/lang/ClassNotFoundException': org/gradle/api/internal/project/AbstractPluginAwareCustomizer> (0x00000000f94ceab8) thrown at [C:\re\workspace\8-2-build-windows-amd64-cygwin\jdk8u181\11358\hotspot\src\share\vm\classfile\systemDictionary.c
Event: 105.722 Thread 0x000000001aaa0000 Exception <a 'java/lang/ClassNotFoundException': org/gradle/invocation/DefaultGradleCustomizer> (0x00000000f95006b0) thrown at [C:\re\workspace\8-2-build-windows-amd64-cygwin\jdk8u181\11358\hotspot\src\share\vm\classfile\systemDictionary.cpp, line 210]
Event: 105.727 Thread 0x000000001aaa0000 Exception <a 'java/lang/ClassNotFoundException': org/gradle/invocation/DefaultGradle_DecoratedCustomizer> (0x00000000f95769b8) thrown at [C:\re\workspace\8-2-build-windows-amd64-cygwin\jdk8u181\11358\hotspot\src\share\vm\classfile\systemDictionary.cpp, li

Events (10 events):
Event: 105.739 loading class org/gradle/composite/internal/DefaultNestedBuild
Event: 105.739 loading class org/gradle/composite/internal/DefaultNestedBuild done
Event: 105.744 loading class org/gradle/internal/service/scopes/GradleScopeServices$2
Event: 105.744 loading class org/gradle/internal/service/scopes/GradleScopeServices$2 done
Event: 105.745 loading class org/gradle/composite/internal/IncludedBuildControllers$1
Event: 105.745 loading class org/gradle/composite/internal/IncludedBuildControllers$1 done
Event: 105.745 loading class org/gradle/initialization/buildsrc/BuildSourceBuilder$3
Event: 105.745 loading class org/gradle/initialization/buildsrc/BuildSourceBuilder$3 done
Event: 105.747 loading class org/gradle/cache/internal/filelock/Version1LockStateSerializer
Event: 105.747 loading class org/gradle/cache/internal/filelock/Version1LockStateSerializer done


Dynamic libraries:
0x00007ff7df390000 - 0x00007ff7df3c7000 	C:\Program Files\Java\jdk1.8.0_181\bin\java.exe
0x00007ff97fff0000 - 0x00007ff9801d0000 	C:\Windows\SYSTEM32\ntdll.dll
0x00007ff97ef50000 - 0x00007ff97effe000 	C:\Windows\System32\KERNEL32.DLL
0x00007ff97cf90000 - 0x00007ff97d1f6000 	C:\Windows\System32\KERNELBASE.dll
0x00007ff97eea0000 - 0x00007ff97ef41000 	C:\Windows\System32\ADVAPI32.dll
0x00007ff97d690000 - 0x00007ff97d72d000 	C:\Windows\System32\msvcrt.dll
0x00007ff97ed10000 - 0x00007ff97ed6b000 	C:\Windows\System32\sechost.dll
0x00007ff97fe10000 - 0x00007ff97ff2f000 	C:\Windows\System32\RPCRT4.dll
0x00007ff97eb70000 - 0x00007ff97ecff000 	C:\Windows\System32\USER32.dll
0x00007ff97c440000 - 0x00007ff97c460000 	C:\Windows\System32\win32u.dll
0x00007ff97fde0000 - 0x00007ff97fe08000 	C:\Windows\System32\GDI32.dll
0x00007ff97d280000 - 0x00007ff97d413000 	C:\Windows\System32\gdi32full.dll
0x00007ff97d420000 - 0x00007ff97d4bb000 	C:\Windows\System32\msvcp_win.dll
0x00007ff97c740000 - 0x00007ff97c836000 	C:\Windows\System32\ucrtbase.dll
0x00007ff96aef0000 - 0x00007ff96b159000 	C:\Windows\WinSxS\amd64_microsoft.windows.common-controls_6595b64144ccf1df_6.0.16299.125_none_15cbcf8893620c09\COMCTL32.dll
0x00007ff97fad0000 - 0x00007ff97fdd8000 	C:\Windows\System32\combase.dll
0x00007ff97d200000 - 0x00007ff97d272000 	C:\Windows\System32\bcryptPrimitives.dll
0x00007ff97d4c0000 - 0x00007ff97d4ed000 	C:\Windows\System32\IMM32.DLL
0x0000000064880000 - 0x0000000064952000 	C:\Program Files\Java\jdk1.8.0_181\jre\bin\msvcr100.dll
0x0000000063fd0000 - 0x0000000064872000 	C:\Program Files\Java\jdk1.8.0_181\jre\bin\server\jvm.dll
0x00007ff97f8e0000 - 0x00007ff97f8e8000 	C:\Windows\System32\PSAPI.DLL
0x00007ff967870000 - 0x00007ff967879000 	C:\Windows\SYSTEM32\WSOCK32.dll
0x00007ff97f8f0000 - 0x00007ff97f95c000 	C:\Windows\System32\WS2_32.dll
0x00007ff97a5e0000 - 0x00007ff97a603000 	C:\Windows\SYSTEM32\WINMM.dll
0x00007ff977fd0000 - 0x00007ff977fda000 	C:\Windows\SYSTEM32\VERSION.dll
0x00007ff97a2b0000 - 0x00007ff97a2da000 	C:\Windows\SYSTEM32\WINMMBASE.dll
0x00007ff97c3f0000 - 0x00007ff97c43a000 	C:\Windows\System32\cfgmgr32.dll
0x0000000063fc0000 - 0x0000000063fcf000 	C:\Program Files\Java\jdk1.8.0_181\jre\bin\verify.dll
0x0000000063f90000 - 0x0000000063fb9000 	C:\Program Files\Java\jdk1.8.0_181\jre\bin\java.dll
0x0000000063f70000 - 0x0000000063f86000 	C:\Program Files\Java\jdk1.8.0_181\jre\bin\zip.dll
0x00007ff97d730000 - 0x00007ff97eb66000 	C:\Windows\System32\SHELL32.dll
0x00007ff97ed70000 - 0x00007ff97ee16000 	C:\Windows\System32\shcore.dll
0x00007ff97c840000 - 0x00007ff97cf87000 	C:\Windows\System32\windows.storage.dll
0x00007ff97ff60000 - 0x00007ff97ffb1000 	C:\Windows\System32\shlwapi.dll
0x00007ff97c3d0000 - 0x00007ff97c3e1000 	C:\Windows\System32\kernel.appcore.dll
0x00007ff97c380000 - 0x00007ff97c3cc000 	C:\Windows\System32\powrprof.dll
0x00007ff97c360000 - 0x00007ff97c37b000 	C:\Windows\System32\profapi.dll
0x0000000063f50000 - 0x0000000063f6a000 	C:\Program Files\Java\jdk1.8.0_181\jre\bin\net.dll
0x00007ff97bb20000 - 0x00007ff97bb86000 	C:\Windows\system32\mswsock.dll
0x0000000063f30000 - 0x0000000063f41000 	C:\Program Files\Java\jdk1.8.0_181\jre\bin\nio.dll
0x00007ff979050000 - 0x00007ff979076000 	D:\software\gradle-5.3.1\native\29\windows-amd64\native-platform.dll
0x0000000063d40000 - 0x0000000063d4d000 	C:\Program Files\Java\jdk1.8.0_181\jre\bin\management.dll
0x00007ff97bd40000 - 0x00007ff97bd57000 	C:\Windows\SYSTEM32\CRYPTSP.dll
0x00007ff97b730000 - 0x00007ff97b763000 	C:\Windows\system32\rsaenh.dll
0x00007ff97be50000 - 0x00007ff97be75000 	C:\Windows\SYSTEM32\bcrypt.dll
0x00007ff97c240000 - 0x00007ff97c269000 	C:\Windows\SYSTEM32\USERENV.dll
0x00007ff97bd60000 - 0x00007ff97bd6b000 	C:\Windows\SYSTEM32\CRYPTBASE.dll
0x00007ff97b8b0000 - 0x00007ff97b8e9000 	C:\Windows\SYSTEM32\IPHLPAPI.DLL
0x00007ff97ed00000 - 0x00007ff97ed08000 	C:\Windows\System32\NSI.dll
0x00007ff977370000 - 0x00007ff977386000 	C:\Windows\SYSTEM32\dhcpcsvc6.DLL
0x00007ff977340000 - 0x00007ff97735a000 	C:\Windows\SYSTEM32\dhcpcsvc.DLL

VM Arguments:
jvm_args: -XX:MaxMetaspaceSize=256m -XX:+HeapDumpOnOutOfMemoryError -Xms256m -Xmx512m -Dfile.encoding=GBK -Duser.country=CN -Duser.language=zh -Duser.variant 
java_command: org.gradle.launcher.daemon.bootstrap.GradleDaemon 5.3.1
java_class_path (initial): D:\software\gradle-5.3.1\lib\gradle-launcher-5.3.1.jar
Launcher Type: SUN_STANDARD

Environment Variables:
JAVA_HOME=C:\Program Files\Java\jdk1.8.0_181
CLASSPATH=.;C:\Program Files\Java\jdk1.8.0_181\lib\dt.jar;C:\Program Files\Java\jdk1.8.0_181\lib\tools.jar;C:\Program Files\apache-tomcat-8.5.34\lib\servlet-api.jar;
PATH=C:\Program Files (x86)\Common Files\NetSarang;C:\Program Files\Java\jdk1.8.0_181\bin;C:\Program Files (x86)\Common Files\Oracle\Java\javapath;C:\Windows\system32;C:\Windows;C:\Windows\System32\Wbem;C:\Windows\System32\WindowsPowerShell\v1.0\;C:\Program Files (x86)\NVIDIA Corporation\PhysX\Common;C:\Program Files\nodejs\;D:\software\apache-maven-3.6.0\bin;C:\Program Files\Java\jdk1.8.0_181\jre\bin;C:\Program Files\VisualSVN Server\bin;C:\Program Files\TortoiseSVN\bin;D:\software\gradle-5.3.1\bin;C:\Users\Administrator\AppData\Local\Microsoft\WindowsApps;;C:\Program Files\Microsoft VS Code\bin;C:\Users\Administrator\AppData\Roaming\npm
USERNAME=Administrator
OS=Windows_NT
PROCESSOR_IDENTIFIER=Intel64 Family 6 Model 158 Stepping 9, GenuineIntel



---------------  S Y S T E M  ---------------

OS: Windows 10.0 , 64 bit Build 16299 (10.0.16299.15)

CPU:total 8 (initial active 8) (4 cores per cpu, 2 threads per core) family 6 model 158 stepping 9, cmov, cx8, fxsr, mmx, sse, sse2, sse3, ssse3, sse4.1, sse4.2, popcnt, avx, avx2, aes, clmul, erms, rtm, 3dnowpref, lzcnt, ht, tsc, tscinvbit, bmi1, bmi2, adx

Memory: 4k page, physical 16662280k(3891520k free), swap 27148164k(4400k free)

vm_info: Java HotSpot(TM) 64-Bit Server VM (25.181-b13) for windows-amd64 JRE (1.8.0_181-b13), built on Jul  7 2018 04:01:33 by "java_re" with MS VC++ 10.0 (VS2010)

time: Sat Apr 13 14:27:18 2019
elapsed time: 106 seconds (0d 0h 1m 46s)

